2026-03-26 09:20:02.980 [background-preinit] INFO  o.h.validator.internal.util.Version - HV000001: Hibernate Validator 8.0.3.Final
2026-03-26 09:20:03.056 [main] INFO  c.w.o.r.ExecutionFillRepositoryTest - Starting ExecutionFillRepositoryTest using Java 24.0.1 with PID 9264 (started by 2478178 in C:\Users\2478178\OneDrive - Cognizant\Documents\WealthPro - Project\order-execution-service)
2026-03-26 09:20:03.057 [main] DEBUG c.w.o.r.ExecutionFillRepositoryTest - Running with Spring Boot v3.5.11, Spring v6.2.16
2026-03-26 09:20:03.058 [main] INFO  c.w.o.r.ExecutionFillRepositoryTest - The following 1 profile is active: "test"
2026-03-26 09:20:03.927 [main] INFO  o.s.d.r.c.RepositoryConfigurationDelegate - Bootstrapping Spring Data JPA repositories in DEFAULT mode.
2026-03-26 09:20:04.047 [main] INFO  o.s.d.r.c.RepositoryConfigurationDelegate - Finished Spring Data repository scanning in 101 ms. Found 4 JPA repository interfaces.
2026-03-26 09:20:04.117 [main] INFO  o.s.b.t.a.j.TestDatabaseAutoConfiguration$EmbeddedDataSourceBeanFactoryPostProcessor - Replacing 'dataSource' DataSource bean with embedded version
2026-03-26 09:20:04.355 [main] INFO  o.s.j.d.e.EmbeddedDatabaseFactory - Starting embedded database: url='jdbc:h2:mem:4f9fc312-d707-43dd-b051-4d420455a0ab;DB_CLOSE_DELAY=-1;DB_CLOSE_ON_EXIT=false', username='sa'
2026-03-26 09:20:04.939 [main] INFO  o.h.jpa.internal.util.LogHelper - HHH000204: Processing PersistenceUnitInfo [name: default]
2026-03-26 09:20:05.089 [main] INFO  org.hibernate.Version - HHH000412: Hibernate ORM core version 6.6.42.Final
2026-03-26 09:20:05.168 [main] INFO  o.h.c.i.RegionFactoryInitiator - HHH000026: Second-level cache disabled
2026-03-26 09:20:05.917 [main] INFO  o.s.o.j.p.SpringPersistenceUnitInfo - No LoadTimeWeaver setup: ignoring JPA class transformer
2026-03-26 09:20:06.102 [main] INFO  o.hibernate.orm.connections.pooling - HHH10001005: Database info:
	Database JDBC URL [Connecting through datasource 'org.springframework.jdbc.datasource.embedded.EmbeddedDatabaseFactory$EmbeddedDataSourceProxy@5a82bc58']
	Database driver: undefined/unknown
	Database version: 2.3.232
	Autocommit mode: undefined/unknown
	Isolation level: undefined/unknown
	Minimum pool size: undefined/unknown
	Maximum pool size: undefined/unknown
2026-03-26 09:20:08.319 [main] INFO  o.h.e.t.j.p.i.JtaPlatformInitiator - HHH000489: No JTA platform available (set 'hibernate.transaction.jta.platform' to enable JTA platform integration)
2026-03-26 09:20:08.446 [main] INFO  o.s.o.j.LocalContainerEntityManagerFactoryBean - Initialized JPA EntityManagerFactory for persistence unit 'default'
2026-03-26 09:20:09.764 [main] INFO  c.w.o.r.ExecutionFillRepositoryTest - Started ExecutionFillRepositoryTest in 7.761 seconds (process running for 10.174)
2026-03-26 09:20:11.741 [main] WARN  o.h.e.jdbc.spi.SqlExceptionHelper - SQL Error: 23502, SQLState: 23502
2026-03-26 09:20:11.742 [main] ERROR o.h.e.jdbc.spi.SqlExceptionHelper - NULL not allowed for column "FILL_QUANTITY"; SQL statement:
insert into execution_fills (fill_date,fill_price,fill_quantity,order_id,status,venue,fill_id) values (?,?,?,?,?,?,default) [23502-232]
2026-03-26 09:20:11.907 [main] INFO  o.s.t.c.s.AnnotationConfigContextLoaderUtils - Could not detect default configuration classes for test class [com.wealthpro.orderexecution.repository.AllocationRepositoryTest]: AllocationRepositoryTest does not declare any static, non-private, non-final, nested classes annotated with @Configuration.
2026-03-26 09:20:11.929 [main] INFO  o.s.b.t.c.SpringBootTestContextBootstrapper - Found @SpringBootConfiguration com.wealthpro.orderexecution.OrderExecutionServiceApplication for test class com.wealthpro.orderexecution.repository.AllocationRepositoryTest
2026-03-26 09:20:12.193 [main] WARN  o.h.e.jdbc.spi.SqlExceptionHelper - SQL Error: 23502, SQLState: 23502
2026-03-26 09:20:12.193 [main] ERROR o.h.e.jdbc.spi.SqlExceptionHelper - NULL not allowed for column "ACCOUNT_ID"; SQL statement:
insert into allocations (account_id,alloc_date,alloc_price,alloc_quantity,order_id,allocation_id) values (?,?,?,?,?,default) [23502-232]
2026-03-26 09:20:12.332 [main] INFO  o.s.t.c.s.AnnotationConfigContextLoaderUtils - Could not detect default configuration classes for test class [com.wealthpro.orderexecution.repository.PreTradeCheckRepositoryTest]: PreTradeCheckRepositoryTest does not declare any static, non-private, non-final, nested classes annotated with @Configuration.
2026-03-26 09:20:12.355 [main] INFO  o.s.b.t.c.SpringBootTestContextBootstrapper - Found @SpringBootConfiguration com.wealthpro.orderexecution.OrderExecutionServiceApplication for test class com.wealthpro.orderexecution.repository.PreTradeCheckRepositoryTest
2026-03-26 09:20:12.568 [main] WARN  o.h.e.jdbc.spi.SqlExceptionHelper - SQL Error: 23502, SQLState: 23502
2026-03-26 09:20:12.569 [main] ERROR o.h.e.jdbc.spi.SqlExceptionHelper - NULL not allowed for column "CHECK_TYPE"; SQL statement:
insert into pre_trade_checks (check_type,checked_date,message,order_id,result,check_id) values (?,?,?,?,?,default) [23502-232]
2026-03-26 09:20:12.696 [main] INFO  o.s.t.c.s.AnnotationConfigContextLoaderUtils - Could not detect default configuration classes for test class [com.wealthpro.orderexecution.repository.OrderRepositoryTest]: OrderRepositoryTest does not declare any static, non-private, non-final, nested classes annotated with @Configuration.
2026-03-26 09:20:12.726 [main] INFO  o.s.b.t.c.SpringBootTestContextBootstrapper - Found @SpringBootConfiguration com.wealthpro.orderexecution.OrderExecutionServiceApplication for test class com.wealthpro.orderexecution.repository.OrderRepositoryTest
2026-03-26 09:20:12.967 [main] WARN  o.h.e.jdbc.spi.SqlExceptionHelper - SQL Error: 23502, SQLState: 23502
2026-03-26 09:20:12.967 [main] ERROR o.h.e.jdbc.spi.SqlExceptionHelper - NULL not allowed for column "CLIENT_ID"; SQL statement:
insert into orders (client_id,limit_price,order_date,price_type,quantity,routed_venue,security_id,side,status,order_id) values (?,?,?,?,?,?,?,?,?,?) [23502-232]
2026-03-26 09:20:13.040 [SpringApplicationShutdownHook] INFO  o.s.o.j.LocalContainerEntityManagerFactoryBean - Closing JPA EntityManagerFactory for persistence unit 'default'
2026-03-26 09:23:26.959 [background-preinit] INFO  o.h.validator.internal.util.Version - HV000001: Hibernate Validator 8.0.3.Final
2026-03-26 09:23:27.102 [main] INFO  c.w.o.c.OrderControllerImplTest - Starting OrderControllerImplTest using Java 24.0.1 with PID 27016 (started by 2478178 in C:\Users\2478178\OneDrive - Cognizant\Documents\WealthPro - Project\order-execution-service)
2026-03-26 09:23:27.104 [main] DEBUG c.w.o.c.OrderControllerImplTest - Running with Spring Boot v3.5.11, Spring v6.2.16
2026-03-26 09:23:27.106 [main] INFO  c.w.o.c.OrderControllerImplTest - No active profile set, falling back to 1 default profile: "default"
2026-03-26 09:23:30.898 [main] INFO  o.s.b.t.m.w.SpringBootMockServletContext - Initializing Spring TestDispatcherServlet ''
2026-03-26 09:23:30.898 [main] INFO  o.s.t.w.s.TestDispatcherServlet - Initializing Servlet ''
2026-03-26 09:23:30.899 [main] INFO  o.s.t.w.s.TestDispatcherServlet - Completed initialization in 1 ms
2026-03-26 09:23:30.942 [main] INFO  c.w.o.c.OrderControllerImplTest - Started OrderControllerImplTest in 5.133 seconds (process running for 7.905)
2026-03-26 09:23:31.744 [main] INFO  o.s.t.c.s.AnnotationConfigContextLoaderUtils - Could not detect default configuration classes for test class [com.wealthpro.orderexecution.repository.AllocationRepositoryTest]: AllocationRepositoryTest does not declare any static, non-private, non-final, nested classes annotated with @Configuration.
2026-03-26 09:23:31.809 [main] INFO  o.s.b.t.c.SpringBootTestContextBootstrapper - Found @SpringBootConfiguration com.wealthpro.orderexecution.OrderExecutionServiceApplication for test class com.wealthpro.orderexecution.repository.AllocationRepositoryTest
2026-03-26 09:23:31.813 [main] INFO  o.s.b.d.r.RestartApplicationListener - Restart disabled due to context in which it is running
2026-03-26 09:23:31.864 [main] INFO  c.w.o.r.AllocationRepositoryTest - Starting AllocationRepositoryTest using Java 24.0.1 with PID 27016 (started by 2478178 in C:\Users\2478178\OneDrive - Cognizant\Documents\WealthPro - Project\order-execution-service)
2026-03-26 09:23:31.864 [main] DEBUG c.w.o.r.AllocationRepositoryTest - Running with Spring Boot v3.5.11, Spring v6.2.16
2026-03-26 09:23:31.865 [main] INFO  c.w.o.r.AllocationRepositoryTest - The following 1 profile is active: "test"
2026-03-26 09:23:32.136 [main] INFO  o.s.d.r.c.RepositoryConfigurationDelegate - Bootstrapping Spring Data JPA repositories in DEFAULT mode.
2026-03-26 09:23:32.231 [main] INFO  o.s.d.r.c.RepositoryConfigurationDelegate - Finished Spring Data repository scanning in 80 ms. Found 4 JPA repository interfaces.
2026-03-26 09:23:32.310 [main] INFO  o.s.b.t.a.j.TestDatabaseAutoConfiguration$EmbeddedDataSourceBeanFactoryPostProcessor - Replacing 'dataSource' DataSource bean with embedded version
2026-03-26 09:23:32.424 [main] INFO  o.s.j.d.e.EmbeddedDatabaseFactory - Starting embedded database: url='jdbc:h2:mem:b7b4998a-12b5-4822-a4f4-e29d184af85d;DB_CLOSE_DELAY=-1;DB_CLOSE_ON_EXIT=false', username='sa'
2026-03-26 09:23:33.109 [main] INFO  o.h.jpa.internal.util.LogHelper - HHH000204: Processing PersistenceUnitInfo [name: default]
2026-03-26 09:23:33.276 [main] INFO  org.hibernate.Version - HHH000412: Hibernate ORM core version 6.6.42.Final
2026-03-26 09:23:33.376 [main] INFO  o.h.c.i.RegionFactoryInitiator - HHH000026: Second-level cache disabled
2026-03-26 09:23:33.656 [main] INFO  o.s.o.j.p.SpringPersistenceUnitInfo - No LoadTimeWeaver setup: ignoring JPA class transformer
2026-03-26 09:23:33.848 [main] INFO  o.hibernate.orm.connections.pooling - HHH10001005: Database info:
	Database JDBC URL [Connecting through datasource 'org.springframework.jdbc.datasource.embedded.EmbeddedDatabaseFactory$EmbeddedDataSourceProxy@263ecd4b']
	Database driver: undefined/unknown
	Database version: 2.3.232
	Autocommit mode: undefined/unknown
	Isolation level: undefined/unknown
	Minimum pool size: undefined/unknown
	Maximum pool size: undefined/unknown
2026-03-26 09:23:35.353 [main] INFO  o.h.e.t.j.p.i.JtaPlatformInitiator - HHH000489: No JTA platform available (set 'hibernate.transaction.jta.platform' to enable JTA platform integration)
2026-03-26 09:23:35.421 [main] INFO  o.s.o.j.LocalContainerEntityManagerFactoryBean - Initialized JPA EntityManagerFactory for persistence unit 'default'
2026-03-26 09:23:35.882 [main] INFO  c.w.o.r.AllocationRepositoryTest - Started AllocationRepositoryTest in 4.07 seconds (process running for 12.845)
2026-03-26 09:23:36.394 [main] WARN  o.h.e.jdbc.spi.SqlExceptionHelper - SQL Error: 23502, SQLState: 23502
2026-03-26 09:23:36.394 [main] ERROR o.h.e.jdbc.spi.SqlExceptionHelper - NULL not allowed for column "ACCOUNT_ID"; SQL statement:
insert into allocations (account_id,alloc_date,alloc_price,alloc_quantity,order_id,allocation_id) values (?,?,?,?,?,default) [23502-232]
2026-03-26 09:23:36.505 [main] INFO  o.s.t.c.s.AnnotationConfigContextLoaderUtils - Could not detect default configuration classes for test class [com.wealthpro.orderexecution.repository.ExecutionFillRepositoryTest]: ExecutionFillRepositoryTest does not declare any static, non-private, non-final, nested classes annotated with @Configuration.
2026-03-26 09:23:36.526 [main] INFO  o.s.b.t.c.SpringBootTestContextBootstrapper - Found @SpringBootConfiguration com.wealthpro.orderexecution.OrderExecutionServiceApplication for test class com.wealthpro.orderexecution.repository.ExecutionFillRepositoryTest
2026-03-26 09:23:36.693 [main] WARN  o.h.e.jdbc.spi.SqlExceptionHelper - SQL Error: 23502, SQLState: 23502
2026-03-26 09:23:36.693 [main] ERROR o.h.e.jdbc.spi.SqlExceptionHelper - NULL not allowed for column "FILL_QUANTITY"; SQL statement:
insert into execution_fills (fill_date,fill_price,fill_quantity,order_id,status,venue,fill_id) values (?,?,?,?,?,?,default) [23502-232]
2026-03-26 09:23:36.792 [main] INFO  o.s.t.c.s.AnnotationConfigContextLoaderUtils - Could not detect default configuration classes for test class [com.wealthpro.orderexecution.repository.OrderRepositoryTest]: OrderRepositoryTest does not declare any static, non-private, non-final, nested classes annotated with @Configuration.
2026-03-26 09:23:36.807 [main] INFO  o.s.b.t.c.SpringBootTestContextBootstrapper - Found @SpringBootConfiguration com.wealthpro.orderexecution.OrderExecutionServiceApplication for test class com.wealthpro.orderexecution.repository.OrderRepositoryTest
2026-03-26 09:23:37.006 [main] WARN  o.h.e.jdbc.spi.SqlExceptionHelper - SQL Error: 23502, SQLState: 23502
2026-03-26 09:23:37.006 [main] ERROR o.h.e.jdbc.spi.SqlExceptionHelper - NULL not allowed for column "CLIENT_ID"; SQL statement:
insert into orders (client_id,limit_price,order_date,price_type,quantity,routed_venue,security_id,side,status,order_id) values (?,?,?,?,?,?,?,?,?,?) [23502-232]
2026-03-26 09:23:37.069 [main] INFO  o.s.t.c.s.AnnotationConfigContextLoaderUtils - Could not detect default configuration classes for test class [com.wealthpro.orderexecution.repository.PreTradeCheckRepositoryTest]: PreTradeCheckRepositoryTest does not declare any static, non-private, non-final, nested classes annotated with @Configuration.
2026-03-26 09:23:37.096 [main] INFO  o.s.b.t.c.SpringBootTestContextBootstrapper - Found @SpringBootConfiguration com.wealthpro.orderexecution.OrderExecutionServiceApplication for test class com.wealthpro.orderexecution.repository.PreTradeCheckRepositoryTest
2026-03-26 09:23:37.256 [main] WARN  o.h.e.jdbc.spi.SqlExceptionHelper - SQL Error: 23502, SQLState: 23502
2026-03-26 09:23:37.257 [main] ERROR o.h.e.jdbc.spi.SqlExceptionHelper - NULL not allowed for column "CHECK_TYPE"; SQL statement:
insert into pre_trade_checks (check_type,checked_date,message,order_id,result,check_id) values (?,?,?,?,?,default) [23502-232]
2026-03-26 09:23:38.441 [SpringApplicationShutdownHook] INFO  o.s.o.j.LocalContainerEntityManagerFactoryBean - Closing JPA EntityManagerFactory for persistence unit 'default'
