2026-05-04 10:40:36.669 [background-preinit] INFO  o.h.validator.internal.util.Version - HV000001: Hibernate Validator 8.0.3.Final
2026-05-04 10:40:36.743 [restartedMain] INFO  c.w.a.AnalyticsServiceApplication - Starting AnalyticsServiceApplication using Java 24.0.1 with PID 3252 (C:\Users\2478178\Downloads\WealthPro\WealthPro\Backend\analytics-service\target\classes started by 2478178 in C:\Users\2478178\Downloads\WealthPro\WealthPro)
2026-05-04 10:40:36.744 [restartedMain] DEBUG c.w.a.AnalyticsServiceApplication - Running with Spring Boot v3.5.11, Spring v6.2.16
2026-05-04 10:40:36.745 [restartedMain] INFO  c.w.a.AnalyticsServiceApplication - No active profile set, falling back to 1 default profile: "default"
2026-05-04 10:40:36.833 [restartedMain] INFO  o.s.b.d.e.DevToolsPropertyDefaultsPostProcessor - Devtools property defaults active! Set 'spring.devtools.add-properties' to 'false' to disable
2026-05-04 10:40:36.834 [restartedMain] INFO  o.s.b.d.e.DevToolsPropertyDefaultsPostProcessor - For additional web related logging consider setting the 'logging.level.web' property to 'DEBUG'
2026-05-04 10:40:38.941 [restartedMain] INFO  o.s.d.r.c.RepositoryConfigurationDelegate - Bootstrapping Spring Data JPA repositories in DEFAULT mode.
2026-05-04 10:40:39.179 [restartedMain] INFO  o.s.d.r.c.RepositoryConfigurationDelegate - Finished Spring Data repository scanning in 226 ms. Found 3 JPA repository interfaces.
2026-05-04 10:40:39.591 [restartedMain] INFO  o.s.cloud.context.scope.GenericScope - BeanFactory id=5a4ab00c-d08b-3174-83ae-17c38be69188
2026-05-04 10:40:40.655 [restartedMain] INFO  o.s.b.w.e.tomcat.TomcatWebServer - Tomcat initialized with port 8082 (http)
2026-05-04 10:40:40.673 [restartedMain] INFO  o.a.coyote.http11.Http11NioProtocol - Initializing ProtocolHandler ["http-nio-8082"]
2026-05-04 10:40:40.677 [restartedMain] INFO  o.a.catalina.core.StandardService - Starting service [Tomcat]
2026-05-04 10:40:40.678 [restartedMain] INFO  o.a.catalina.core.StandardEngine - Starting Servlet engine: [Apache Tomcat/10.1.52]
2026-05-04 10:40:40.764 [restartedMain] INFO  o.a.c.c.C.[Tomcat].[localhost].[/] - Initializing Spring embedded WebApplicationContext
2026-05-04 10:40:40.765 [restartedMain] INFO  o.s.b.w.s.c.ServletWebServerApplicationContext - Root WebApplicationContext: initialization completed in 3931 ms
2026-05-04 10:40:41.370 [restartedMain] INFO  o.h.jpa.internal.util.LogHelper - HHH000204: Processing PersistenceUnitInfo [name: default]
2026-05-04 10:40:41.447 [restartedMain] INFO  org.hibernate.Version - HHH000412: Hibernate ORM core version 6.6.42.Final
2026-05-04 10:40:41.494 [restartedMain] INFO  o.h.c.i.RegionFactoryInitiator - HHH000026: Second-level cache disabled
2026-05-04 10:40:41.899 [restartedMain] INFO  o.s.o.j.p.SpringPersistenceUnitInfo - No LoadTimeWeaver setup: ignoring JPA class transformer
2026-05-04 10:40:41.948 [restartedMain] INFO  com.zaxxer.hikari.HikariDataSource - HikariPool-1 - Starting...
2026-05-04 10:40:42.467 [restartedMain] INFO  com.zaxxer.hikari.pool.HikariPool - HikariPool-1 - Added connection com.mysql.cj.jdbc.ConnectionImpl@6256742d
2026-05-04 10:40:42.470 [restartedMain] INFO  com.zaxxer.hikari.HikariDataSource - HikariPool-1 - Start completed.
2026-05-04 10:40:42.606 [restartedMain] INFO  o.hibernate.orm.connections.pooling - HHH10001005: Database info:
	Database JDBC URL [Connecting through datasource 'HikariDataSource (HikariPool-1)']
	Database driver: undefined/unknown
	Database version: 8.0.44
	Autocommit mode: undefined/unknown
	Isolation level: undefined/unknown
	Minimum pool size: undefined/unknown
	Maximum pool size: undefined/unknown
2026-05-04 10:40:43.876 [restartedMain] INFO  o.h.e.t.j.p.i.JtaPlatformInitiator - HHH000489: No JTA platform available (set 'hibernate.transaction.jta.platform' to enable JTA platform integration)
2026-05-04 10:40:43.942 [restartedMain] INFO  o.s.o.j.LocalContainerEntityManagerFactoryBean - Initialized JPA EntityManagerFactory for persistence unit 'default'
2026-05-04 10:40:44.912 [restartedMain] WARN  o.s.b.a.o.j.JpaBaseConfiguration$JpaWebConfiguration - spring.jpa.open-in-view is enabled by default. Therefore, database queries may be performed during view rendering. Explicitly configure spring.jpa.open-in-view to disable this warning
2026-05-04 10:40:44.977 [restartedMain] WARN  o.s.b.d.a.OptionalLiveReloadServer - Unable to start LiveReload server
2026-05-04 10:40:45.058 [restartedMain] INFO  o.s.c.o.FeignClientFactoryBean - For 'pbor-service' URL not provided. Will try picking an instance via load-balancing.
2026-05-04 10:40:45.158 [restartedMain] INFO  o.s.c.o.FeignClientFactoryBean - For 'wealthpro-service' URL not provided. Will try picking an instance via load-balancing.
2026-05-04 10:40:45.188 [restartedMain] INFO  o.s.c.o.FeignClientFactoryBean - For 'notifications-service' URL not provided. Will try picking an instance via load-balancing.
2026-05-04 10:40:45.243 [restartedMain] INFO  o.s.c.o.FeignClientFactoryBean - For 'PBOR-SERVICE' URL not provided. Will try picking an instance via load-balancing.
2026-05-04 10:40:47.056 [restartedMain] INFO  o.s.c.n.e.c.DiscoveryClientOptionalArgsConfiguration - Eureka HTTP Client uses RestTemplate.
2026-05-04 10:40:47.115 [restartedMain] WARN  o.s.c.l.c.LoadBalancerCacheAutoConfiguration$LoadBalancerCaffeineWarnLogger - Spring Cloud LoadBalancer is currently working with the default cache. While this cache implementation is useful for development and tests, it's recommended to use Caffeine cache in production.You can switch to using Caffeine cache, by adding it and org.springframework.cache.caffeine.CaffeineCacheManager to the classpath.
2026-05-04 10:40:47.147 [restartedMain] INFO  o.s.b.a.e.web.EndpointLinksResolver - Exposing 17 endpoints beneath base path '/actuator'
2026-05-04 10:40:47.285 [restartedMain] INFO  o.s.c.n.eureka.InstanceInfoFactory - Setting initial instance status as: STARTING
2026-05-04 10:40:47.321 [restartedMain] INFO  c.netflix.discovery.DiscoveryClient - Initializing Eureka in region us-east-1
2026-05-04 10:40:47.327 [restartedMain] INFO  c.n.d.s.r.aws.ConfigClusterResolver - Resolving eureka endpoints via configuration
2026-05-04 10:40:47.340 [restartedMain] INFO  c.netflix.discovery.DiscoveryClient - Disable delta property : false
2026-05-04 10:40:47.340 [restartedMain] INFO  c.netflix.discovery.DiscoveryClient - Single vip registry refresh property : null
2026-05-04 10:40:47.340 [restartedMain] INFO  c.netflix.discovery.DiscoveryClient - Force full registry fetch : false
2026-05-04 10:40:47.340 [restartedMain] INFO  c.netflix.discovery.DiscoveryClient - Application is null : false
2026-05-04 10:40:47.340 [restartedMain] INFO  c.netflix.discovery.DiscoveryClient - Registered Applications size is zero : true
2026-05-04 10:40:47.340 [restartedMain] INFO  c.netflix.discovery.DiscoveryClient - Application version is -1: true
2026-05-04 10:40:47.340 [restartedMain] INFO  c.netflix.discovery.DiscoveryClient - Getting all instance registry info from the eureka server
2026-05-04 10:40:47.779 [restartedMain] INFO  c.netflix.discovery.DiscoveryClient - The response status is 200
2026-05-04 10:40:47.783 [restartedMain] INFO  c.netflix.discovery.DiscoveryClient - Starting heartbeat executor: renew interval is: 30
2026-05-04 10:40:47.787 [restartedMain] INFO  c.n.discovery.InstanceInfoReplicator - InstanceInfoReplicator onDemand update allowed rate per min is 4
2026-05-04 10:40:47.790 [restartedMain] INFO  c.netflix.discovery.DiscoveryClient - Discovery Client initialized at timestamp 1777871447789 with initial instances count: 1
2026-05-04 10:40:47.802 [restartedMain] INFO  o.s.c.n.e.s.EurekaServiceRegistry - Registering application ANALYTICS-SERVICE with eureka with status UP
2026-05-04 10:40:47.803 [restartedMain] INFO  c.netflix.discovery.DiscoveryClient - Saw local status change event StatusChangeEvent [timestamp=1777871447803, current=UP, previous=STARTING]
2026-05-04 10:40:47.806 [restartedMain] INFO  o.a.coyote.http11.Http11NioProtocol - Starting ProtocolHandler ["http-nio-8082"]
2026-05-04 10:40:47.807 [DiscoveryClient-InstanceInfoReplicator-%d] INFO  c.netflix.discovery.DiscoveryClient - DiscoveryClient_ANALYTICS-SERVICE/LTIN699679.cts.com:analytics-service:8082: registering service...
2026-05-04 10:40:47.853 [restartedMain] INFO  o.s.b.w.e.tomcat.TomcatWebServer - Tomcat started on port 8082 (http) with context path '/'
2026-05-04 10:40:47.855 [restartedMain] INFO  o.s.c.n.e.s.EurekaAutoServiceRegistration - Updating port to 8082
2026-05-04 10:40:47.890 [restartedMain] INFO  c.w.a.AnalyticsServiceApplication - Started AnalyticsServiceApplication in 12.139 seconds (process running for 13.258)
2026-05-04 10:40:47.904 [DiscoveryClient-InstanceInfoReplicator-%d] INFO  c.netflix.discovery.DiscoveryClient - DiscoveryClient_ANALYTICS-SERVICE/LTIN699679.cts.com:analytics-service:8082 - registration status: 204
2026-05-04 10:40:48.081 [registrationTask1] INFO  d.c.b.a.c.r.ApplicationRegistrator - Application registered itself as 82d4774aa745
2026-05-04 10:40:48.155 [http-nio-8082-exec-1] INFO  o.a.c.c.C.[Tomcat].[localhost].[/] - Initializing Spring DispatcherServlet 'dispatcherServlet'
2026-05-04 10:40:48.156 [http-nio-8082-exec-1] INFO  o.s.web.servlet.DispatcherServlet - Initializing Servlet 'dispatcherServlet'
2026-05-04 10:40:48.160 [http-nio-8082-exec-1] INFO  o.s.web.servlet.DispatcherServlet - Completed initialization in 3 ms
2026-05-04 10:44:22.230 [http-nio-8082-exec-6] INFO  c.w.analytics.aspect.LoggingAspect - >> ENTER: AnalyticsControllerImpl.getPerformance() with arguments = [1, ROLE_CLIENT, 1]
2026-05-04 10:44:22.230 [http-nio-8082-exec-8] INFO  c.w.analytics.aspect.LoggingAspect - >> ENTER: AnalyticsControllerImpl.getRiskMeasures() with arguments = [1, ROLE_CLIENT, 1]
2026-05-04 10:44:22.470 [http-nio-8082-exec-6] INFO  c.w.analytics.aspect.LoggingAspect - >> ENTER: AnalyticsServiceImpl.getPerformanceByAccountId() with arguments = [1]
2026-05-04 10:44:22.470 [http-nio-8082-exec-8] INFO  c.w.analytics.aspect.LoggingAspect - >> ENTER: AnalyticsServiceImpl.getRiskMeasuresByAccountId() with arguments = [1]
2026-05-04 10:44:22.876 [http-nio-8082-exec-6] INFO  c.w.analytics.aspect.LoggingAspect - << EXIT:  AnalyticsServiceImpl.getPerformanceByAccountId() returned = [PerformanceRecordResponseDTO(recordId=1, accountId=1, portfolioId=1, period=DAILY, startDate=2025-03-31, endDate=2025-03-31, returnPercentage=2.82, benchmarkReturnPercentage=2.1, calculatedAt=2025-03-31T18:00), PerformanceRecordResponseDTO(recordId=6, accountId=1, portfolioId=1, period=MONTHLY, startDate=2025-03-01, endDate=2025-03-31, returnPercentage=8.5, benchmarkReturnPercentage=7.2, calculatedAt=2025-03-31T18:30)] | executed in 405 ms
2026-05-04 10:44:22.877 [http-nio-8082-exec-8] INFO  c.w.analytics.aspect.LoggingAspect - << EXIT:  AnalyticsServiceImpl.getRiskMeasuresByAccountId() returned = [RiskMeasureResponseDTO(measureId=1, accountId=1, measureType=VOLATILITY, measureValue=18.55, description=Annualised portfolio volatility based on 30-day daily returns, calculatedAt=2025-03-31T18:00), RiskMeasureResponseDTO(measureId=2, accountId=1, measureType=MAX_DRAWDOWN, measureValue=-12.3, description=Maximum peak-to-trough drawdown over last 12 months, calculatedAt=2025-03-31T18:00), RiskMeasureResponseDTO(measureId=3, accountId=1, measureType=VAR_95, measureValue=2.85, description=95% Value-at-Risk ÔÇö 1-day loss not exceeding this at 95% confidence, calculatedAt=2025-03-31T18:00), RiskMeasureResponseDTO(measureId=4, accountId=1, measureType=TRACKING_ERROR, measureValue=1.42, description=Tracking error vs Nifty 50 benchmark over 6 months, calculatedAt=2025-03-31T18:00)] | executed in 406 ms
2026-05-04 10:44:22.893 [http-nio-8082-exec-6] INFO  c.w.analytics.aspect.LoggingAspect - << EXIT:  AnalyticsControllerImpl.getPerformance() returned = <200 OK OK,[PerformanceRecordResponseDTO(recordId=1, accountId=1, portfolioId=1, period=DAILY, startDate=2025-03-31, endDate=2025-03-31, returnPercentage=2.82, benchmarkReturnPercentage=2.1, calculatedAt=2025-03-31T18:00), PerformanceRecordResponseDTO(recordId=6, accountId=1, portfolioId=1, period=MONTHLY, startDate=2025-03-01, endDate=2025-03-31, returnPercentage=8.5, benchmarkReturnPercentage=7.2, calculatedAt=2025-03-31T18:30)],[]> | executed in 662 ms
2026-05-04 10:44:22.893 [http-nio-8082-exec-8] INFO  c.w.analytics.aspect.LoggingAspect - << EXIT:  AnalyticsControllerImpl.getRiskMeasures() returned = <200 OK OK,[RiskMeasureResponseDTO(measureId=1, accountId=1, measureType=VOLATILITY, measureValue=18.55, description=Annualised portfolio volatility based on 30-day daily returns, calculatedAt=2025-03-31T18:00), RiskMeasureResponseDTO(measureId=2, accountId=1, measureType=MAX_DRAWDOWN, measureValue=-12.3, description=Maximum peak-to-trough drawdown over last 12 months, calculatedAt=2025-03-31T18:00), RiskMeasureResponseDTO(measureId=3, accountId=1, measureType=VAR_95, measureValue=2.85, description=95% Value-at-Risk ÔÇö 1-day loss not exceeding this at 95% confidence, calculatedAt=2025-03-31T18:00), RiskMeasureResponseDTO(measureId=4, accountId=1, measureType=TRACKING_ERROR, measureValue=1.42, description=Tracking error vs Nifty 50 benchmark over 6 months, calculatedAt=2025-03-31T18:00)],[]> | executed in 662 ms
2026-05-04 10:44:22.941 [http-nio-8082-exec-9] INFO  c.w.analytics.aspect.LoggingAspect - >> ENTER: AnalyticsControllerImpl.getRiskMeasures() with arguments = [1, ROLE_CLIENT, 1]
2026-05-04 10:44:22.945 [http-nio-8082-exec-10] INFO  c.w.analytics.aspect.LoggingAspect - >> ENTER: AnalyticsControllerImpl.getPerformance() with arguments = [1, ROLE_CLIENT, 1]
2026-05-04 10:44:22.960 [http-nio-8082-exec-10] INFO  c.w.analytics.aspect.LoggingAspect - << EXIT:  AnalyticsControllerImpl.getPerformance() returned = <200 OK OK,[PerformanceRecordResponseDTO(recordId=1, accountId=1, portfolioId=1, period=DAILY, startDate=2025-03-31, endDate=2025-03-31, returnPercentage=2.82, benchmarkReturnPercentage=2.1, calculatedAt=2025-03-31T18:00), PerformanceRecordResponseDTO(recordId=6, accountId=1, portfolioId=1, period=MONTHLY, startDate=2025-03-01, endDate=2025-03-31, returnPercentage=8.5, benchmarkReturnPercentage=7.2, calculatedAt=2025-03-31T18:30)],[]> | executed in 15 ms
2026-05-04 10:44:22.960 [http-nio-8082-exec-9] INFO  c.w.analytics.aspect.LoggingAspect - << EXIT:  AnalyticsControllerImpl.getRiskMeasures() returned = <200 OK OK,[RiskMeasureResponseDTO(measureId=1, accountId=1, measureType=VOLATILITY, measureValue=18.55, description=Annualised portfolio volatility based on 30-day daily returns, calculatedAt=2025-03-31T18:00), RiskMeasureResponseDTO(measureId=2, accountId=1, measureType=MAX_DRAWDOWN, measureValue=-12.3, description=Maximum peak-to-trough drawdown over last 12 months, calculatedAt=2025-03-31T18:00), RiskMeasureResponseDTO(measureId=3, accountId=1, measureType=VAR_95, measureValue=2.85, description=95% Value-at-Risk ÔÇö 1-day loss not exceeding this at 95% confidence, calculatedAt=2025-03-31T18:00), RiskMeasureResponseDTO(measureId=4, accountId=1, measureType=TRACKING_ERROR, measureValue=1.42, description=Tracking error vs Nifty 50 benchmark over 6 months, calculatedAt=2025-03-31T18:00)],[]> | executed in 18 ms
2026-05-04 10:44:49.253 [http-nio-8082-exec-2] INFO  c.w.analytics.aspect.LoggingAspect - >> ENTER: AnalyticsControllerImpl.getRiskMeasures() with arguments = [1, ROLE_CLIENT, 1]
2026-05-04 10:44:49.253 [http-nio-8082-exec-5] INFO  c.w.analytics.aspect.LoggingAspect - >> ENTER: AnalyticsControllerImpl.getPerformance() with arguments = [1, ROLE_CLIENT, 1]
2026-05-04 10:44:49.268 [http-nio-8082-exec-5] INFO  c.w.analytics.aspect.LoggingAspect - << EXIT:  AnalyticsControllerImpl.getPerformance() returned = <200 OK OK,[PerformanceRecordResponseDTO(recordId=1, accountId=1, portfolioId=1, period=DAILY, startDate=2025-03-31, endDate=2025-03-31, returnPercentage=2.82, benchmarkReturnPercentage=2.1, calculatedAt=2025-03-31T18:00), PerformanceRecordResponseDTO(recordId=6, accountId=1, portfolioId=1, period=MONTHLY, startDate=2025-03-01, endDate=2025-03-31, returnPercentage=8.5, benchmarkReturnPercentage=7.2, calculatedAt=2025-03-31T18:30)],[]> | executed in 15 ms
2026-05-04 10:44:49.269 [http-nio-8082-exec-2] INFO  c.w.analytics.aspect.LoggingAspect - << EXIT:  AnalyticsControllerImpl.getRiskMeasures() returned = <200 OK OK,[RiskMeasureResponseDTO(measureId=1, accountId=1, measureType=VOLATILITY, measureValue=18.55, description=Annualised portfolio volatility based on 30-day daily returns, calculatedAt=2025-03-31T18:00), RiskMeasureResponseDTO(measureId=2, accountId=1, measureType=MAX_DRAWDOWN, measureValue=-12.3, description=Maximum peak-to-trough drawdown over last 12 months, calculatedAt=2025-03-31T18:00), RiskMeasureResponseDTO(measureId=3, accountId=1, measureType=VAR_95, measureValue=2.85, description=95% Value-at-Risk ÔÇö 1-day loss not exceeding this at 95% confidence, calculatedAt=2025-03-31T18:00), RiskMeasureResponseDTO(measureId=4, accountId=1, measureType=TRACKING_ERROR, measureValue=1.42, description=Tracking error vs Nifty 50 benchmark over 6 months, calculatedAt=2025-03-31T18:00)],[]> | executed in 16 ms
2026-05-04 10:44:49.299 [http-nio-8082-exec-3] INFO  c.w.analytics.aspect.LoggingAspect - >> ENTER: AnalyticsControllerImpl.getRiskMeasures() with arguments = [1, ROLE_CLIENT, 1]
2026-05-04 10:44:49.299 [http-nio-8082-exec-4] INFO  c.w.analytics.aspect.LoggingAspect - >> ENTER: AnalyticsControllerImpl.getPerformance() with arguments = [1, ROLE_CLIENT, 1]
2026-05-04 10:44:49.310 [http-nio-8082-exec-4] INFO  c.w.analytics.aspect.LoggingAspect - << EXIT:  AnalyticsControllerImpl.getPerformance() returned = <200 OK OK,[PerformanceRecordResponseDTO(recordId=1, accountId=1, portfolioId=1, period=DAILY, startDate=2025-03-31, endDate=2025-03-31, returnPercentage=2.82, benchmarkReturnPercentage=2.1, calculatedAt=2025-03-31T18:00), PerformanceRecordResponseDTO(recordId=6, accountId=1, portfolioId=1, period=MONTHLY, startDate=2025-03-01, endDate=2025-03-31, returnPercentage=8.5, benchmarkReturnPercentage=7.2, calculatedAt=2025-03-31T18:30)],[]> | executed in 10 ms
2026-05-04 10:44:49.310 [http-nio-8082-exec-3] INFO  c.w.analytics.aspect.LoggingAspect - << EXIT:  AnalyticsControllerImpl.getRiskMeasures() returned = <200 OK OK,[RiskMeasureResponseDTO(measureId=1, accountId=1, measureType=VOLATILITY, measureValue=18.55, description=Annualised portfolio volatility based on 30-day daily returns, calculatedAt=2025-03-31T18:00), RiskMeasureResponseDTO(measureId=2, accountId=1, measureType=MAX_DRAWDOWN, measureValue=-12.3, description=Maximum peak-to-trough drawdown over last 12 months, calculatedAt=2025-03-31T18:00), RiskMeasureResponseDTO(measureId=3, accountId=1, measureType=VAR_95, measureValue=2.85, description=95% Value-at-Risk ÔÇö 1-day loss not exceeding this at 95% confidence, calculatedAt=2025-03-31T18:00), RiskMeasureResponseDTO(measureId=4, accountId=1, measureType=TRACKING_ERROR, measureValue=1.42, description=Tracking error vs Nifty 50 benchmark over 6 months, calculatedAt=2025-03-31T18:00)],[]> | executed in 10 ms
2026-05-04 10:44:59.080 [http-nio-8082-exec-8] INFO  c.w.analytics.aspect.LoggingAspect - >> ENTER: AnalyticsControllerImpl.getRiskMeasures() with arguments = [1, ROLE_CLIENT, 1]
2026-05-04 10:44:59.080 [http-nio-8082-exec-6] INFO  c.w.analytics.aspect.LoggingAspect - >> ENTER: AnalyticsControllerImpl.getPerformance() with arguments = [1, ROLE_CLIENT, 1]
2026-05-04 10:44:59.095 [http-nio-8082-exec-6] INFO  c.w.analytics.aspect.LoggingAspect - << EXIT:  AnalyticsControllerImpl.getPerformance() returned = <200 OK OK,[PerformanceRecordResponseDTO(recordId=1, accountId=1, portfolioId=1, period=DAILY, startDate=2025-03-31, endDate=2025-03-31, returnPercentage=2.82, benchmarkReturnPercentage=2.1, calculatedAt=2025-03-31T18:00), PerformanceRecordResponseDTO(recordId=6, accountId=1, portfolioId=1, period=MONTHLY, startDate=2025-03-01, endDate=2025-03-31, returnPercentage=8.5, benchmarkReturnPercentage=7.2, calculatedAt=2025-03-31T18:30)],[]> | executed in 14 ms
2026-05-04 10:44:59.096 [http-nio-8082-exec-8] INFO  c.w.analytics.aspect.LoggingAspect - << EXIT:  AnalyticsControllerImpl.getRiskMeasures() returned = <200 OK OK,[RiskMeasureResponseDTO(measureId=1, accountId=1, measureType=VOLATILITY, measureValue=18.55, description=Annualised portfolio volatility based on 30-day daily returns, calculatedAt=2025-03-31T18:00), RiskMeasureResponseDTO(measureId=2, accountId=1, measureType=MAX_DRAWDOWN, measureValue=-12.3, description=Maximum peak-to-trough drawdown over last 12 months, calculatedAt=2025-03-31T18:00), RiskMeasureResponseDTO(measureId=3, accountId=1, measureType=VAR_95, measureValue=2.85, description=95% Value-at-Risk ÔÇö 1-day loss not exceeding this at 95% confidence, calculatedAt=2025-03-31T18:00), RiskMeasureResponseDTO(measureId=4, accountId=1, measureType=TRACKING_ERROR, measureValue=1.42, description=Tracking error vs Nifty 50 benchmark over 6 months, calculatedAt=2025-03-31T18:00)],[]> | executed in 16 ms
2026-05-04 10:44:59.121 [http-nio-8082-exec-10] INFO  c.w.analytics.aspect.LoggingAspect - >> ENTER: AnalyticsControllerImpl.getRiskMeasures() with arguments = [1, ROLE_CLIENT, 1]
2026-05-04 10:44:59.122 [http-nio-8082-exec-9] INFO  c.w.analytics.aspect.LoggingAspect - >> ENTER: AnalyticsControllerImpl.getPerformance() with arguments = [1, ROLE_CLIENT, 1]
2026-05-04 10:44:59.132 [http-nio-8082-exec-9] INFO  c.w.analytics.aspect.LoggingAspect - << EXIT:  AnalyticsControllerImpl.getPerformance() returned = <200 OK OK,[PerformanceRecordResponseDTO(recordId=1, accountId=1, portfolioId=1, period=DAILY, startDate=2025-03-31, endDate=2025-03-31, returnPercentage=2.82, benchmarkReturnPercentage=2.1, calculatedAt=2025-03-31T18:00), PerformanceRecordResponseDTO(recordId=6, accountId=1, portfolioId=1, period=MONTHLY, startDate=2025-03-01, endDate=2025-03-31, returnPercentage=8.5, benchmarkReturnPercentage=7.2, calculatedAt=2025-03-31T18:30)],[]> | executed in 10 ms
2026-05-04 10:44:59.132 [http-nio-8082-exec-10] INFO  c.w.analytics.aspect.LoggingAspect - << EXIT:  AnalyticsControllerImpl.getRiskMeasures() returned = <200 OK OK,[RiskMeasureResponseDTO(measureId=1, accountId=1, measureType=VOLATILITY, measureValue=18.55, description=Annualised portfolio volatility based on 30-day daily returns, calculatedAt=2025-03-31T18:00), RiskMeasureResponseDTO(measureId=2, accountId=1, measureType=MAX_DRAWDOWN, measureValue=-12.3, description=Maximum peak-to-trough drawdown over last 12 months, calculatedAt=2025-03-31T18:00), RiskMeasureResponseDTO(measureId=3, accountId=1, measureType=VAR_95, measureValue=2.85, description=95% Value-at-Risk ÔÇö 1-day loss not exceeding this at 95% confidence, calculatedAt=2025-03-31T18:00), RiskMeasureResponseDTO(measureId=4, accountId=1, measureType=TRACKING_ERROR, measureValue=1.42, description=Tracking error vs Nifty 50 benchmark over 6 months, calculatedAt=2025-03-31T18:00)],[]> | executed in 10 ms
2026-05-04 10:45:47.358 [AsyncResolver-bootstrap-executor-%d] INFO  c.n.d.s.r.aws.ConfigClusterResolver - Resolving eureka endpoints via configuration
2026-05-04 10:50:47.370 [AsyncResolver-bootstrap-executor-%d] INFO  c.n.d.s.r.aws.ConfigClusterResolver - Resolving eureka endpoints via configuration
2026-05-04 10:55:47.380 [AsyncResolver-bootstrap-executor-%d] INFO  c.n.d.s.r.aws.ConfigClusterResolver - Resolving eureka endpoints via configuration
2026-05-04 10:57:35.086 [http-nio-8082-exec-6] INFO  c.w.analytics.aspect.LoggingAspect - >> ENTER: AnalyticsControllerImpl.getPerformance() with arguments = [11, ROLE_RM, null]
2026-05-04 10:57:35.087 [http-nio-8082-exec-8] INFO  c.w.analytics.aspect.LoggingAspect - >> ENTER: AnalyticsControllerImpl.getRiskMeasures() with arguments = [11, ROLE_RM, null]
2026-05-04 10:57:35.090 [http-nio-8082-exec-6] INFO  c.w.analytics.aspect.LoggingAspect - >> ENTER: AnalyticsServiceImpl.getPerformanceByAccountId() with arguments = [11]
2026-05-04 10:57:35.090 [http-nio-8082-exec-8] INFO  c.w.analytics.aspect.LoggingAspect - >> ENTER: AnalyticsServiceImpl.getRiskMeasuresByAccountId() with arguments = [11]
2026-05-04 10:57:35.098 [http-nio-8082-exec-8] INFO  c.w.analytics.aspect.LoggingAspect - << EXIT:  AnalyticsServiceImpl.getRiskMeasuresByAccountId() returned = [RiskMeasureResponseDTO(measureId=11, accountId=11, measureType=VOLATILITY, measureValue=12.5, description=Annualised vol from daily returns, calculatedAt=2026-04-22T00:00), RiskMeasureResponseDTO(measureId=12, accountId=11, measureType=VAR_95, measureValue=-3.4, description=Daily VaR 95%, calculatedAt=2026-04-22T00:00)] | executed in 8 ms
2026-05-04 10:57:35.099 [http-nio-8082-exec-6] INFO  c.w.analytics.aspect.LoggingAspect - << EXIT:  AnalyticsServiceImpl.getPerformanceByAccountId() returned = [PerformanceRecordResponseDTO(recordId=11, accountId=11, portfolioId=11, period=MONTHLY, startDate=2025-04-01, endDate=2025-04-30, returnPercentage=3.45, benchmarkReturnPercentage=2.8, calculatedAt=2025-05-01T00:01), PerformanceRecordResponseDTO(recordId=12, accountId=11, portfolioId=11, period=MONTHLY, startDate=2025-05-01, endDate=2025-05-31, returnPercentage=2.1, benchmarkReturnPercentage=1.95, calculatedAt=2025-06-01T00:01), PerformanceRecordResponseDTO(recordId=35, accountId=11, portfolioId=11, period=DAILY, startDate=2026-04-15, endDate=2026-04-15, returnPercentage=0.85, benchmarkReturnPercentage=0.62, calculatedAt=2026-04-15T18:00)] | executed in 9 ms
2026-05-04 10:57:35.101 [http-nio-8082-exec-8] INFO  c.w.analytics.aspect.LoggingAspect - << EXIT:  AnalyticsControllerImpl.getRiskMeasures() returned = <200 OK OK,[RiskMeasureResponseDTO(measureId=11, accountId=11, measureType=VOLATILITY, measureValue=12.5, description=Annualised vol from daily returns, calculatedAt=2026-04-22T00:00), RiskMeasureResponseDTO(measureId=12, accountId=11, measureType=VAR_95, measureValue=-3.4, description=Daily VaR 95%, calculatedAt=2026-04-22T00:00)],[]> | executed in 14 ms
2026-05-04 10:57:35.102 [http-nio-8082-exec-6] INFO  c.w.analytics.aspect.LoggingAspect - << EXIT:  AnalyticsControllerImpl.getPerformance() returned = <200 OK OK,[PerformanceRecordResponseDTO(recordId=11, accountId=11, portfolioId=11, period=MONTHLY, startDate=2025-04-01, endDate=2025-04-30, returnPercentage=3.45, benchmarkReturnPercentage=2.8, calculatedAt=2025-05-01T00:01), PerformanceRecordResponseDTO(recordId=12, accountId=11, portfolioId=11, period=MONTHLY, startDate=2025-05-01, endDate=2025-05-31, returnPercentage=2.1, benchmarkReturnPercentage=1.95, calculatedAt=2025-06-01T00:01), PerformanceRecordResponseDTO(recordId=35, accountId=11, portfolioId=11, period=DAILY, startDate=2026-04-15, endDate=2026-04-15, returnPercentage=0.85, benchmarkReturnPercentage=0.62, calculatedAt=2026-04-15T18:00)],[]> | executed in 15 ms
2026-05-04 10:57:56.647 [http-nio-8082-exec-1] INFO  c.w.analytics.aspect.LoggingAspect - >> ENTER: AnalyticsControllerImpl.getRiskMeasures() with arguments = [2, ROLE_RM, null]
2026-05-04 10:57:56.651 [http-nio-8082-exec-10] INFO  c.w.analytics.aspect.LoggingAspect - >> ENTER: AnalyticsControllerImpl.getPerformance() with arguments = [2, ROLE_RM, null]
2026-05-04 10:57:56.651 [http-nio-8082-exec-1] INFO  c.w.analytics.aspect.LoggingAspect - >> ENTER: AnalyticsServiceImpl.getRiskMeasuresByAccountId() with arguments = [2]
2026-05-04 10:57:56.656 [http-nio-8082-exec-10] INFO  c.w.analytics.aspect.LoggingAspect - >> ENTER: AnalyticsServiceImpl.getPerformanceByAccountId() with arguments = [2]
2026-05-04 10:57:56.662 [http-nio-8082-exec-1] INFO  c.w.analytics.aspect.LoggingAspect - << EXIT:  AnalyticsServiceImpl.getRiskMeasuresByAccountId() returned = [RiskMeasureResponseDTO(measureId=5, accountId=2, measureType=VOLATILITY, measureValue=22.1, description=Higher volatility due to aggressive equity exposure, calculatedAt=2025-03-31T18:00), RiskMeasureResponseDTO(measureId=6, accountId=2, measureType=MAX_DRAWDOWN, measureValue=-18.75, description=Max drawdown for aggressive profile over 12 months, calculatedAt=2025-03-31T18:00)] | executed in 10 ms
2026-05-04 10:57:56.665 [http-nio-8082-exec-1] INFO  c.w.analytics.aspect.LoggingAspect - << EXIT:  AnalyticsControllerImpl.getRiskMeasures() returned = <200 OK OK,[RiskMeasureResponseDTO(measureId=5, accountId=2, measureType=VOLATILITY, measureValue=22.1, description=Higher volatility due to aggressive equity exposure, calculatedAt=2025-03-31T18:00), RiskMeasureResponseDTO(measureId=6, accountId=2, measureType=MAX_DRAWDOWN, measureValue=-18.75, description=Max drawdown for aggressive profile over 12 months, calculatedAt=2025-03-31T18:00)],[]> | executed in 18 ms
2026-05-04 10:57:56.665 [http-nio-8082-exec-10] INFO  c.w.analytics.aspect.LoggingAspect - << EXIT:  AnalyticsServiceImpl.getPerformanceByAccountId() returned = [PerformanceRecordResponseDTO(recordId=2, accountId=2, portfolioId=2, period=DAILY, startDate=2025-03-31, endDate=2025-03-31, returnPercentage=1.95, benchmarkReturnPercentage=2.1, calculatedAt=2025-03-31T18:00), PerformanceRecordResponseDTO(recordId=7, accountId=2, portfolioId=2, period=MONTHLY, startDate=2025-03-01, endDate=2025-03-31, returnPercentage=6.75, benchmarkReturnPercentage=7.2, calculatedAt=2025-03-31T18:30)] | executed in 9 ms
2026-05-04 10:57:56.669 [http-nio-8082-exec-10] INFO  c.w.analytics.aspect.LoggingAspect - << EXIT:  AnalyticsControllerImpl.getPerformance() returned = <200 OK OK,[PerformanceRecordResponseDTO(recordId=2, accountId=2, portfolioId=2, period=DAILY, startDate=2025-03-31, endDate=2025-03-31, returnPercentage=1.95, benchmarkReturnPercentage=2.1, calculatedAt=2025-03-31T18:00), PerformanceRecordResponseDTO(recordId=7, accountId=2, portfolioId=2, period=MONTHLY, startDate=2025-03-01, endDate=2025-03-31, returnPercentage=6.75, benchmarkReturnPercentage=7.2, calculatedAt=2025-03-31T18:30)],[]> | executed in 17 ms
2026-05-04 10:57:58.886 [http-nio-8082-exec-4] INFO  c.w.analytics.aspect.LoggingAspect - >> ENTER: AnalyticsControllerImpl.getPerformance() with arguments = [1, ROLE_RM, null]
2026-05-04 10:57:58.886 [http-nio-8082-exec-2] INFO  c.w.analytics.aspect.LoggingAspect - >> ENTER: AnalyticsControllerImpl.getRiskMeasures() with arguments = [1, ROLE_RM, null]
2026-05-04 10:57:58.887 [http-nio-8082-exec-4] INFO  c.w.analytics.aspect.LoggingAspect - << EXIT:  AnalyticsControllerImpl.getPerformance() returned = <200 OK OK,[PerformanceRecordResponseDTO(recordId=1, accountId=1, portfolioId=1, period=DAILY, startDate=2025-03-31, endDate=2025-03-31, returnPercentage=2.82, benchmarkReturnPercentage=2.1, calculatedAt=2025-03-31T18:00), PerformanceRecordResponseDTO(recordId=6, accountId=1, portfolioId=1, period=MONTHLY, startDate=2025-03-01, endDate=2025-03-31, returnPercentage=8.5, benchmarkReturnPercentage=7.2, calculatedAt=2025-03-31T18:30)],[]> | executed in 0 ms
2026-05-04 10:57:58.887 [http-nio-8082-exec-2] INFO  c.w.analytics.aspect.LoggingAspect - << EXIT:  AnalyticsControllerImpl.getRiskMeasures() returned = <200 OK OK,[RiskMeasureResponseDTO(measureId=1, accountId=1, measureType=VOLATILITY, measureValue=18.55, description=Annualised portfolio volatility based on 30-day daily returns, calculatedAt=2025-03-31T18:00), RiskMeasureResponseDTO(measureId=2, accountId=1, measureType=MAX_DRAWDOWN, measureValue=-12.3, description=Maximum peak-to-trough drawdown over last 12 months, calculatedAt=2025-03-31T18:00), RiskMeasureResponseDTO(measureId=3, accountId=1, measureType=VAR_95, measureValue=2.85, description=95% Value-at-Risk ÔÇö 1-day loss not exceeding this at 95% confidence, calculatedAt=2025-03-31T18:00), RiskMeasureResponseDTO(measureId=4, accountId=1, measureType=TRACKING_ERROR, measureValue=1.42, description=Tracking error vs Nifty 50 benchmark over 6 months, calculatedAt=2025-03-31T18:00)],[]> | executed in 0 ms
2026-05-04 10:58:07.189 [http-nio-8082-exec-7] INFO  c.w.analytics.aspect.LoggingAspect - >> ENTER: AnalyticsControllerImpl.getPerformance() with arguments = [1, ROLE_RM, null]
2026-05-04 10:58:07.189 [http-nio-8082-exec-3] INFO  c.w.analytics.aspect.LoggingAspect - >> ENTER: AnalyticsControllerImpl.getRiskMeasures() with arguments = [1, ROLE_RM, null]
2026-05-04 10:58:07.190 [http-nio-8082-exec-7] INFO  c.w.analytics.aspect.LoggingAspect - << EXIT:  AnalyticsControllerImpl.getPerformance() returned = <200 OK OK,[PerformanceRecordResponseDTO(recordId=1, accountId=1, portfolioId=1, period=DAILY, startDate=2025-03-31, endDate=2025-03-31, returnPercentage=2.82, benchmarkReturnPercentage=2.1, calculatedAt=2025-03-31T18:00), PerformanceRecordResponseDTO(recordId=6, accountId=1, portfolioId=1, period=MONTHLY, startDate=2025-03-01, endDate=2025-03-31, returnPercentage=8.5, benchmarkReturnPercentage=7.2, calculatedAt=2025-03-31T18:30)],[]> | executed in 1 ms
2026-05-04 10:58:07.190 [http-nio-8082-exec-3] INFO  c.w.analytics.aspect.LoggingAspect - << EXIT:  AnalyticsControllerImpl.getRiskMeasures() returned = <200 OK OK,[RiskMeasureResponseDTO(measureId=1, accountId=1, measureType=VOLATILITY, measureValue=18.55, description=Annualised portfolio volatility based on 30-day daily returns, calculatedAt=2025-03-31T18:00), RiskMeasureResponseDTO(measureId=2, accountId=1, measureType=MAX_DRAWDOWN, measureValue=-12.3, description=Maximum peak-to-trough drawdown over last 12 months, calculatedAt=2025-03-31T18:00), RiskMeasureResponseDTO(measureId=3, accountId=1, measureType=VAR_95, measureValue=2.85, description=95% Value-at-Risk ÔÇö 1-day loss not exceeding this at 95% confidence, calculatedAt=2025-03-31T18:00), RiskMeasureResponseDTO(measureId=4, accountId=1, measureType=TRACKING_ERROR, measureValue=1.42, description=Tracking error vs Nifty 50 benchmark over 6 months, calculatedAt=2025-03-31T18:00)],[]> | executed in 0 ms
2026-05-04 10:58:47.590 [http-nio-8082-exec-9] INFO  c.w.analytics.aspect.LoggingAspect - >> ENTER: AnalyticsControllerImpl.getPerformance() with arguments = [1, ROLE_CLIENT, 1]
2026-05-04 10:58:47.592 [http-nio-8082-exec-1] INFO  c.w.analytics.aspect.LoggingAspect - >> ENTER: AnalyticsControllerImpl.getRiskMeasures() with arguments = [1, ROLE_CLIENT, 1]
2026-05-04 10:58:47.604 [http-nio-8082-exec-9] INFO  c.w.analytics.aspect.LoggingAspect - << EXIT:  AnalyticsControllerImpl.getPerformance() returned = <200 OK OK,[PerformanceRecordResponseDTO(recordId=1, accountId=1, portfolioId=1, period=DAILY, startDate=2025-03-31, endDate=2025-03-31, returnPercentage=2.82, benchmarkReturnPercentage=2.1, calculatedAt=2025-03-31T18:00), PerformanceRecordResponseDTO(recordId=6, accountId=1, portfolioId=1, period=MONTHLY, startDate=2025-03-01, endDate=2025-03-31, returnPercentage=8.5, benchmarkReturnPercentage=7.2, calculatedAt=2025-03-31T18:30)],[]> | executed in 14 ms
2026-05-04 10:58:47.604 [http-nio-8082-exec-1] INFO  c.w.analytics.aspect.LoggingAspect - << EXIT:  AnalyticsControllerImpl.getRiskMeasures() returned = <200 OK OK,[RiskMeasureResponseDTO(measureId=1, accountId=1, measureType=VOLATILITY, measureValue=18.55, description=Annualised portfolio volatility based on 30-day daily returns, calculatedAt=2025-03-31T18:00), RiskMeasureResponseDTO(measureId=2, accountId=1, measureType=MAX_DRAWDOWN, measureValue=-12.3, description=Maximum peak-to-trough drawdown over last 12 months, calculatedAt=2025-03-31T18:00), RiskMeasureResponseDTO(measureId=3, accountId=1, measureType=VAR_95, measureValue=2.85, description=95% Value-at-Risk ÔÇö 1-day loss not exceeding this at 95% confidence, calculatedAt=2025-03-31T18:00), RiskMeasureResponseDTO(measureId=4, accountId=1, measureType=TRACKING_ERROR, measureValue=1.42, description=Tracking error vs Nifty 50 benchmark over 6 months, calculatedAt=2025-03-31T18:00)],[]> | executed in 11 ms
2026-05-04 10:58:47.623 [http-nio-8082-exec-5] INFO  c.w.analytics.aspect.LoggingAspect - >> ENTER: AnalyticsControllerImpl.getRiskMeasures() with arguments = [1, ROLE_CLIENT, 1]
2026-05-04 10:58:47.623 [http-nio-8082-exec-10] INFO  c.w.analytics.aspect.LoggingAspect - >> ENTER: AnalyticsControllerImpl.getPerformance() with arguments = [1, ROLE_CLIENT, 1]
2026-05-04 10:58:47.634 [http-nio-8082-exec-10] INFO  c.w.analytics.aspect.LoggingAspect - << EXIT:  AnalyticsControllerImpl.getPerformance() returned = <200 OK OK,[PerformanceRecordResponseDTO(recordId=1, accountId=1, portfolioId=1, period=DAILY, startDate=2025-03-31, endDate=2025-03-31, returnPercentage=2.82, benchmarkReturnPercentage=2.1, calculatedAt=2025-03-31T18:00), PerformanceRecordResponseDTO(recordId=6, accountId=1, portfolioId=1, period=MONTHLY, startDate=2025-03-01, endDate=2025-03-31, returnPercentage=8.5, benchmarkReturnPercentage=7.2, calculatedAt=2025-03-31T18:30)],[]> | executed in 11 ms
2026-05-04 10:58:47.635 [http-nio-8082-exec-5] INFO  c.w.analytics.aspect.LoggingAspect - << EXIT:  AnalyticsControllerImpl.getRiskMeasures() returned = <200 OK OK,[RiskMeasureResponseDTO(measureId=1, accountId=1, measureType=VOLATILITY, measureValue=18.55, description=Annualised portfolio volatility based on 30-day daily returns, calculatedAt=2025-03-31T18:00), RiskMeasureResponseDTO(measureId=2, accountId=1, measureType=MAX_DRAWDOWN, measureValue=-12.3, description=Maximum peak-to-trough drawdown over last 12 months, calculatedAt=2025-03-31T18:00), RiskMeasureResponseDTO(measureId=3, accountId=1, measureType=VAR_95, measureValue=2.85, description=95% Value-at-Risk ÔÇö 1-day loss not exceeding this at 95% confidence, calculatedAt=2025-03-31T18:00), RiskMeasureResponseDTO(measureId=4, accountId=1, measureType=TRACKING_ERROR, measureValue=1.42, description=Tracking error vs Nifty 50 benchmark over 6 months, calculatedAt=2025-03-31T18:00)],[]> | executed in 12 ms
2026-05-04 10:59:28.833 [http-nio-8082-exec-7] INFO  c.w.analytics.aspect.LoggingAspect - >> ENTER: AnalyticsControllerImpl.getPerformance() with arguments = [11, ROLE_CLIENT, 46]
2026-05-04 10:59:28.833 [http-nio-8082-exec-6] INFO  c.w.analytics.aspect.LoggingAspect - >> ENTER: AnalyticsControllerImpl.getRiskMeasures() with arguments = [11, ROLE_CLIENT, 46]
2026-05-04 10:59:28.843 [http-nio-8082-exec-7] INFO  c.w.analytics.aspect.LoggingAspect - << EXIT:  AnalyticsControllerImpl.getPerformance() returned = <200 OK OK,[PerformanceRecordResponseDTO(recordId=11, accountId=11, portfolioId=11, period=MONTHLY, startDate=2025-04-01, endDate=2025-04-30, returnPercentage=3.45, benchmarkReturnPercentage=2.8, calculatedAt=2025-05-01T00:01), PerformanceRecordResponseDTO(recordId=12, accountId=11, portfolioId=11, period=MONTHLY, startDate=2025-05-01, endDate=2025-05-31, returnPercentage=2.1, benchmarkReturnPercentage=1.95, calculatedAt=2025-06-01T00:01), PerformanceRecordResponseDTO(recordId=35, accountId=11, portfolioId=11, period=DAILY, startDate=2026-04-15, endDate=2026-04-15, returnPercentage=0.85, benchmarkReturnPercentage=0.62, calculatedAt=2026-04-15T18:00)],[]> | executed in 10 ms
2026-05-04 10:59:28.843 [http-nio-8082-exec-6] INFO  c.w.analytics.aspect.LoggingAspect - << EXIT:  AnalyticsControllerImpl.getRiskMeasures() returned = <200 OK OK,[RiskMeasureResponseDTO(measureId=11, accountId=11, measureType=VOLATILITY, measureValue=12.5, description=Annualised vol from daily returns, calculatedAt=2026-04-22T00:00), RiskMeasureResponseDTO(measureId=12, accountId=11, measureType=VAR_95, measureValue=-3.4, description=Daily VaR 95%, calculatedAt=2026-04-22T00:00)],[]> | executed in 10 ms
2026-05-04 10:59:28.862 [http-nio-8082-exec-8] INFO  c.w.analytics.aspect.LoggingAspect - >> ENTER: AnalyticsControllerImpl.getRiskMeasures() with arguments = [11, ROLE_CLIENT, 46]
2026-05-04 10:59:28.863 [http-nio-8082-exec-9] INFO  c.w.analytics.aspect.LoggingAspect - >> ENTER: AnalyticsControllerImpl.getPerformance() with arguments = [11, ROLE_CLIENT, 46]
2026-05-04 10:59:28.872 [http-nio-8082-exec-9] INFO  c.w.analytics.aspect.LoggingAspect - << EXIT:  AnalyticsControllerImpl.getPerformance() returned = <200 OK OK,[PerformanceRecordResponseDTO(recordId=11, accountId=11, portfolioId=11, period=MONTHLY, startDate=2025-04-01, endDate=2025-04-30, returnPercentage=3.45, benchmarkReturnPercentage=2.8, calculatedAt=2025-05-01T00:01), PerformanceRecordResponseDTO(recordId=12, accountId=11, portfolioId=11, period=MONTHLY, startDate=2025-05-01, endDate=2025-05-31, returnPercentage=2.1, benchmarkReturnPercentage=1.95, calculatedAt=2025-06-01T00:01), PerformanceRecordResponseDTO(recordId=35, accountId=11, portfolioId=11, period=DAILY, startDate=2026-04-15, endDate=2026-04-15, returnPercentage=0.85, benchmarkReturnPercentage=0.62, calculatedAt=2026-04-15T18:00)],[]> | executed in 8 ms
2026-05-04 10:59:28.872 [http-nio-8082-exec-8] INFO  c.w.analytics.aspect.LoggingAspect - << EXIT:  AnalyticsControllerImpl.getRiskMeasures() returned = <200 OK OK,[RiskMeasureResponseDTO(measureId=11, accountId=11, measureType=VOLATILITY, measureValue=12.5, description=Annualised vol from daily returns, calculatedAt=2026-04-22T00:00), RiskMeasureResponseDTO(measureId=12, accountId=11, measureType=VAR_95, measureValue=-3.4, description=Daily VaR 95%, calculatedAt=2026-04-22T00:00)],[]> | executed in 9 ms
2026-05-04 11:00:47.388 [AsyncResolver-bootstrap-executor-%d] INFO  c.n.d.s.r.aws.ConfigClusterResolver - Resolving eureka endpoints via configuration
2026-05-04 11:01:19.112 [http-nio-8082-exec-1] INFO  c.w.analytics.aspect.LoggingAspect - >> ENTER: AnalyticsControllerImpl.getPerformance() with arguments = [11, ROLE_CLIENT, 46]
2026-05-04 11:01:19.112 [http-nio-8082-exec-8] INFO  c.w.analytics.aspect.LoggingAspect - >> ENTER: AnalyticsControllerImpl.getRiskMeasures() with arguments = [11, ROLE_CLIENT, 46]
2026-05-04 11:01:19.123 [http-nio-8082-exec-8] INFO  c.w.analytics.aspect.LoggingAspect - << EXIT:  AnalyticsControllerImpl.getRiskMeasures() returned = <200 OK OK,[RiskMeasureResponseDTO(measureId=11, accountId=11, measureType=VOLATILITY, measureValue=12.5, description=Annualised vol from daily returns, calculatedAt=2026-04-22T00:00), RiskMeasureResponseDTO(measureId=12, accountId=11, measureType=VAR_95, measureValue=-3.4, description=Daily VaR 95%, calculatedAt=2026-04-22T00:00)],[]> | executed in 11 ms
2026-05-04 11:01:19.123 [http-nio-8082-exec-1] INFO  c.w.analytics.aspect.LoggingAspect - << EXIT:  AnalyticsControllerImpl.getPerformance() returned = <200 OK OK,[PerformanceRecordResponseDTO(recordId=11, accountId=11, portfolioId=11, period=MONTHLY, startDate=2025-04-01, endDate=2025-04-30, returnPercentage=3.45, benchmarkReturnPercentage=2.8, calculatedAt=2025-05-01T00:01), PerformanceRecordResponseDTO(recordId=12, accountId=11, portfolioId=11, period=MONTHLY, startDate=2025-05-01, endDate=2025-05-31, returnPercentage=2.1, benchmarkReturnPercentage=1.95, calculatedAt=2025-06-01T00:01), PerformanceRecordResponseDTO(recordId=35, accountId=11, portfolioId=11, period=DAILY, startDate=2026-04-15, endDate=2026-04-15, returnPercentage=0.85, benchmarkReturnPercentage=0.62, calculatedAt=2026-04-15T18:00)],[]> | executed in 11 ms
2026-05-04 11:01:19.140 [http-nio-8082-exec-10] INFO  c.w.analytics.aspect.LoggingAspect - >> ENTER: AnalyticsControllerImpl.getPerformance() with arguments = [11, ROLE_CLIENT, 46]
2026-05-04 11:01:19.142 [http-nio-8082-exec-5] INFO  c.w.analytics.aspect.LoggingAspect - >> ENTER: AnalyticsControllerImpl.getRiskMeasures() with arguments = [11, ROLE_CLIENT, 46]
2026-05-04 11:01:19.151 [http-nio-8082-exec-10] INFO  c.w.analytics.aspect.LoggingAspect - << EXIT:  AnalyticsControllerImpl.getPerformance() returned = <200 OK OK,[PerformanceRecordResponseDTO(recordId=11, accountId=11, portfolioId=11, period=MONTHLY, startDate=2025-04-01, endDate=2025-04-30, returnPercentage=3.45, benchmarkReturnPercentage=2.8, calculatedAt=2025-05-01T00:01), PerformanceRecordResponseDTO(recordId=12, accountId=11, portfolioId=11, period=MONTHLY, startDate=2025-05-01, endDate=2025-05-31, returnPercentage=2.1, benchmarkReturnPercentage=1.95, calculatedAt=2025-06-01T00:01), PerformanceRecordResponseDTO(recordId=35, accountId=11, portfolioId=11, period=DAILY, startDate=2026-04-15, endDate=2026-04-15, returnPercentage=0.85, benchmarkReturnPercentage=0.62, calculatedAt=2026-04-15T18:00)],[]> | executed in 10 ms
2026-05-04 11:01:19.153 [http-nio-8082-exec-5] INFO  c.w.analytics.aspect.LoggingAspect - << EXIT:  AnalyticsControllerImpl.getRiskMeasures() returned = <200 OK OK,[RiskMeasureResponseDTO(measureId=11, accountId=11, measureType=VOLATILITY, measureValue=12.5, description=Annualised vol from daily returns, calculatedAt=2026-04-22T00:00), RiskMeasureResponseDTO(measureId=12, accountId=11, measureType=VAR_95, measureValue=-3.4, description=Daily VaR 95%, calculatedAt=2026-04-22T00:00)],[]> | executed in 11 ms
2026-05-04 11:05:47.395 [AsyncResolver-bootstrap-executor-%d] INFO  c.n.d.s.r.aws.ConfigClusterResolver - Resolving eureka endpoints via configuration
2026-05-04 11:06:15.395 [http-nio-8082-exec-10] INFO  c.w.analytics.aspect.LoggingAspect - >> ENTER: AnalyticsControllerImpl.getPerformance() with arguments = [2, ROLE_CLIENT, 2]
2026-05-04 11:06:15.395 [http-nio-8082-exec-5] INFO  c.w.analytics.aspect.LoggingAspect - >> ENTER: AnalyticsControllerImpl.getRiskMeasures() with arguments = [2, ROLE_CLIENT, 2]
2026-05-04 11:06:15.407 [http-nio-8082-exec-5] INFO  c.w.analytics.aspect.LoggingAspect - << EXIT:  AnalyticsControllerImpl.getRiskMeasures() returned = <200 OK OK,[RiskMeasureResponseDTO(measureId=5, accountId=2, measureType=VOLATILITY, measureValue=22.1, description=Higher volatility due to aggressive equity exposure, calculatedAt=2025-03-31T18:00), RiskMeasureResponseDTO(measureId=6, accountId=2, measureType=MAX_DRAWDOWN, measureValue=-18.75, description=Max drawdown for aggressive profile over 12 months, calculatedAt=2025-03-31T18:00)],[]> | executed in 12 ms
2026-05-04 11:06:15.407 [http-nio-8082-exec-10] INFO  c.w.analytics.aspect.LoggingAspect - << EXIT:  AnalyticsControllerImpl.getPerformance() returned = <200 OK OK,[PerformanceRecordResponseDTO(recordId=2, accountId=2, portfolioId=2, period=DAILY, startDate=2025-03-31, endDate=2025-03-31, returnPercentage=1.95, benchmarkReturnPercentage=2.1, calculatedAt=2025-03-31T18:00), PerformanceRecordResponseDTO(recordId=7, accountId=2, portfolioId=2, period=MONTHLY, startDate=2025-03-01, endDate=2025-03-31, returnPercentage=6.75, benchmarkReturnPercentage=7.2, calculatedAt=2025-03-31T18:30)],[]> | executed in 12 ms
2026-05-04 11:06:15.425 [http-nio-8082-exec-2] INFO  c.w.analytics.aspect.LoggingAspect - >> ENTER: AnalyticsControllerImpl.getPerformance() with arguments = [2, ROLE_CLIENT, 2]
2026-05-04 11:06:15.426 [http-nio-8082-exec-4] INFO  c.w.analytics.aspect.LoggingAspect - >> ENTER: AnalyticsControllerImpl.getRiskMeasures() with arguments = [2, ROLE_CLIENT, 2]
2026-05-04 11:06:15.434 [http-nio-8082-exec-4] INFO  c.w.analytics.aspect.LoggingAspect - << EXIT:  AnalyticsControllerImpl.getRiskMeasures() returned = <200 OK OK,[RiskMeasureResponseDTO(measureId=5, accountId=2, measureType=VOLATILITY, measureValue=22.1, description=Higher volatility due to aggressive equity exposure, calculatedAt=2025-03-31T18:00), RiskMeasureResponseDTO(measureId=6, accountId=2, measureType=MAX_DRAWDOWN, measureValue=-18.75, description=Max drawdown for aggressive profile over 12 months, calculatedAt=2025-03-31T18:00)],[]> | executed in 8 ms
2026-05-04 11:06:15.434 [http-nio-8082-exec-2] INFO  c.w.analytics.aspect.LoggingAspect - << EXIT:  AnalyticsControllerImpl.getPerformance() returned = <200 OK OK,[PerformanceRecordResponseDTO(recordId=2, accountId=2, portfolioId=2, period=DAILY, startDate=2025-03-31, endDate=2025-03-31, returnPercentage=1.95, benchmarkReturnPercentage=2.1, calculatedAt=2025-03-31T18:00), PerformanceRecordResponseDTO(recordId=7, accountId=2, portfolioId=2, period=MONTHLY, startDate=2025-03-01, endDate=2025-03-31, returnPercentage=6.75, benchmarkReturnPercentage=7.2, calculatedAt=2025-03-31T18:30)],[]> | executed in 9 ms
2026-05-04 11:10:47.404 [AsyncResolver-bootstrap-executor-%d] INFO  c.n.d.s.r.aws.ConfigClusterResolver - Resolving eureka endpoints via configuration
2026-05-04 11:15:47.420 [AsyncResolver-bootstrap-executor-%d] INFO  c.n.d.s.r.aws.ConfigClusterResolver - Resolving eureka endpoints via configuration
2026-05-04 11:18:45.538 [http-nio-8082-exec-10] INFO  c.w.analytics.aspect.LoggingAspect - >> ENTER: AnalyticsControllerImpl.getPerformance() with arguments = [2, ROLE_CLIENT, 2]
2026-05-04 11:18:45.538 [http-nio-8082-exec-2] INFO  c.w.analytics.aspect.LoggingAspect - >> ENTER: AnalyticsControllerImpl.getRiskMeasures() with arguments = [2, ROLE_CLIENT, 2]
2026-05-04 11:18:45.564 [http-nio-8082-exec-2] INFO  c.w.analytics.aspect.LoggingAspect - << EXIT:  AnalyticsControllerImpl.getRiskMeasures() returned = <200 OK OK,[RiskMeasureResponseDTO(measureId=5, accountId=2, measureType=VOLATILITY, measureValue=22.1, description=Higher volatility due to aggressive equity exposure, calculatedAt=2025-03-31T18:00), RiskMeasureResponseDTO(measureId=6, accountId=2, measureType=MAX_DRAWDOWN, measureValue=-18.75, description=Max drawdown for aggressive profile over 12 months, calculatedAt=2025-03-31T18:00)],[]> | executed in 26 ms
2026-05-04 11:18:45.564 [http-nio-8082-exec-10] INFO  c.w.analytics.aspect.LoggingAspect - << EXIT:  AnalyticsControllerImpl.getPerformance() returned = <200 OK OK,[PerformanceRecordResponseDTO(recordId=2, accountId=2, portfolioId=2, period=DAILY, startDate=2025-03-31, endDate=2025-03-31, returnPercentage=1.95, benchmarkReturnPercentage=2.1, calculatedAt=2025-03-31T18:00), PerformanceRecordResponseDTO(recordId=7, accountId=2, portfolioId=2, period=MONTHLY, startDate=2025-03-01, endDate=2025-03-31, returnPercentage=6.75, benchmarkReturnPercentage=7.2, calculatedAt=2025-03-31T18:30)],[]> | executed in 26 ms
2026-05-04 11:18:45.585 [http-nio-8082-exec-3] INFO  c.w.analytics.aspect.LoggingAspect - >> ENTER: AnalyticsControllerImpl.getRiskMeasures() with arguments = [2, ROLE_CLIENT, 2]
2026-05-04 11:18:45.585 [http-nio-8082-exec-4] INFO  c.w.analytics.aspect.LoggingAspect - >> ENTER: AnalyticsControllerImpl.getPerformance() with arguments = [2, ROLE_CLIENT, 2]
2026-05-04 11:18:45.593 [http-nio-8082-exec-3] INFO  c.w.analytics.aspect.LoggingAspect - << EXIT:  AnalyticsControllerImpl.getRiskMeasures() returned = <200 OK OK,[RiskMeasureResponseDTO(measureId=5, accountId=2, measureType=VOLATILITY, measureValue=22.1, description=Higher volatility due to aggressive equity exposure, calculatedAt=2025-03-31T18:00), RiskMeasureResponseDTO(measureId=6, accountId=2, measureType=MAX_DRAWDOWN, measureValue=-18.75, description=Max drawdown for aggressive profile over 12 months, calculatedAt=2025-03-31T18:00)],[]> | executed in 8 ms
2026-05-04 11:18:45.593 [http-nio-8082-exec-4] INFO  c.w.analytics.aspect.LoggingAspect - << EXIT:  AnalyticsControllerImpl.getPerformance() returned = <200 OK OK,[PerformanceRecordResponseDTO(recordId=2, accountId=2, portfolioId=2, period=DAILY, startDate=2025-03-31, endDate=2025-03-31, returnPercentage=1.95, benchmarkReturnPercentage=2.1, calculatedAt=2025-03-31T18:00), PerformanceRecordResponseDTO(recordId=7, accountId=2, portfolioId=2, period=MONTHLY, startDate=2025-03-01, endDate=2025-03-31, returnPercentage=6.75, benchmarkReturnPercentage=7.2, calculatedAt=2025-03-31T18:30)],[]> | executed in 8 ms
2026-05-04 11:20:47.431 [AsyncResolver-bootstrap-executor-%d] INFO  c.n.d.s.r.aws.ConfigClusterResolver - Resolving eureka endpoints via configuration
2026-05-04 11:25:47.441 [AsyncResolver-bootstrap-executor-%d] INFO  c.n.d.s.r.aws.ConfigClusterResolver - Resolving eureka endpoints via configuration
2026-05-04 11:30:47.455 [AsyncResolver-bootstrap-executor-%d] INFO  c.n.d.s.r.aws.ConfigClusterResolver - Resolving eureka endpoints via configuration
2026-05-04 11:35:47.470 [AsyncResolver-bootstrap-executor-%d] INFO  c.n.d.s.r.aws.ConfigClusterResolver - Resolving eureka endpoints via configuration
2026-05-04 11:40:47.478 [AsyncResolver-bootstrap-executor-%d] INFO  c.n.d.s.r.aws.ConfigClusterResolver - Resolving eureka endpoints via configuration
2026-05-04 11:45:47.494 [AsyncResolver-bootstrap-executor-%d] INFO  c.n.d.s.r.aws.ConfigClusterResolver - Resolving eureka endpoints via configuration
2026-05-04 11:50:47.508 [AsyncResolver-bootstrap-executor-%d] INFO  c.n.d.s.r.aws.ConfigClusterResolver - Resolving eureka endpoints via configuration
2026-05-04 11:55:47.509 [AsyncResolver-bootstrap-executor-%d] INFO  c.n.d.s.r.aws.ConfigClusterResolver - Resolving eureka endpoints via configuration
2026-05-04 11:58:08.119 [http-nio-8082-exec-3] INFO  c.w.analytics.aspect.LoggingAspect - >> ENTER: AnalyticsControllerImpl.getRiskMeasures() with arguments = [4, ROLE_RM, null]
2026-05-04 11:58:08.160 [http-nio-8082-exec-3] INFO  c.w.analytics.aspect.LoggingAspect - >> ENTER: AnalyticsServiceImpl.getRiskMeasuresByAccountId() with arguments = [4]
2026-05-04 11:58:08.252 [http-nio-8082-exec-9] INFO  c.w.analytics.aspect.LoggingAspect - >> ENTER: AnalyticsControllerImpl.getPerformance() with arguments = [4, ROLE_RM, null]
2026-05-04 11:58:08.254 [http-nio-8082-exec-9] INFO  c.w.analytics.aspect.LoggingAspect - >> ENTER: AnalyticsServiceImpl.getPerformanceByAccountId() with arguments = [4]
2026-05-04 11:58:08.288 [http-nio-8082-exec-3] INFO  c.w.analytics.aspect.LoggingAspect - << EXIT:  AnalyticsServiceImpl.getRiskMeasuresByAccountId() returned = [RiskMeasureResponseDTO(measureId=9, accountId=4, measureType=VOLATILITY, measureValue=25.4, description=UHNI aggressive trust account ÔÇö high volatility, calculatedAt=2025-03-31T18:00)] | executed in 127 ms
2026-05-04 11:58:08.288 [http-nio-8082-exec-9] INFO  c.w.analytics.aspect.LoggingAspect - << EXIT:  AnalyticsServiceImpl.getPerformanceByAccountId() returned = [PerformanceRecordResponseDTO(recordId=4, accountId=4, portfolioId=4, period=DAILY, startDate=2025-03-31, endDate=2025-03-31, returnPercentage=3.15, benchmarkReturnPercentage=2.1, calculatedAt=2025-03-31T18:00), PerformanceRecordResponseDTO(recordId=9, accountId=4, portfolioId=4, period=MONTHLY, startDate=2025-03-01, endDate=2025-03-31, returnPercentage=10.3, benchmarkReturnPercentage=7.2, calculatedAt=2025-03-31T18:30)] | executed in 34 ms
2026-05-04 11:58:08.294 [http-nio-8082-exec-3] INFO  c.w.analytics.aspect.LoggingAspect - << EXIT:  AnalyticsControllerImpl.getRiskMeasures() returned = <200 OK OK,[RiskMeasureResponseDTO(measureId=9, accountId=4, measureType=VOLATILITY, measureValue=25.4, description=UHNI aggressive trust account ÔÇö high volatility, calculatedAt=2025-03-31T18:00)],[]> | executed in 174 ms
2026-05-04 11:58:08.294 [http-nio-8082-exec-9] INFO  c.w.analytics.aspect.LoggingAspect - << EXIT:  AnalyticsControllerImpl.getPerformance() returned = <200 OK OK,[PerformanceRecordResponseDTO(recordId=4, accountId=4, portfolioId=4, period=DAILY, startDate=2025-03-31, endDate=2025-03-31, returnPercentage=3.15, benchmarkReturnPercentage=2.1, calculatedAt=2025-03-31T18:00), PerformanceRecordResponseDTO(recordId=9, accountId=4, portfolioId=4, period=MONTHLY, startDate=2025-03-01, endDate=2025-03-31, returnPercentage=10.3, benchmarkReturnPercentage=7.2, calculatedAt=2025-03-31T18:30)],[]> | executed in 42 ms
2026-05-04 11:59:28.404 [http-nio-8082-exec-3] INFO  c.w.analytics.aspect.LoggingAspect - >> ENTER: AnalyticsControllerImpl.getPerformance() with arguments = [2, ROLE_CLIENT, 2]
2026-05-04 11:59:28.407 [http-nio-8082-exec-9] INFO  c.w.analytics.aspect.LoggingAspect - >> ENTER: AnalyticsControllerImpl.getRiskMeasures() with arguments = [2, ROLE_CLIENT, 2]
2026-05-04 11:59:28.439 [http-nio-8082-exec-3] INFO  c.w.analytics.aspect.LoggingAspect - << EXIT:  AnalyticsControllerImpl.getPerformance() returned = <200 OK OK,[PerformanceRecordResponseDTO(recordId=2, accountId=2, portfolioId=2, period=DAILY, startDate=2025-03-31, endDate=2025-03-31, returnPercentage=1.95, benchmarkReturnPercentage=2.1, calculatedAt=2025-03-31T18:00), PerformanceRecordResponseDTO(recordId=7, accountId=2, portfolioId=2, period=MONTHLY, startDate=2025-03-01, endDate=2025-03-31, returnPercentage=6.75, benchmarkReturnPercentage=7.2, calculatedAt=2025-03-31T18:30)],[]> | executed in 33 ms
2026-05-04 11:59:28.439 [http-nio-8082-exec-9] INFO  c.w.analytics.aspect.LoggingAspect - << EXIT:  AnalyticsControllerImpl.getRiskMeasures() returned = <200 OK OK,[RiskMeasureResponseDTO(measureId=5, accountId=2, measureType=VOLATILITY, measureValue=22.1, description=Higher volatility due to aggressive equity exposure, calculatedAt=2025-03-31T18:00), RiskMeasureResponseDTO(measureId=6, accountId=2, measureType=MAX_DRAWDOWN, measureValue=-18.75, description=Max drawdown for aggressive profile over 12 months, calculatedAt=2025-03-31T18:00)],[]> | executed in 32 ms
2026-05-04 11:59:28.457 [http-nio-8082-exec-1] INFO  c.w.analytics.aspect.LoggingAspect - >> ENTER: AnalyticsControllerImpl.getPerformance() with arguments = [2, ROLE_CLIENT, 2]
2026-05-04 11:59:28.457 [http-nio-8082-exec-8] INFO  c.w.analytics.aspect.LoggingAspect - >> ENTER: AnalyticsControllerImpl.getRiskMeasures() with arguments = [2, ROLE_CLIENT, 2]
2026-05-04 11:59:28.465 [http-nio-8082-exec-8] INFO  c.w.analytics.aspect.LoggingAspect - << EXIT:  AnalyticsControllerImpl.getRiskMeasures() returned = <200 OK OK,[RiskMeasureResponseDTO(measureId=5, accountId=2, measureType=VOLATILITY, measureValue=22.1, description=Higher volatility due to aggressive equity exposure, calculatedAt=2025-03-31T18:00), RiskMeasureResponseDTO(measureId=6, accountId=2, measureType=MAX_DRAWDOWN, measureValue=-18.75, description=Max drawdown for aggressive profile over 12 months, calculatedAt=2025-03-31T18:00)],[]> | executed in 8 ms
2026-05-04 11:59:28.465 [http-nio-8082-exec-1] INFO  c.w.analytics.aspect.LoggingAspect - << EXIT:  AnalyticsControllerImpl.getPerformance() returned = <200 OK OK,[PerformanceRecordResponseDTO(recordId=2, accountId=2, portfolioId=2, period=DAILY, startDate=2025-03-31, endDate=2025-03-31, returnPercentage=1.95, benchmarkReturnPercentage=2.1, calculatedAt=2025-03-31T18:00), PerformanceRecordResponseDTO(recordId=7, accountId=2, portfolioId=2, period=MONTHLY, startDate=2025-03-01, endDate=2025-03-31, returnPercentage=6.75, benchmarkReturnPercentage=7.2, calculatedAt=2025-03-31T18:30)],[]> | executed in 8 ms
2026-05-04 12:00:47.520 [AsyncResolver-bootstrap-executor-%d] INFO  c.n.d.s.r.aws.ConfigClusterResolver - Resolving eureka endpoints via configuration
2026-05-04 12:02:08.688 [http-nio-8082-exec-10] INFO  c.w.analytics.aspect.LoggingAspect - >> ENTER: AnalyticsControllerImpl.getPerformance() with arguments = [2, ROLE_CLIENT, 2]
2026-05-04 12:02:08.712 [http-nio-8082-exec-10] INFO  c.w.analytics.aspect.LoggingAspect - << EXIT:  AnalyticsControllerImpl.getPerformance() returned = <200 OK OK,[PerformanceRecordResponseDTO(recordId=2, accountId=2, portfolioId=2, period=DAILY, startDate=2025-03-31, endDate=2025-03-31, returnPercentage=1.95, benchmarkReturnPercentage=2.1, calculatedAt=2025-03-31T18:00), PerformanceRecordResponseDTO(recordId=7, accountId=2, portfolioId=2, period=MONTHLY, startDate=2025-03-01, endDate=2025-03-31, returnPercentage=6.75, benchmarkReturnPercentage=7.2, calculatedAt=2025-03-31T18:30)],[]> | executed in 23 ms
2026-05-04 12:02:08.750 [http-nio-8082-exec-5] INFO  c.w.analytics.aspect.LoggingAspect - >> ENTER: AnalyticsControllerImpl.getRiskMeasures() with arguments = [2, ROLE_CLIENT, 2]
2026-05-04 12:02:08.763 [http-nio-8082-exec-5] INFO  c.w.analytics.aspect.LoggingAspect - << EXIT:  AnalyticsControllerImpl.getRiskMeasures() returned = <200 OK OK,[RiskMeasureResponseDTO(measureId=5, accountId=2, measureType=VOLATILITY, measureValue=22.1, description=Higher volatility due to aggressive equity exposure, calculatedAt=2025-03-31T18:00), RiskMeasureResponseDTO(measureId=6, accountId=2, measureType=MAX_DRAWDOWN, measureValue=-18.75, description=Max drawdown for aggressive profile over 12 months, calculatedAt=2025-03-31T18:00)],[]> | executed in 13 ms
2026-05-04 12:05:17.006 [http-nio-8082-exec-9] INFO  c.w.analytics.aspect.LoggingAspect - >> ENTER: AnalyticsControllerImpl.getRiskMeasures() with arguments = [1, ROLE_RM, null]
2026-05-04 12:05:17.007 [http-nio-8082-exec-9] INFO  c.w.analytics.aspect.LoggingAspect - << EXIT:  AnalyticsControllerImpl.getRiskMeasures() returned = <200 OK OK,[RiskMeasureResponseDTO(measureId=1, accountId=1, measureType=VOLATILITY, measureValue=18.55, description=Annualised portfolio volatility based on 30-day daily returns, calculatedAt=2025-03-31T18:00), RiskMeasureResponseDTO(measureId=2, accountId=1, measureType=MAX_DRAWDOWN, measureValue=-12.3, description=Maximum peak-to-trough drawdown over last 12 months, calculatedAt=2025-03-31T18:00), RiskMeasureResponseDTO(measureId=3, accountId=1, measureType=VAR_95, measureValue=2.85, description=95% Value-at-Risk ÔÇö 1-day loss not exceeding this at 95% confidence, calculatedAt=2025-03-31T18:00), RiskMeasureResponseDTO(measureId=4, accountId=1, measureType=TRACKING_ERROR, measureValue=1.42, description=Tracking error vs Nifty 50 benchmark over 6 months, calculatedAt=2025-03-31T18:00)],[]> | executed in 1 ms
2026-05-04 12:05:17.007 [http-nio-8082-exec-3] INFO  c.w.analytics.aspect.LoggingAspect - >> ENTER: AnalyticsControllerImpl.getPerformance() with arguments = [1, ROLE_RM, null]
2026-05-04 12:05:17.008 [http-nio-8082-exec-3] INFO  c.w.analytics.aspect.LoggingAspect - << EXIT:  AnalyticsControllerImpl.getPerformance() returned = <200 OK OK,[PerformanceRecordResponseDTO(recordId=1, accountId=1, portfolioId=1, period=DAILY, startDate=2025-03-31, endDate=2025-03-31, returnPercentage=2.82, benchmarkReturnPercentage=2.1, calculatedAt=2025-03-31T18:00), PerformanceRecordResponseDTO(recordId=6, accountId=1, portfolioId=1, period=MONTHLY, startDate=2025-03-01, endDate=2025-03-31, returnPercentage=8.5, benchmarkReturnPercentage=7.2, calculatedAt=2025-03-31T18:30)],[]> | executed in 0 ms
2026-05-04 12:05:47.531 [AsyncResolver-bootstrap-executor-%d] INFO  c.n.d.s.r.aws.ConfigClusterResolver - Resolving eureka endpoints via configuration
2026-05-04 12:10:47.540 [AsyncResolver-bootstrap-executor-%d] INFO  c.n.d.s.r.aws.ConfigClusterResolver - Resolving eureka endpoints via configuration
2026-05-04 12:15:47.546 [AsyncResolver-bootstrap-executor-%d] INFO  c.n.d.s.r.aws.ConfigClusterResolver - Resolving eureka endpoints via configuration
2026-05-04 12:16:28.736 [http-nio-8082-exec-7] INFO  c.w.analytics.aspect.LoggingAspect - >> ENTER: AnalyticsControllerImpl.getPerformance() with arguments = [10, ROLE_RM, null]
2026-05-04 12:16:28.736 [http-nio-8082-exec-2] INFO  c.w.analytics.aspect.LoggingAspect - >> ENTER: AnalyticsControllerImpl.getRiskMeasures() with arguments = [10, ROLE_RM, null]
2026-05-04 12:16:28.749 [http-nio-8082-exec-2] INFO  c.w.analytics.aspect.LoggingAspect - >> ENTER: AnalyticsServiceImpl.getRiskMeasuresByAccountId() with arguments = [10]
2026-05-04 12:16:28.749 [http-nio-8082-exec-7] INFO  c.w.analytics.aspect.LoggingAspect - >> ENTER: AnalyticsServiceImpl.getPerformanceByAccountId() with arguments = [10]
2026-05-04 12:16:28.790 [http-nio-8082-exec-2] INFO  c.w.analytics.aspect.LoggingAspect - << EXIT:  AnalyticsServiceImpl.getRiskMeasuresByAccountId() returned = [] | executed in 40 ms
2026-05-04 12:16:28.790 [http-nio-8082-exec-7] INFO  c.w.analytics.aspect.LoggingAspect - << EXIT:  AnalyticsServiceImpl.getPerformanceByAccountId() returned = [] | executed in 40 ms
2026-05-04 12:16:28.793 [http-nio-8082-exec-7] INFO  c.w.analytics.aspect.LoggingAspect - << EXIT:  AnalyticsControllerImpl.getPerformance() returned = <200 OK OK,[],[]> | executed in 57 ms
2026-05-04 12:16:28.793 [http-nio-8082-exec-2] INFO  c.w.analytics.aspect.LoggingAspect - << EXIT:  AnalyticsControllerImpl.getRiskMeasures() returned = <200 OK OK,[],[]> | executed in 56 ms
2026-05-04 12:16:45.461 [http-nio-8082-exec-10] INFO  c.w.analytics.aspect.LoggingAspect - >> ENTER: AnalyticsControllerImpl.getPerformance() with arguments = [1, ROLE_RM, null]
2026-05-04 12:16:45.462 [http-nio-8082-exec-5] INFO  c.w.analytics.aspect.LoggingAspect - >> ENTER: AnalyticsControllerImpl.getRiskMeasures() with arguments = [1, ROLE_RM, null]
2026-05-04 12:16:45.462 [http-nio-8082-exec-10] INFO  c.w.analytics.aspect.LoggingAspect - << EXIT:  AnalyticsControllerImpl.getPerformance() returned = <200 OK OK,[PerformanceRecordResponseDTO(recordId=1, accountId=1, portfolioId=1, period=DAILY, startDate=2025-03-31, endDate=2025-03-31, returnPercentage=2.82, benchmarkReturnPercentage=2.1, calculatedAt=2025-03-31T18:00), PerformanceRecordResponseDTO(recordId=6, accountId=1, portfolioId=1, period=MONTHLY, startDate=2025-03-01, endDate=2025-03-31, returnPercentage=8.5, benchmarkReturnPercentage=7.2, calculatedAt=2025-03-31T18:30)],[]> | executed in 1 ms
2026-05-04 12:16:45.463 [http-nio-8082-exec-5] INFO  c.w.analytics.aspect.LoggingAspect - << EXIT:  AnalyticsControllerImpl.getRiskMeasures() returned = <200 OK OK,[RiskMeasureResponseDTO(measureId=1, accountId=1, measureType=VOLATILITY, measureValue=18.55, description=Annualised portfolio volatility based on 30-day daily returns, calculatedAt=2025-03-31T18:00), RiskMeasureResponseDTO(measureId=2, accountId=1, measureType=MAX_DRAWDOWN, measureValue=-12.3, description=Maximum peak-to-trough drawdown over last 12 months, calculatedAt=2025-03-31T18:00), RiskMeasureResponseDTO(measureId=3, accountId=1, measureType=VAR_95, measureValue=2.85, description=95% Value-at-Risk ÔÇö 1-day loss not exceeding this at 95% confidence, calculatedAt=2025-03-31T18:00), RiskMeasureResponseDTO(measureId=4, accountId=1, measureType=TRACKING_ERROR, measureValue=1.42, description=Tracking error vs Nifty 50 benchmark over 6 months, calculatedAt=2025-03-31T18:00)],[]> | executed in 1 ms
2026-05-04 12:20:47.555 [AsyncResolver-bootstrap-executor-%d] INFO  c.n.d.s.r.aws.ConfigClusterResolver - Resolving eureka endpoints via configuration
2026-05-04 12:41:03.819 [HikariPool-1:housekeeper] WARN  com.zaxxer.hikari.pool.HikariPool - HikariPool-1 - Thread starvation or clock leap detected (housekeeper delta=17m41s730ms613µs600ns).
2026-05-04 13:51:37.368 [HikariPool-1:housekeeper] WARN  com.zaxxer.hikari.pool.HikariPool - HikariPool-1 - Thread starvation or clock leap detected (housekeeper delta=1h10m33s548ms41µs600ns).
2026-05-04 13:53:27.967 [AsyncResolver-bootstrap-executor-%d] INFO  c.n.d.s.r.aws.ConfigClusterResolver - Resolving eureka endpoints via configuration
2026-05-04 13:54:35.258 [http-nio-8082-exec-6] INFO  c.w.analytics.aspect.LoggingAspect - >> ENTER: AnalyticsControllerImpl.getPerformance() with arguments = [1, ROLE_RM, null]
2026-05-04 13:54:35.260 [http-nio-8082-exec-6] INFO  c.w.analytics.aspect.LoggingAspect - << EXIT:  AnalyticsControllerImpl.getPerformance() returned = <200 OK OK,[PerformanceRecordResponseDTO(recordId=1, accountId=1, portfolioId=1, period=DAILY, startDate=2025-03-31, endDate=2025-03-31, returnPercentage=2.82, benchmarkReturnPercentage=2.1, calculatedAt=2025-03-31T18:00), PerformanceRecordResponseDTO(recordId=6, accountId=1, portfolioId=1, period=MONTHLY, startDate=2025-03-01, endDate=2025-03-31, returnPercentage=8.5, benchmarkReturnPercentage=7.2, calculatedAt=2025-03-31T18:30)],[]> | executed in 2 ms
2026-05-04 13:54:51.860 [http-nio-8082-exec-5] INFO  c.w.analytics.aspect.LoggingAspect - >> ENTER: AnalyticsControllerImpl.getRiskMeasures() with arguments = [1, ROLE_RM, null]
2026-05-04 13:54:51.860 [http-nio-8082-exec-10] INFO  c.w.analytics.aspect.LoggingAspect - >> ENTER: AnalyticsControllerImpl.getPerformance() with arguments = [1, ROLE_RM, null]
2026-05-04 13:54:51.860 [http-nio-8082-exec-5] INFO  c.w.analytics.aspect.LoggingAspect - << EXIT:  AnalyticsControllerImpl.getRiskMeasures() returned = <200 OK OK,[RiskMeasureResponseDTO(measureId=1, accountId=1, measureType=VOLATILITY, measureValue=18.55, description=Annualised portfolio volatility based on 30-day daily returns, calculatedAt=2025-03-31T18:00), RiskMeasureResponseDTO(measureId=2, accountId=1, measureType=MAX_DRAWDOWN, measureValue=-12.3, description=Maximum peak-to-trough drawdown over last 12 months, calculatedAt=2025-03-31T18:00), RiskMeasureResponseDTO(measureId=3, accountId=1, measureType=VAR_95, measureValue=2.85, description=95% Value-at-Risk ÔÇö 1-day loss not exceeding this at 95% confidence, calculatedAt=2025-03-31T18:00), RiskMeasureResponseDTO(measureId=4, accountId=1, measureType=TRACKING_ERROR, measureValue=1.42, description=Tracking error vs Nifty 50 benchmark over 6 months, calculatedAt=2025-03-31T18:00)],[]> | executed in 0 ms
2026-05-04 13:54:51.860 [http-nio-8082-exec-10] INFO  c.w.analytics.aspect.LoggingAspect - << EXIT:  AnalyticsControllerImpl.getPerformance() returned = <200 OK OK,[PerformanceRecordResponseDTO(recordId=1, accountId=1, portfolioId=1, period=DAILY, startDate=2025-03-31, endDate=2025-03-31, returnPercentage=2.82, benchmarkReturnPercentage=2.1, calculatedAt=2025-03-31T18:00), PerformanceRecordResponseDTO(recordId=6, accountId=1, portfolioId=1, period=MONTHLY, startDate=2025-03-01, endDate=2025-03-31, returnPercentage=8.5, benchmarkReturnPercentage=7.2, calculatedAt=2025-03-31T18:30)],[]> | executed in 0 ms
2026-05-04 13:55:48.493 [http-nio-8082-exec-5] INFO  c.w.analytics.aspect.LoggingAspect - >> ENTER: AnalyticsControllerImpl.getRiskMeasures() with arguments = [2, ROLE_CLIENT, 2]
2026-05-04 13:55:48.493 [http-nio-8082-exec-10] INFO  c.w.analytics.aspect.LoggingAspect - >> ENTER: AnalyticsControllerImpl.getPerformance() with arguments = [2, ROLE_CLIENT, 2]
2026-05-04 13:55:48.558 [http-nio-8082-exec-5] INFO  c.w.analytics.aspect.LoggingAspect - << EXIT:  AnalyticsControllerImpl.getRiskMeasures() returned = <200 OK OK,[RiskMeasureResponseDTO(measureId=5, accountId=2, measureType=VOLATILITY, measureValue=22.1, description=Higher volatility due to aggressive equity exposure, calculatedAt=2025-03-31T18:00), RiskMeasureResponseDTO(measureId=6, accountId=2, measureType=MAX_DRAWDOWN, measureValue=-18.75, description=Max drawdown for aggressive profile over 12 months, calculatedAt=2025-03-31T18:00)],[]> | executed in 65 ms
2026-05-04 13:55:48.558 [http-nio-8082-exec-10] INFO  c.w.analytics.aspect.LoggingAspect - << EXIT:  AnalyticsControllerImpl.getPerformance() returned = <200 OK OK,[PerformanceRecordResponseDTO(recordId=2, accountId=2, portfolioId=2, period=DAILY, startDate=2025-03-31, endDate=2025-03-31, returnPercentage=1.95, benchmarkReturnPercentage=2.1, calculatedAt=2025-03-31T18:00), PerformanceRecordResponseDTO(recordId=7, accountId=2, portfolioId=2, period=MONTHLY, startDate=2025-03-01, endDate=2025-03-31, returnPercentage=6.75, benchmarkReturnPercentage=7.2, calculatedAt=2025-03-31T18:30)],[]> | executed in 65 ms
2026-05-04 13:55:48.578 [http-nio-8082-exec-9] INFO  c.w.analytics.aspect.LoggingAspect - >> ENTER: AnalyticsControllerImpl.getRiskMeasures() with arguments = [2, ROLE_CLIENT, 2]
2026-05-04 13:55:48.578 [http-nio-8082-exec-4] INFO  c.w.analytics.aspect.LoggingAspect - >> ENTER: AnalyticsControllerImpl.getPerformance() with arguments = [2, ROLE_CLIENT, 2]
2026-05-04 13:55:48.586 [http-nio-8082-exec-4] INFO  c.w.analytics.aspect.LoggingAspect - << EXIT:  AnalyticsControllerImpl.getPerformance() returned = <200 OK OK,[PerformanceRecordResponseDTO(recordId=2, accountId=2, portfolioId=2, period=DAILY, startDate=2025-03-31, endDate=2025-03-31, returnPercentage=1.95, benchmarkReturnPercentage=2.1, calculatedAt=2025-03-31T18:00), PerformanceRecordResponseDTO(recordId=7, accountId=2, portfolioId=2, period=MONTHLY, startDate=2025-03-01, endDate=2025-03-31, returnPercentage=6.75, benchmarkReturnPercentage=7.2, calculatedAt=2025-03-31T18:30)],[]> | executed in 8 ms
2026-05-04 13:55:48.590 [http-nio-8082-exec-9] INFO  c.w.analytics.aspect.LoggingAspect - << EXIT:  AnalyticsControllerImpl.getRiskMeasures() returned = <200 OK OK,[RiskMeasureResponseDTO(measureId=5, accountId=2, measureType=VOLATILITY, measureValue=22.1, description=Higher volatility due to aggressive equity exposure, calculatedAt=2025-03-31T18:00), RiskMeasureResponseDTO(measureId=6, accountId=2, measureType=MAX_DRAWDOWN, measureValue=-18.75, description=Max drawdown for aggressive profile over 12 months, calculatedAt=2025-03-31T18:00)],[]> | executed in 12 ms
2026-05-04 13:58:27.975 [AsyncResolver-bootstrap-executor-%d] INFO  c.n.d.s.r.aws.ConfigClusterResolver - Resolving eureka endpoints via configuration
2026-05-04 14:00:32.821 [http-nio-8082-exec-1] INFO  c.w.analytics.aspect.LoggingAspect - >> ENTER: AnalyticsControllerImpl.getPerformance() with arguments = [5, ROLE_RM, null]
2026-05-04 14:00:32.821 [http-nio-8082-exec-2] INFO  c.w.analytics.aspect.LoggingAspect - >> ENTER: AnalyticsControllerImpl.getRiskMeasures() with arguments = [5, ROLE_RM, null]
2026-05-04 14:00:32.834 [http-nio-8082-exec-1] INFO  c.w.analytics.aspect.LoggingAspect - >> ENTER: AnalyticsServiceImpl.getPerformanceByAccountId() with arguments = [5]
2026-05-04 14:00:32.834 [http-nio-8082-exec-2] INFO  c.w.analytics.aspect.LoggingAspect - >> ENTER: AnalyticsServiceImpl.getRiskMeasuresByAccountId() with arguments = [5]
2026-05-04 14:00:32.854 [http-nio-8082-exec-1] INFO  c.w.analytics.aspect.LoggingAspect - << EXIT:  AnalyticsServiceImpl.getPerformanceByAccountId() returned = [PerformanceRecordResponseDTO(recordId=5, accountId=5, portfolioId=5, period=DAILY, startDate=2025-03-31, endDate=2025-03-31, returnPercentage=1.6, benchmarkReturnPercentage=2.1, calculatedAt=2025-03-31T18:00), PerformanceRecordResponseDTO(recordId=10, accountId=5, portfolioId=5, period=MONTHLY, startDate=2025-03-01, endDate=2025-03-31, returnPercentage=5.9, benchmarkReturnPercentage=7.2, calculatedAt=2025-03-31T18:30)] | executed in 20 ms
2026-05-04 14:00:32.854 [http-nio-8082-exec-2] INFO  c.w.analytics.aspect.LoggingAspect - << EXIT:  AnalyticsServiceImpl.getRiskMeasuresByAccountId() returned = [RiskMeasureResponseDTO(measureId=10, accountId=5, measureType=TRACKING_ERROR, measureValue=0.85, description=Low tracking error ÔÇö ETF-heavy balanced portfolio, calculatedAt=2025-03-31T18:00)] | executed in 20 ms
2026-05-04 14:00:32.870 [http-nio-8082-exec-1] INFO  c.w.analytics.aspect.LoggingAspect - << EXIT:  AnalyticsControllerImpl.getPerformance() returned = <200 OK OK,[PerformanceRecordResponseDTO(recordId=5, accountId=5, portfolioId=5, period=DAILY, startDate=2025-03-31, endDate=2025-03-31, returnPercentage=1.6, benchmarkReturnPercentage=2.1, calculatedAt=2025-03-31T18:00), PerformanceRecordResponseDTO(recordId=10, accountId=5, portfolioId=5, period=MONTHLY, startDate=2025-03-01, endDate=2025-03-31, returnPercentage=5.9, benchmarkReturnPercentage=7.2, calculatedAt=2025-03-31T18:30)],[]> | executed in 47 ms
2026-05-04 14:00:32.870 [http-nio-8082-exec-2] INFO  c.w.analytics.aspect.LoggingAspect - << EXIT:  AnalyticsControllerImpl.getRiskMeasures() returned = <200 OK OK,[RiskMeasureResponseDTO(measureId=10, accountId=5, measureType=TRACKING_ERROR, measureValue=0.85, description=Low tracking error ÔÇö ETF-heavy balanced portfolio, calculatedAt=2025-03-31T18:00)],[]> | executed in 47 ms
2026-05-04 14:03:27.990 [AsyncResolver-bootstrap-executor-%d] INFO  c.n.d.s.r.aws.ConfigClusterResolver - Resolving eureka endpoints via configuration
2026-05-04 14:08:36.065 [AsyncResolver-bootstrap-executor-%d] INFO  c.n.d.s.r.aws.ConfigClusterResolver - Resolving eureka endpoints via configuration
2026-05-04 14:13:36.068 [AsyncResolver-bootstrap-executor-%d] INFO  c.n.d.s.r.aws.ConfigClusterResolver - Resolving eureka endpoints via configuration
2026-05-04 14:18:36.082 [AsyncResolver-bootstrap-executor-%d] INFO  c.n.d.s.r.aws.ConfigClusterResolver - Resolving eureka endpoints via configuration
2026-05-04 14:23:36.092 [AsyncResolver-bootstrap-executor-%d] INFO  c.n.d.s.r.aws.ConfigClusterResolver - Resolving eureka endpoints via configuration
2026-05-04 14:36:27.964 [HikariPool-1:housekeeper] WARN  com.zaxxer.hikari.pool.HikariPool - HikariPool-1 - Thread starvation or clock leap detected (housekeeper delta=8m50s78ms502µs800ns).
2026-05-04 14:37:05.983 [AsyncResolver-bootstrap-executor-%d] INFO  c.n.d.s.r.aws.ConfigClusterResolver - Resolving eureka endpoints via configuration
2026-05-04 14:38:06.581 [SpringApplicationShutdownHook] INFO  o.s.c.n.e.s.EurekaServiceRegistry - Unregistering application ANALYTICS-SERVICE with eureka with status DOWN
2026-05-04 14:38:06.582 [SpringApplicationShutdownHook] INFO  c.netflix.discovery.DiscoveryClient - Saw local status change event StatusChangeEvent [timestamp=1777885686581, current=DOWN, previous=UP]
2026-05-04 14:38:06.582 [DiscoveryClient-InstanceInfoReplicator-%d] INFO  c.netflix.discovery.DiscoveryClient - DiscoveryClient_ANALYTICS-SERVICE/LTIN699679.cts.com:analytics-service:8082: registering service...
2026-05-04 14:38:06.613 [DiscoveryClient-InstanceInfoReplicator-%d] INFO  c.netflix.discovery.DiscoveryClient - DiscoveryClient_ANALYTICS-SERVICE/LTIN699679.cts.com:analytics-service:8082 - registration status: 204
2026-05-04 14:38:06.629 [SpringApplicationShutdownHook] INFO  o.s.b.w.e.tomcat.GracefulShutdown - Commencing graceful shutdown. Waiting for active requests to complete
2026-05-04 14:38:06.650 [tomcat-shutdown] INFO  o.s.b.w.e.tomcat.GracefulShutdown - Graceful shutdown complete
2026-05-04 14:38:06.695 [SpringApplicationShutdownHook] INFO  o.s.o.j.LocalContainerEntityManagerFactoryBean - Closing JPA EntityManagerFactory for persistence unit 'default'
2026-05-04 14:38:06.741 [SpringApplicationShutdownHook] INFO  com.zaxxer.hikari.HikariDataSource - HikariPool-1 - Shutdown initiated...
2026-05-04 14:38:06.755 [SpringApplicationShutdownHook] INFO  com.zaxxer.hikari.HikariDataSource - HikariPool-1 - Shutdown completed.
2026-05-04 14:38:06.757 [SpringApplicationShutdownHook] INFO  c.netflix.discovery.DiscoveryClient - Shutting down DiscoveryClient ...
2026-05-04 14:38:09.760 [SpringApplicationShutdownHook] INFO  c.netflix.discovery.DiscoveryClient - Unregistering ...
2026-05-04 14:38:09.838 [SpringApplicationShutdownHook] INFO  c.n.d.s.t.d.RedirectingEurekaHttpClient - Request execution error. endpoint=DefaultEndpoint{ serviceUrl='http://localhost:8761/eureka/} exception=I/O error on DELETE request for "http://localhost:8761/eureka/apps/ANALYTICS-SERVICE/LTIN699679.cts.com:analytics-service:8082": Connect to http://localhost:8761 failed: Connection refused: getsockopt stacktrace=org.springframework.web.client.ResourceAccessException: I/O error on DELETE request for "http://localhost:8761/eureka/apps/ANALYTICS-SERVICE/LTIN699679.cts.com:analytics-service:8082": Connect to http://localhost:8761 failed: Connection refused: getsockopt
	at org.springframework.web.client.RestTemplate.createResourceAccessException(RestTemplate.java:926)
	at org.springframework.web.client.RestTemplate.doExecute(RestTemplate.java:906)
	at org.springframework.web.client.RestTemplate.execute(RestTemplate.java:841)
	at org.springframework.web.client.RestTemplate.exchange(RestTemplate.java:702)
	at org.springframework.cloud.netflix.eureka.http.RestTemplateEurekaHttpClient.cancel(RestTemplateEurekaHttpClient.java:100)
	at com.netflix.discovery.shared.transport.decorator.EurekaHttpClientDecorator$2.execute(EurekaHttpClientDecorator.java:74)
	at com.netflix.discovery.shared.transport.decorator.RedirectingEurekaHttpClient.execute(RedirectingEurekaHttpClient.java:91)
	at com.netflix.discovery.shared.transport.decorator.EurekaHttpClientDecorator.cancel(EurekaHttpClientDecorator.java:71)
	at com.netflix.discovery.shared.transport.decorator.EurekaHttpClientDecorator$2.execute(EurekaHttpClientDecorator.java:74)
	at com.netflix.discovery.shared.transport.decorator.RetryableEurekaHttpClient.execute(RetryableEurekaHttpClient.java:120)
	at com.netflix.discovery.shared.transport.decorator.EurekaHttpClientDecorator.cancel(EurekaHttpClientDecorator.java:71)
	at com.netflix.discovery.shared.transport.decorator.EurekaHttpClientDecorator$2.execute(EurekaHttpClientDecorator.java:74)
	at com.netflix.discovery.shared.transport.decorator.SessionedEurekaHttpClient.execute(SessionedEurekaHttpClient.java:76)
	at com.netflix.discovery.shared.transport.decorator.EurekaHttpClientDecorator.cancel(EurekaHttpClientDecorator.java:71)
	at com.netflix.discovery.DiscoveryClient.unregister(DiscoveryClient.java:919)
	at com.netflix.discovery.DiscoveryClient.shutdown(DiscoveryClient.java:900)
	at java.base/jdk.internal.reflect.DirectMethodHandleAccessor.invoke(DirectMethodHandleAccessor.java:104)
	at java.base/java.lang.reflect.Method.invoke(Method.java:565)
	at org.springframework.beans.factory.annotation.InitDestroyAnnotationBeanPostProcessor$LifecycleMethod.invoke(InitDestroyAnnotationBeanPostProcessor.java:457)
	at org.springframework.beans.factory.annotation.InitDestroyAnnotationBeanPostProcessor$LifecycleMetadata.invokeDestroyMethods(InitDestroyAnnotationBeanPostProcessor.java:415)
	at org.springframework.beans.factory.annotation.InitDestroyAnnotationBeanPostProcessor.postProcessBeforeDestruction(InitDestroyAnnotationBeanPostProcessor.java:239)
	at org.springframework.beans.factory.support.DisposableBeanAdapter.destroy(DisposableBeanAdapter.java:203)
	at org.springframework.beans.factory.support.DisposableBeanAdapter.run(DisposableBeanAdapter.java:196)
	at org.springframework.cloud.context.scope.GenericScope$BeanLifecycleWrapper.destroy(GenericScope.java:387)
	at org.springframework.cloud.context.scope.GenericScope.destroy(GenericScope.java:134)
	at org.springframework.beans.factory.support.DisposableBeanAdapter.destroy(DisposableBeanAdapter.java:212)
	at org.springframework.beans.factory.support.DefaultSingletonBeanRegistry.destroyBean(DefaultSingletonBeanRegistry.java:798)
	at org.springframework.beans.factory.support.DefaultSingletonBeanRegistry.destroySingleton(DefaultSingletonBeanRegistry.java:748)
	at org.springframework.beans.factory.support.DefaultListableBeanFactory.destroySingleton(DefaultListableBeanFactory.java:1499)
	at org.springframework.beans.factory.support.DefaultSingletonBeanRegistry.destroySingletons(DefaultSingletonBeanRegistry.java:707)
	at org.springframework.beans.factory.support.DefaultListableBeanFactory.destroySingletons(DefaultListableBeanFactory.java:1492)
	at org.springframework.context.support.AbstractApplicationContext.destroyBeans(AbstractApplicationContext.java:1243)
	at org.springframework.context.support.AbstractApplicationContext.doClose(AbstractApplicationContext.java:1204)
	at org.springframework.boot.web.servlet.context.ServletWebServerApplicationContext.doClose(ServletWebServerApplicationContext.java:179)
	at org.springframework.context.support.AbstractApplicationContext.close(AbstractApplicationContext.java:1150)
	at org.springframework.boot.SpringApplicationShutdownHook.closeAndWait(SpringApplicationShutdownHook.java:147)
	at java.base/java.lang.Iterable.forEach(Iterable.java:75)
	at org.springframework.boot.SpringApplicationShutdownHook.run(SpringApplicationShutdownHook.java:116)
	at java.base/java.lang.Thread.run(Thread.java:1447)
Caused by: org.apache.hc.client5.http.HttpHostConnectException: Connect to http://localhost:8761 failed: Connection refused: getsockopt
	at java.base/sun.nio.ch.Net.pollConnect(Native Method)
	at java.base/sun.nio.ch.Net.pollConnectNow(Net.java:628)
	at java.base/sun.nio.ch.NioSocketImpl.timedFinishConnect(NioSocketImpl.java:533)
	at java.base/sun.nio.ch.NioSocketImpl.connect(NioSocketImpl.java:583)
	at java.base/java.net.SocksSocketImpl.connect(SocksSocketImpl.java:282)
	at java.base/java.net.Socket.connect(Socket.java:665)
	at org.apache.hc.client5.http.impl.io.DefaultHttpClientConnectionOperator.connect(DefaultHttpClientConnectionOperator.java:226)
	at org.apache.hc.client5.http.impl.io.PoolingHttpClientConnectionManager.connect(PoolingHttpClientConnectionManager.java:497)
	at org.apache.hc.client5.http.impl.classic.InternalExecRuntime.connectEndpoint(InternalExecRuntime.java:164)
	at org.apache.hc.client5.http.impl.classic.InternalExecRuntime.connectEndpoint(InternalExecRuntime.java:174)
	at org.apache.hc.client5.http.impl.classic.ConnectExec.execute(ConnectExec.java:144)
	at org.apache.hc.client5.http.impl.classic.ExecChainElement.execute(ExecChainElement.java:51)
	at org.apache.hc.client5.http.impl.classic.ProtocolExec.execute(ProtocolExec.java:195)
	at org.apache.hc.client5.http.impl.classic.ExecChainElement.execute(ExecChainElement.java:51)
	at org.apache.hc.client5.http.impl.classic.ContentCompressionExec.execute(ContentCompressionExec.java:168)
	at org.apache.hc.client5.http.impl.classic.ExecChainElement.execute(ExecChainElement.java:51)
	at org.apache.hc.client5.http.impl.classic.HttpRequestRetryExec.execute(HttpRequestRetryExec.java:112)
	at org.apache.hc.client5.http.impl.classic.ExecChainElement.execute(ExecChainElement.java:51)
	at org.apache.hc.client5.http.impl.classic.RedirectExec.execute(RedirectExec.java:110)
	at org.apache.hc.client5.http.impl.classic.ExecChainElement.execute(ExecChainElement.java:51)
	at org.apache.hc.client5.http.impl.classic.InternalHttpClient.doExecute(InternalHttpClient.java:185)
	at org.apache.hc.client5.http.impl.classic.CloseableHttpClient.execute(CloseableHttpClient.java:87)
	at org.apache.hc.client5.http.impl.classic.CloseableHttpClient.execute(CloseableHttpClient.java:55)
	at org.apache.hc.client5.http.classic.HttpClient.executeOpen(HttpClient.java:183)
	at org.springframework.http.client.HttpComponentsClientHttpRequest.executeInternal(HttpComponentsClientHttpRequest.java:99)
	at org.springframework.http.client.AbstractStreamingClientHttpRequest.executeInternal(AbstractStreamingClientHttpRequest.java:88)
	at org.springframework.http.client.AbstractClientHttpRequest.execute(AbstractClientHttpRequest.java:81)
	at org.springframework.http.client.InterceptingClientHttpRequest$InterceptingRequestExecution.execute(InterceptingClientHttpRequest.java:117)
	at org.springframework.cloud.netflix.eureka.http.RestTemplateTransportClientFactory.lambda$restTemplate$2(RestTemplateTransportClientFactory.java:145)
	at org.springframework.http.client.InterceptingClientHttpRequest$InterceptingRequestExecution.execute(InterceptingClientHttpRequest.java:88)
	at org.springframework.http.client.InterceptingClientHttpRequest.executeInternal(InterceptingClientHttpRequest.java:72)
	at org.springframework.http.client.AbstractBufferingClientHttpRequest.executeInternal(AbstractBufferingClientHttpRequest.java:48)
	at org.springframework.http.client.AbstractClientHttpRequest.execute(AbstractClientHttpRequest.java:81)
	at org.springframework.web.client.RestTemplate.doExecute(RestTemplate.java:900)
	... 37 more

2026-05-04 14:38:09.839 [SpringApplicationShutdownHook] WARN  c.n.d.s.t.d.RetryableEurekaHttpClient - Request execution failed with message: I/O error on DELETE request for "http://localhost:8761/eureka/apps/ANALYTICS-SERVICE/LTIN699679.cts.com:analytics-service:8082": Connect to http://localhost:8761 failed: Connection refused: getsockopt
2026-05-04 14:38:09.858 [SpringApplicationShutdownHook] INFO  c.n.d.s.t.d.RedirectingEurekaHttpClient - Request execution error. endpoint=DefaultEndpoint{ serviceUrl='http://localhost:8761/eureka/}, exception=I/O error on DELETE request for "http://localhost:8761/eureka/apps/ANALYTICS-SERVICE/LTIN699679.cts.com:analytics-service:8082": Connect to http://localhost:8761 failed: Connection refused: getsockopt stacktrace=org.springframework.web.client.ResourceAccessException: I/O error on DELETE request for "http://localhost:8761/eureka/apps/ANALYTICS-SERVICE/LTIN699679.cts.com:analytics-service:8082": Connect to http://localhost:8761 failed: Connection refused: getsockopt
	at org.springframework.web.client.RestTemplate.createResourceAccessException(RestTemplate.java:926)
	at org.springframework.web.client.RestTemplate.doExecute(RestTemplate.java:906)
	at org.springframework.web.client.RestTemplate.execute(RestTemplate.java:841)
	at org.springframework.web.client.RestTemplate.exchange(RestTemplate.java:702)
	at org.springframework.cloud.netflix.eureka.http.RestTemplateEurekaHttpClient.cancel(RestTemplateEurekaHttpClient.java:100)
	at com.netflix.discovery.shared.transport.decorator.EurekaHttpClientDecorator$2.execute(EurekaHttpClientDecorator.java:74)
	at com.netflix.discovery.shared.transport.decorator.RedirectingEurekaHttpClient.executeOnNewServer(RedirectingEurekaHttpClient.java:121)
	at com.netflix.discovery.shared.transport.decorator.RedirectingEurekaHttpClient.execute(RedirectingEurekaHttpClient.java:80)
	at com.netflix.discovery.shared.transport.decorator.EurekaHttpClientDecorator.cancel(EurekaHttpClientDecorator.java:71)
	at com.netflix.discovery.shared.transport.decorator.EurekaHttpClientDecorator$2.execute(EurekaHttpClientDecorator.java:74)
	at com.netflix.discovery.shared.transport.decorator.RetryableEurekaHttpClient.execute(RetryableEurekaHttpClient.java:120)
	at com.netflix.discovery.shared.transport.decorator.EurekaHttpClientDecorator.cancel(EurekaHttpClientDecorator.java:71)
	at com.netflix.discovery.shared.transport.decorator.EurekaHttpClientDecorator$2.execute(EurekaHttpClientDecorator.java:74)
	at com.netflix.discovery.shared.transport.decorator.SessionedEurekaHttpClient.execute(SessionedEurekaHttpClient.java:76)
	at com.netflix.discovery.shared.transport.decorator.EurekaHttpClientDecorator.cancel(EurekaHttpClientDecorator.java:71)
	at com.netflix.discovery.DiscoveryClient.unregister(DiscoveryClient.java:919)
	at com.netflix.discovery.DiscoveryClient.shutdown(DiscoveryClient.java:900)
	at java.base/jdk.internal.reflect.DirectMethodHandleAccessor.invoke(DirectMethodHandleAccessor.java:104)
	at java.base/java.lang.reflect.Method.invoke(Method.java:565)
	at org.springframework.beans.factory.annotation.InitDestroyAnnotationBeanPostProcessor$LifecycleMethod.invoke(InitDestroyAnnotationBeanPostProcessor.java:457)
	at org.springframework.beans.factory.annotation.InitDestroyAnnotationBeanPostProcessor$LifecycleMetadata.invokeDestroyMethods(InitDestroyAnnotationBeanPostProcessor.java:415)
	at org.springframework.beans.factory.annotation.InitDestroyAnnotationBeanPostProcessor.postProcessBeforeDestruction(InitDestroyAnnotationBeanPostProcessor.java:239)
	at org.springframework.beans.factory.support.DisposableBeanAdapter.destroy(DisposableBeanAdapter.java:203)
	at org.springframework.beans.factory.support.DisposableBeanAdapter.run(DisposableBeanAdapter.java:196)
	at org.springframework.cloud.context.scope.GenericScope$BeanLifecycleWrapper.destroy(GenericScope.java:387)
	at org.springframework.cloud.context.scope.GenericScope.destroy(GenericScope.java:134)
	at org.springframework.beans.factory.support.DisposableBeanAdapter.destroy(DisposableBeanAdapter.java:212)
	at org.springframework.beans.factory.support.DefaultSingletonBeanRegistry.destroyBean(DefaultSingletonBeanRegistry.java:798)
	at org.springframework.beans.factory.support.DefaultSingletonBeanRegistry.destroySingleton(DefaultSingletonBeanRegistry.java:748)
	at org.springframework.beans.factory.support.DefaultListableBeanFactory.destroySingleton(DefaultListableBeanFactory.java:1499)
	at org.springframework.beans.factory.support.DefaultSingletonBeanRegistry.destroySingletons(DefaultSingletonBeanRegistry.java:707)
	at org.springframework.beans.factory.support.DefaultListableBeanFactory.destroySingletons(DefaultListableBeanFactory.java:1492)
	at org.springframework.context.support.AbstractApplicationContext.destroyBeans(AbstractApplicationContext.java:1243)
	at org.springframework.context.support.AbstractApplicationContext.doClose(AbstractApplicationContext.java:1204)
	at org.springframework.boot.web.servlet.context.ServletWebServerApplicationContext.doClose(ServletWebServerApplicationContext.java:179)
	at org.springframework.context.support.AbstractApplicationContext.close(AbstractApplicationContext.java:1150)
	at org.springframework.boot.SpringApplicationShutdownHook.closeAndWait(SpringApplicationShutdownHook.java:147)
	at java.base/java.lang.Iterable.forEach(Iterable.java:75)
	at org.springframework.boot.SpringApplicationShutdownHook.run(SpringApplicationShutdownHook.java:116)
	at java.base/java.lang.Thread.run(Thread.java:1447)
Caused by: org.apache.hc.client5.http.HttpHostConnectException: Connect to http://localhost:8761 failed: Connection refused: getsockopt
	at java.base/sun.nio.ch.Net.pollConnect(Native Method)
	at java.base/sun.nio.ch.Net.pollConnectNow(Net.java:628)
	at java.base/sun.nio.ch.NioSocketImpl.timedFinishConnect(NioSocketImpl.java:533)
	at java.base/sun.nio.ch.NioSocketImpl.connect(NioSocketImpl.java:583)
	at java.base/java.net.SocksSocketImpl.connect(SocksSocketImpl.java:282)
	at java.base/java.net.Socket.connect(Socket.java:665)
	at org.apache.hc.client5.http.impl.io.DefaultHttpClientConnectionOperator.connect(DefaultHttpClientConnectionOperator.java:226)
	at org.apache.hc.client5.http.impl.io.PoolingHttpClientConnectionManager.connect(PoolingHttpClientConnectionManager.java:497)
	at org.apache.hc.client5.http.impl.classic.InternalExecRuntime.connectEndpoint(InternalExecRuntime.java:164)
	at org.apache.hc.client5.http.impl.classic.InternalExecRuntime.connectEndpoint(InternalExecRuntime.java:174)
	at org.apache.hc.client5.http.impl.classic.ConnectExec.execute(ConnectExec.java:144)
	at org.apache.hc.client5.http.impl.classic.ExecChainElement.execute(ExecChainElement.java:51)
	at org.apache.hc.client5.http.impl.classic.ProtocolExec.execute(ProtocolExec.java:195)
	at org.apache.hc.client5.http.impl.classic.ExecChainElement.execute(ExecChainElement.java:51)
	at org.apache.hc.client5.http.impl.classic.ContentCompressionExec.execute(ContentCompressionExec.java:168)
	at org.apache.hc.client5.http.impl.classic.ExecChainElement.execute(ExecChainElement.java:51)
	at org.apache.hc.client5.http.impl.classic.HttpRequestRetryExec.execute(HttpRequestRetryExec.java:112)
	at org.apache.hc.client5.http.impl.classic.ExecChainElement.execute(ExecChainElement.java:51)
	at org.apache.hc.client5.http.impl.classic.RedirectExec.execute(RedirectExec.java:110)
	at org.apache.hc.client5.http.impl.classic.ExecChainElement.execute(ExecChainElement.java:51)
	at org.apache.hc.client5.http.impl.classic.InternalHttpClient.doExecute(InternalHttpClient.java:185)
	at org.apache.hc.client5.http.impl.classic.CloseableHttpClient.execute(CloseableHttpClient.java:87)
	at org.apache.hc.client5.http.impl.classic.CloseableHttpClient.execute(CloseableHttpClient.java:55)
	at org.apache.hc.client5.http.classic.HttpClient.executeOpen(HttpClient.java:183)
	at org.springframework.http.client.HttpComponentsClientHttpRequest.executeInternal(HttpComponentsClientHttpRequest.java:99)
	at org.springframework.http.client.AbstractStreamingClientHttpRequest.executeInternal(AbstractStreamingClientHttpRequest.java:88)
	at org.springframework.http.client.AbstractClientHttpRequest.execute(AbstractClientHttpRequest.java:81)
	at org.springframework.http.client.InterceptingClientHttpRequest$InterceptingRequestExecution.execute(InterceptingClientHttpRequest.java:117)
	at org.springframework.cloud.netflix.eureka.http.RestTemplateTransportClientFactory.lambda$restTemplate$2(RestTemplateTransportClientFactory.java:145)
	at org.springframework.http.client.InterceptingClientHttpRequest$InterceptingRequestExecution.execute(InterceptingClientHttpRequest.java:88)
	at org.springframework.http.client.InterceptingClientHttpRequest.executeInternal(InterceptingClientHttpRequest.java:72)
	at org.springframework.http.client.AbstractBufferingClientHttpRequest.executeInternal(AbstractBufferingClientHttpRequest.java:48)
	at org.springframework.http.client.AbstractClientHttpRequest.execute(AbstractClientHttpRequest.java:81)
	at org.springframework.web.client.RestTemplate.doExecute(RestTemplate.java:900)
	... 38 more

2026-05-04 14:38:09.858 [SpringApplicationShutdownHook] WARN  c.n.d.s.t.d.RetryableEurekaHttpClient - Request execution failed with message: I/O error on DELETE request for "http://localhost:8761/eureka/apps/ANALYTICS-SERVICE/LTIN699679.cts.com:analytics-service:8082": Connect to http://localhost:8761 failed: Connection refused: getsockopt
2026-05-04 14:38:09.859 [SpringApplicationShutdownHook] ERROR c.netflix.discovery.DiscoveryClient - DiscoveryClient_ANALYTICS-SERVICE/LTIN699679.cts.com:analytics-service:8082 - de-registration failedCannot execute request on any known server
com.netflix.discovery.shared.transport.TransportException: Cannot execute request on any known server
	at com.netflix.discovery.shared.transport.decorator.RetryableEurekaHttpClient.execute(RetryableEurekaHttpClient.java:112)
	at com.netflix.discovery.shared.transport.decorator.EurekaHttpClientDecorator.cancel(EurekaHttpClientDecorator.java:71)
	at com.netflix.discovery.shared.transport.decorator.EurekaHttpClientDecorator$2.execute(EurekaHttpClientDecorator.java:74)
	at com.netflix.discovery.shared.transport.decorator.SessionedEurekaHttpClient.execute(SessionedEurekaHttpClient.java:76)
	at com.netflix.discovery.shared.transport.decorator.EurekaHttpClientDecorator.cancel(EurekaHttpClientDecorator.java:71)
	at com.netflix.discovery.DiscoveryClient.unregister(DiscoveryClient.java:919)
	at com.netflix.discovery.DiscoveryClient.shutdown(DiscoveryClient.java:900)
	at java.base/jdk.internal.reflect.DirectMethodHandleAccessor.invoke(DirectMethodHandleAccessor.java:104)
	at java.base/java.lang.reflect.Method.invoke(Method.java:565)
	at org.springframework.beans.factory.annotation.InitDestroyAnnotationBeanPostProcessor$LifecycleMethod.invoke(InitDestroyAnnotationBeanPostProcessor.java:457)
	at org.springframework.beans.factory.annotation.InitDestroyAnnotationBeanPostProcessor$LifecycleMetadata.invokeDestroyMethods(InitDestroyAnnotationBeanPostProcessor.java:415)
	at org.springframework.beans.factory.annotation.InitDestroyAnnotationBeanPostProcessor.postProcessBeforeDestruction(InitDestroyAnnotationBeanPostProcessor.java:239)
	at org.springframework.beans.factory.support.DisposableBeanAdapter.destroy(DisposableBeanAdapter.java:203)
	at org.springframework.beans.factory.support.DisposableBeanAdapter.run(DisposableBeanAdapter.java:196)
	at org.springframework.cloud.context.scope.GenericScope$BeanLifecycleWrapper.destroy(GenericScope.java:387)
	at org.springframework.cloud.context.scope.GenericScope.destroy(GenericScope.java:134)
	at org.springframework.beans.factory.support.DisposableBeanAdapter.destroy(DisposableBeanAdapter.java:212)
	at org.springframework.beans.factory.support.DefaultSingletonBeanRegistry.destroyBean(DefaultSingletonBeanRegistry.java:798)
	at org.springframework.beans.factory.support.DefaultSingletonBeanRegistry.destroySingleton(DefaultSingletonBeanRegistry.java:748)
	at org.springframework.beans.factory.support.DefaultListableBeanFactory.destroySingleton(DefaultListableBeanFactory.java:1499)
	at org.springframework.beans.factory.support.DefaultSingletonBeanRegistry.destroySingletons(DefaultSingletonBeanRegistry.java:707)
	at org.springframework.beans.factory.support.DefaultListableBeanFactory.destroySingletons(DefaultListableBeanFactory.java:1492)
	at org.springframework.context.support.AbstractApplicationContext.destroyBeans(AbstractApplicationContext.java:1243)
	at org.springframework.context.support.AbstractApplicationContext.doClose(AbstractApplicationContext.java:1204)
	at org.springframework.boot.web.servlet.context.ServletWebServerApplicationContext.doClose(ServletWebServerApplicationContext.java:179)
	at org.springframework.context.support.AbstractApplicationContext.close(AbstractApplicationContext.java:1150)
	at org.springframework.boot.SpringApplicationShutdownHook.closeAndWait(SpringApplicationShutdownHook.java:147)
	at java.base/java.lang.Iterable.forEach(Iterable.java:75)
	at org.springframework.boot.SpringApplicationShutdownHook.run(SpringApplicationShutdownHook.java:116)
	at java.base/java.lang.Thread.run(Thread.java:1447)
2026-05-04 14:38:09.874 [SpringApplicationShutdownHook] INFO  c.netflix.discovery.DiscoveryClient - Completed shut down of DiscoveryClient
