2026-04-30 19:41:21.573 [background-preinit] INFO  o.h.validator.internal.util.Version - HV000001: Hibernate Validator 8.0.3.Final
2026-04-30 19:41:21.655 [restartedMain] INFO  c.w.a.AnalyticsServiceApplication - Starting AnalyticsServiceApplication using Java 24.0.1 with PID 1804 (C:\Users\2478178\Downloads\WealthPro\WealthPro\Backend\analytics-service\target\classes started by 2478178 in C:\Users\2478178\Downloads\WealthPro\WealthPro)
2026-04-30 19:41:21.655 [restartedMain] DEBUG c.w.a.AnalyticsServiceApplication - Running with Spring Boot v3.5.11, Spring v6.2.16
2026-04-30 19:41:21.656 [restartedMain] INFO  c.w.a.AnalyticsServiceApplication - No active profile set, falling back to 1 default profile: "default"
2026-04-30 19:41:21.747 [restartedMain] INFO  o.s.b.d.e.DevToolsPropertyDefaultsPostProcessor - Devtools property defaults active! Set 'spring.devtools.add-properties' to 'false' to disable
2026-04-30 19:41:21.748 [restartedMain] INFO  o.s.b.d.e.DevToolsPropertyDefaultsPostProcessor - For additional web related logging consider setting the 'logging.level.web' property to 'DEBUG'
2026-04-30 19:41:23.292 [restartedMain] INFO  o.s.d.r.c.RepositoryConfigurationDelegate - Bootstrapping Spring Data JPA repositories in DEFAULT mode.
2026-04-30 19:41:23.479 [restartedMain] INFO  o.s.d.r.c.RepositoryConfigurationDelegate - Finished Spring Data repository scanning in 177 ms. Found 3 JPA repository interfaces.
2026-04-30 19:41:23.765 [restartedMain] INFO  o.s.cloud.context.scope.GenericScope - BeanFactory id=5a4ab00c-d08b-3174-83ae-17c38be69188
2026-04-30 19:41:24.454 [restartedMain] INFO  o.s.b.w.e.tomcat.TomcatWebServer - Tomcat initialized with port 8082 (http)
2026-04-30 19:41:24.466 [restartedMain] INFO  o.a.coyote.http11.Http11NioProtocol - Initializing ProtocolHandler ["http-nio-8082"]
2026-04-30 19:41:24.468 [restartedMain] INFO  o.a.catalina.core.StandardService - Starting service [Tomcat]
2026-04-30 19:41:24.468 [restartedMain] INFO  o.a.catalina.core.StandardEngine - Starting Servlet engine: [Apache Tomcat/10.1.52]
2026-04-30 19:41:24.529 [restartedMain] INFO  o.a.c.c.C.[Tomcat].[localhost].[/] - Initializing Spring embedded WebApplicationContext
2026-04-30 19:41:24.530 [restartedMain] INFO  o.s.b.w.s.c.ServletWebServerApplicationContext - Root WebApplicationContext: initialization completed in 2782 ms
2026-04-30 19:41:24.912 [restartedMain] INFO  o.h.jpa.internal.util.LogHelper - HHH000204: Processing PersistenceUnitInfo [name: default]
2026-04-30 19:41:24.962 [restartedMain] INFO  org.hibernate.Version - HHH000412: Hibernate ORM core version 6.6.42.Final
2026-04-30 19:41:24.994 [restartedMain] INFO  o.h.c.i.RegionFactoryInitiator - HHH000026: Second-level cache disabled
2026-04-30 19:41:25.283 [restartedMain] INFO  o.s.o.j.p.SpringPersistenceUnitInfo - No LoadTimeWeaver setup: ignoring JPA class transformer
2026-04-30 19:41:25.314 [restartedMain] INFO  com.zaxxer.hikari.HikariDataSource - HikariPool-1 - Starting...
2026-04-30 19:41:25.658 [restartedMain] INFO  com.zaxxer.hikari.pool.HikariPool - HikariPool-1 - Added connection com.mysql.cj.jdbc.ConnectionImpl@5c3d7842
2026-04-30 19:41:25.659 [restartedMain] INFO  com.zaxxer.hikari.HikariDataSource - HikariPool-1 - Start completed.
2026-04-30 19:41:25.738 [restartedMain] INFO  o.hibernate.orm.connections.pooling - HHH10001005: Database info:
	Database JDBC URL [Connecting through datasource 'HikariDataSource (HikariPool-1)']
	Database driver: undefined/unknown
	Database version: 8.0.44
	Autocommit mode: undefined/unknown
	Isolation level: undefined/unknown
	Minimum pool size: undefined/unknown
	Maximum pool size: undefined/unknown
2026-04-30 19:41:26.697 [restartedMain] INFO  o.h.e.t.j.p.i.JtaPlatformInitiator - HHH000489: No JTA platform available (set 'hibernate.transaction.jta.platform' to enable JTA platform integration)
2026-04-30 19:41:26.763 [restartedMain] INFO  o.s.o.j.LocalContainerEntityManagerFactoryBean - Initialized JPA EntityManagerFactory for persistence unit 'default'
2026-04-30 19:41:27.334 [restartedMain] WARN  o.s.b.a.o.j.JpaBaseConfiguration$JpaWebConfiguration - spring.jpa.open-in-view is enabled by default. Therefore, database queries may be performed during view rendering. Explicitly configure spring.jpa.open-in-view to disable this warning
2026-04-30 19:41:27.382 [restartedMain] WARN  o.s.b.d.a.OptionalLiveReloadServer - Unable to start LiveReload server
2026-04-30 19:41:27.433 [restartedMain] INFO  o.s.c.o.FeignClientFactoryBean - For 'pbor-service' URL not provided. Will try picking an instance via load-balancing.
2026-04-30 19:41:27.488 [restartedMain] INFO  o.s.c.o.FeignClientFactoryBean - For 'wealthpro-service' URL not provided. Will try picking an instance via load-balancing.
2026-04-30 19:41:27.503 [restartedMain] INFO  o.s.c.o.FeignClientFactoryBean - For 'notifications-service' URL not provided. Will try picking an instance via load-balancing.
2026-04-30 19:41:27.532 [restartedMain] INFO  o.s.c.o.FeignClientFactoryBean - For 'PBOR-SERVICE' URL not provided. Will try picking an instance via load-balancing.
2026-04-30 19:41:28.775 [restartedMain] INFO  o.s.c.n.e.c.DiscoveryClientOptionalArgsConfiguration - Eureka HTTP Client uses RestTemplate.
2026-04-30 19:41:28.877 [restartedMain] WARN  o.s.c.l.c.LoadBalancerCacheAutoConfiguration$LoadBalancerCaffeineWarnLogger - Spring Cloud LoadBalancer is currently working with the default cache. While this cache implementation is useful for development and tests, it's recommended to use Caffeine cache in production.You can switch to using Caffeine cache, by adding it and org.springframework.cache.caffeine.CaffeineCacheManager to the classpath.
2026-04-30 19:41:28.929 [restartedMain] INFO  o.s.b.a.e.web.EndpointLinksResolver - Exposing 17 endpoints beneath base path '/actuator'
2026-04-30 19:41:29.166 [restartedMain] INFO  o.s.c.n.eureka.InstanceInfoFactory - Setting initial instance status as: STARTING
2026-04-30 19:41:29.185 [restartedMain] INFO  c.netflix.discovery.DiscoveryClient - Initializing Eureka in region us-east-1
2026-04-30 19:41:29.188 [restartedMain] INFO  c.n.d.s.r.aws.ConfigClusterResolver - Resolving eureka endpoints via configuration
2026-04-30 19:41:29.194 [restartedMain] INFO  c.netflix.discovery.DiscoveryClient - Disable delta property : false
2026-04-30 19:41:29.194 [restartedMain] INFO  c.netflix.discovery.DiscoveryClient - Single vip registry refresh property : null
2026-04-30 19:41:29.194 [restartedMain] INFO  c.netflix.discovery.DiscoveryClient - Force full registry fetch : false
2026-04-30 19:41:29.194 [restartedMain] INFO  c.netflix.discovery.DiscoveryClient - Application is null : false
2026-04-30 19:41:29.195 [restartedMain] INFO  c.netflix.discovery.DiscoveryClient - Registered Applications size is zero : true
2026-04-30 19:41:29.195 [restartedMain] INFO  c.netflix.discovery.DiscoveryClient - Application version is -1: true
2026-04-30 19:41:29.195 [restartedMain] INFO  c.netflix.discovery.DiscoveryClient - Getting all instance registry info from the eureka server
2026-04-30 19:41:29.397 [restartedMain] INFO  c.netflix.discovery.DiscoveryClient - The response status is 200
2026-04-30 19:41:29.399 [restartedMain] INFO  c.netflix.discovery.DiscoveryClient - Starting heartbeat executor: renew interval is: 30
2026-04-30 19:41:29.401 [restartedMain] INFO  c.n.discovery.InstanceInfoReplicator - InstanceInfoReplicator onDemand update allowed rate per min is 4
2026-04-30 19:41:29.402 [restartedMain] INFO  c.netflix.discovery.DiscoveryClient - Discovery Client initialized at timestamp 1777558289401 with initial instances count: 4
2026-04-30 19:41:29.407 [restartedMain] INFO  o.s.c.n.e.s.EurekaServiceRegistry - Registering application ANALYTICS-SERVICE with eureka with status UP
2026-04-30 19:41:29.408 [restartedMain] INFO  c.netflix.discovery.DiscoveryClient - Saw local status change event StatusChangeEvent [timestamp=1777558289408, current=UP, previous=STARTING]
2026-04-30 19:41:29.409 [DiscoveryClient-InstanceInfoReplicator-%d] INFO  c.netflix.discovery.DiscoveryClient - DiscoveryClient_ANALYTICS-SERVICE/LTIN699679.cts.com:analytics-service:8082: registering service...
2026-04-30 19:41:29.410 [restartedMain] INFO  o.a.coyote.http11.Http11NioProtocol - Starting ProtocolHandler ["http-nio-8082"]
2026-04-30 19:41:29.430 [restartedMain] INFO  o.s.b.w.e.tomcat.TomcatWebServer - Tomcat started on port 8082 (http) with context path '/'
2026-04-30 19:41:29.431 [restartedMain] INFO  o.s.c.n.e.s.EurekaAutoServiceRegistration - Updating port to 8082
2026-04-30 19:41:29.448 [restartedMain] INFO  c.w.a.AnalyticsServiceApplication - Started AnalyticsServiceApplication in 8.779 seconds (process running for 9.945)
2026-04-30 19:41:29.453 [DiscoveryClient-InstanceInfoReplicator-%d] INFO  c.netflix.discovery.DiscoveryClient - DiscoveryClient_ANALYTICS-SERVICE/LTIN699679.cts.com:analytics-service:8082 - registration status: 204
2026-04-30 19:41:29.546 [registrationTask1] WARN  d.c.b.a.c.r.ApplicationRegistrator - Failed to register application as Application(name=analytics-service, managementUrl=http://192.168.0.109:8082/actuator, healthUrl=http://192.168.0.109:8082/actuator/health, serviceUrl=http://192.168.0.109:8082/) at spring-boot-admin ([http://localhost:8083/instances]): I/O error on POST request for "http://localhost:8083/instances": Connect to http://localhost:8083 failed: Connection refused: getsockopt. Further attempts are logged on DEBUG level
org.springframework.web.client.ResourceAccessException: I/O error on POST request for "http://localhost:8083/instances": Connect to http://localhost:8083 failed: Connection refused: getsockopt
	at org.springframework.web.client.DefaultRestClient$DefaultRequestBodyUriSpec.createResourceAccessException(DefaultRestClient.java:704)
	at org.springframework.web.client.DefaultRestClient$DefaultRequestBodyUriSpec.exchangeInternal(DefaultRestClient.java:589)
	at org.springframework.web.client.DefaultRestClient$DefaultRequestBodyUriSpec.exchange(DefaultRestClient.java:540)
	at org.springframework.web.client.RestClient$RequestHeadersSpec.exchange(RestClient.java:680)
	at org.springframework.web.client.DefaultRestClient$DefaultResponseSpec.executeAndExtract(DefaultRestClient.java:821)
	at org.springframework.web.client.DefaultRestClient$DefaultResponseSpec.body(DefaultRestClient.java:765)
	at de.codecentric.boot.admin.client.registration.RestClientRegistrationClient.register(RestClientRegistrationClient.java:45)
	at de.codecentric.boot.admin.client.registration.DefaultApplicationRegistrator.register(DefaultApplicationRegistrator.java:80)
	at de.codecentric.boot.admin.client.registration.DefaultApplicationRegistrator.register(DefaultApplicationRegistrator.java:61)
	at org.springframework.scheduling.support.DelegatingErrorHandlingRunnable.run(DelegatingErrorHandlingRunnable.java:54)
	at java.base/java.util.concurrent.Executors$RunnableAdapter.call(Executors.java:545)
	at java.base/java.util.concurrent.FutureTask.runAndReset(FutureTask.java:369)
	at java.base/java.util.concurrent.ScheduledThreadPoolExecutor$ScheduledFutureTask.run(ScheduledThreadPoolExecutor.java:310)
	at java.base/java.util.concurrent.ThreadPoolExecutor.runWorker(ThreadPoolExecutor.java:1095)
	at java.base/java.util.concurrent.ThreadPoolExecutor$Worker.run(ThreadPoolExecutor.java:619)
	at java.base/java.lang.Thread.run(Thread.java:1447)
Caused by: org.apache.hc.client5.http.HttpHostConnectException: Connect to http://localhost:8083 failed: Connection refused: getsockopt
	at java.base/sun.nio.ch.Net.pollConnect(Native Method)
	at java.base/sun.nio.ch.Net.pollConnectNow(Net.java:628)
	at java.base/sun.nio.ch.NioSocketImpl.timedFinishConnect(NioSocketImpl.java:533)
	at java.base/sun.nio.ch.NioSocketImpl.connect(NioSocketImpl.java:583)
	at java.base/java.net.SocksSocketImpl.connect(SocksSocketImpl.java:282)
	at java.base/java.net.Socket.connect(Socket.java:665)
	at org.apache.hc.client5.http.impl.io.DefaultHttpClientConnectionOperator.connect(DefaultHttpClientConnectionOperator.java:226)
	at org.apache.hc.client5.http.impl.io.PoolingHttpClientConnectionManager.connect(PoolingHttpClientConnectionManager.java:497)
	at org.apache.hc.client5.http.impl.classic.InternalExecRuntime.connectEndpoint(InternalExecRuntime.java:164)
	at org.apache.hc.client5.http.impl.classic.InternalExecRuntime.connectEndpoint(InternalExecRuntime.java:174)
	at org.apache.hc.client5.http.impl.classic.ConnectExec.execute(ConnectExec.java:144)
	at org.apache.hc.client5.http.impl.classic.ExecChainElement.execute(ExecChainElement.java:51)
	at org.apache.hc.client5.http.impl.classic.ProtocolExec.execute(ProtocolExec.java:195)
	at org.apache.hc.client5.http.impl.classic.ExecChainElement.execute(ExecChainElement.java:51)
	at org.apache.hc.client5.http.impl.classic.ContentCompressionExec.execute(ContentCompressionExec.java:168)
	at org.apache.hc.client5.http.impl.classic.ExecChainElement.execute(ExecChainElement.java:51)
	at org.apache.hc.client5.http.impl.classic.HttpRequestRetryExec.execute(HttpRequestRetryExec.java:112)
	at org.apache.hc.client5.http.impl.classic.ExecChainElement.execute(ExecChainElement.java:51)
	at org.apache.hc.client5.http.impl.classic.RedirectExec.execute(RedirectExec.java:110)
	at org.apache.hc.client5.http.impl.classic.ExecChainElement.execute(ExecChainElement.java:51)
	at org.apache.hc.client5.http.impl.classic.InternalHttpClient.doExecute(InternalHttpClient.java:185)
	at org.apache.hc.client5.http.impl.classic.CloseableHttpClient.execute(CloseableHttpClient.java:87)
	at org.apache.hc.client5.http.impl.classic.CloseableHttpClient.execute(CloseableHttpClient.java:55)
	at org.apache.hc.client5.http.classic.HttpClient.executeOpen(HttpClient.java:183)
	at org.springframework.http.client.HttpComponentsClientHttpRequest.executeInternal(HttpComponentsClientHttpRequest.java:99)
	at org.springframework.http.client.AbstractStreamingClientHttpRequest.executeInternal(AbstractStreamingClientHttpRequest.java:88)
	at org.springframework.http.client.AbstractClientHttpRequest.execute(AbstractClientHttpRequest.java:81)
	at org.springframework.web.client.DefaultRestClient$DefaultRequestBodyUriSpec.exchangeInternal(DefaultRestClient.java:583)
	... 14 common frames omitted
2026-04-30 19:46:29.199 [AsyncResolver-bootstrap-executor-%d] INFO  c.n.d.s.r.aws.ConfigClusterResolver - Resolving eureka endpoints via configuration
2026-04-30 19:51:29.217 [AsyncResolver-bootstrap-executor-%d] INFO  c.n.d.s.r.aws.ConfigClusterResolver - Resolving eureka endpoints via configuration
2026-04-30 19:57:07.105 [HikariPool-1:housekeeper] WARN  com.zaxxer.hikari.pool.HikariPool - HikariPool-1 - Thread starvation or clock leap detected (housekeeper delta=4m11s197ms120µs900ns).
2026-04-30 20:00:26.545 [AsyncResolver-bootstrap-executor-%d] INFO  c.n.d.s.r.aws.ConfigClusterResolver - Resolving eureka endpoints via configuration
2026-04-30 20:05:26.562 [AsyncResolver-bootstrap-executor-%d] INFO  c.n.d.s.r.aws.ConfigClusterResolver - Resolving eureka endpoints via configuration
2026-04-30 20:10:26.575 [AsyncResolver-bootstrap-executor-%d] INFO  c.n.d.s.r.aws.ConfigClusterResolver - Resolving eureka endpoints via configuration
2026-04-30 20:15:26.588 [AsyncResolver-bootstrap-executor-%d] INFO  c.n.d.s.r.aws.ConfigClusterResolver - Resolving eureka endpoints via configuration
2026-04-30 20:20:26.599 [AsyncResolver-bootstrap-executor-%d] INFO  c.n.d.s.r.aws.ConfigClusterResolver - Resolving eureka endpoints via configuration
2026-04-30 20:25:26.614 [AsyncResolver-bootstrap-executor-%d] INFO  c.n.d.s.r.aws.ConfigClusterResolver - Resolving eureka endpoints via configuration
2026-04-30 20:50:59.963 [HikariPool-1:housekeeper] WARN  com.zaxxer.hikari.pool.HikariPool - HikariPool-1 - Thread starvation or clock leap detected (housekeeper delta=21m52s379ms29µs900ns).
2026-04-30 20:52:10.476 [AsyncResolver-bootstrap-executor-%d] INFO  c.n.d.s.r.aws.ConfigClusterResolver - Resolving eureka endpoints via configuration
2026-04-30 20:57:10.487 [AsyncResolver-bootstrap-executor-%d] INFO  c.n.d.s.r.aws.ConfigClusterResolver - Resolving eureka endpoints via configuration
2026-04-30 21:02:10.499 [AsyncResolver-bootstrap-executor-%d] INFO  c.n.d.s.r.aws.ConfigClusterResolver - Resolving eureka endpoints via configuration
2026-04-30 21:11:02.966 [HikariPool-1:housekeeper] WARN  com.zaxxer.hikari.pool.HikariPool - HikariPool-1 - Thread starvation or clock leap detected (housekeeper delta=8m2s828ms571µs900ns).
2026-04-30 21:14:43.336 [AsyncResolver-bootstrap-executor-%d] INFO  c.n.d.s.r.aws.ConfigClusterResolver - Resolving eureka endpoints via configuration
2026-04-30 21:19:43.347 [AsyncResolver-bootstrap-executor-%d] INFO  c.n.d.s.r.aws.ConfigClusterResolver - Resolving eureka endpoints via configuration
2026-04-30 21:24:43.358 [AsyncResolver-bootstrap-executor-%d] INFO  c.n.d.s.r.aws.ConfigClusterResolver - Resolving eureka endpoints via configuration
2026-04-30 21:29:43.362 [AsyncResolver-bootstrap-executor-%d] INFO  c.n.d.s.r.aws.ConfigClusterResolver - Resolving eureka endpoints via configuration
2026-04-30 21:34:43.373 [AsyncResolver-bootstrap-executor-%d] INFO  c.n.d.s.r.aws.ConfigClusterResolver - Resolving eureka endpoints via configuration
2026-04-30 21:39:43.378 [AsyncResolver-bootstrap-executor-%d] INFO  c.n.d.s.r.aws.ConfigClusterResolver - Resolving eureka endpoints via configuration
2026-04-30 21:54:44.845 [AsyncResolver-bootstrap-executor-%d] INFO  c.n.d.s.r.aws.ConfigClusterResolver - Resolving eureka endpoints via configuration
2026-04-30 21:58:38.687 [HikariPool-1:housekeeper] WARN  com.zaxxer.hikari.pool.HikariPool - HikariPool-1 - Thread starvation or clock leap detected (housekeeper delta=14m5s203ms471µs900ns).
2026-04-30 22:03:33.348 [AsyncResolver-bootstrap-executor-%d] INFO  c.n.d.s.r.aws.ConfigClusterResolver - Resolving eureka endpoints via configuration
2026-04-30 22:08:33.359 [AsyncResolver-bootstrap-executor-%d] INFO  c.n.d.s.r.aws.ConfigClusterResolver - Resolving eureka endpoints via configuration
2026-04-30 22:13:33.361 [AsyncResolver-bootstrap-executor-%d] INFO  c.n.d.s.r.aws.ConfigClusterResolver - Resolving eureka endpoints via configuration
2026-04-30 22:18:33.362 [AsyncResolver-bootstrap-executor-%d] INFO  c.n.d.s.r.aws.ConfigClusterResolver - Resolving eureka endpoints via configuration
2026-04-30 22:23:33.376 [AsyncResolver-bootstrap-executor-%d] INFO  c.n.d.s.r.aws.ConfigClusterResolver - Resolving eureka endpoints via configuration
2026-04-30 22:28:33.390 [AsyncResolver-bootstrap-executor-%d] INFO  c.n.d.s.r.aws.ConfigClusterResolver - Resolving eureka endpoints via configuration
2026-04-30 22:33:33.393 [AsyncResolver-bootstrap-executor-%d] INFO  c.n.d.s.r.aws.ConfigClusterResolver - Resolving eureka endpoints via configuration
2026-04-30 22:38:33.404 [AsyncResolver-bootstrap-executor-%d] INFO  c.n.d.s.r.aws.ConfigClusterResolver - Resolving eureka endpoints via configuration
2026-04-30 22:39:13.089 [File Watcher] INFO  o.s.b.d.a.LocalDevToolsAutoConfiguration$RestartingClassPathChangeChangedEventListener - Restarting due to 40 class path changes (0 additions, 40 deletions, 0 modifications)
2026-04-30 22:39:13.111 [Thread-1] INFO  o.s.c.n.e.s.EurekaServiceRegistry - Unregistering application ANALYTICS-SERVICE with eureka with status DOWN
2026-04-30 22:39:13.112 [Thread-1] INFO  c.netflix.discovery.DiscoveryClient - Saw local status change event StatusChangeEvent [timestamp=1777568953112, current=DOWN, previous=UP]
2026-04-30 22:39:13.113 [DiscoveryClient-InstanceInfoReplicator-%d] INFO  c.netflix.discovery.DiscoveryClient - DiscoveryClient_ANALYTICS-SERVICE/LTIN699679.cts.com:analytics-service:8082: registering service...
2026-04-30 22:39:13.142 [DiscoveryClient-InstanceInfoReplicator-%d] INFO  c.netflix.discovery.DiscoveryClient - DiscoveryClient_ANALYTICS-SERVICE/LTIN699679.cts.com:analytics-service:8082 - registration status: 204
2026-04-30 22:39:13.144 [Thread-1] INFO  o.s.b.w.e.tomcat.GracefulShutdown - Commencing graceful shutdown. Waiting for active requests to complete
2026-04-30 22:39:13.155 [tomcat-shutdown] INFO  o.a.coyote.http11.Http11NioProtocol - Pausing ProtocolHandler ["http-nio-8082"]
2026-04-30 22:39:13.190 [tomcat-shutdown] INFO  o.s.b.w.e.tomcat.GracefulShutdown - Graceful shutdown complete
2026-04-30 22:39:13.191 [Thread-1] INFO  o.a.coyote.http11.Http11NioProtocol - Stopping ProtocolHandler ["http-nio-8082"]
2026-04-30 22:39:13.239 [Thread-1] INFO  o.s.o.j.LocalContainerEntityManagerFactoryBean - Closing JPA EntityManagerFactory for persistence unit 'default'
2026-04-30 22:39:13.284 [Thread-1] INFO  com.zaxxer.hikari.HikariDataSource - HikariPool-1 - Shutdown initiated...
2026-04-30 22:39:13.299 [Thread-1] INFO  com.zaxxer.hikari.HikariDataSource - HikariPool-1 - Shutdown completed.
2026-04-30 22:39:13.303 [Thread-1] INFO  c.netflix.discovery.DiscoveryClient - Shutting down DiscoveryClient ...
2026-04-30 22:39:16.309 [Thread-1] INFO  c.netflix.discovery.DiscoveryClient - Unregistering ...
2026-04-30 22:39:16.348 [Thread-1] INFO  c.netflix.discovery.DiscoveryClient - DiscoveryClient_ANALYTICS-SERVICE/LTIN699679.cts.com:analytics-service:8082 - deregister  status: 200
2026-04-30 22:39:16.351 [Thread-1] INFO  c.netflix.discovery.DiscoveryClient - Completed shut down of DiscoveryClient
2026-04-30 22:39:16.916 [restartedMain] INFO  c.w.a.AnalyticsServiceApplication - Starting AnalyticsServiceApplication using Java 24.0.1 with PID 1804 (C:\Users\2478178\Downloads\WealthPro\WealthPro\Backend\analytics-service\target\classes started by 2478178 in C:\Users\2478178\Downloads\WealthPro\WealthPro)
2026-04-30 22:39:16.916 [restartedMain] DEBUG c.w.a.AnalyticsServiceApplication - Running with Spring Boot v3.5.11, Spring v6.2.16
2026-04-30 22:39:16.916 [restartedMain] INFO  c.w.a.AnalyticsServiceApplication - No active profile set, falling back to 1 default profile: "default"
2026-04-30 22:39:18.669 [restartedMain] INFO  o.s.d.r.c.RepositoryConfigurationDelegate - Bootstrapping Spring Data JPA repositories in DEFAULT mode.
2026-04-30 22:39:18.771 [restartedMain] INFO  o.s.d.r.c.RepositoryConfigurationDelegate - Finished Spring Data repository scanning in 97 ms. Found 3 JPA repository interfaces.
2026-04-30 22:39:19.112 [restartedMain] INFO  o.s.cloud.context.scope.GenericScope - BeanFactory id=5a4ab00c-d08b-3174-83ae-17c38be69188
2026-04-30 22:39:19.670 [restartedMain] INFO  o.s.b.w.e.tomcat.TomcatWebServer - Tomcat initialized with port 8082 (http)
2026-04-30 22:39:19.679 [restartedMain] INFO  o.a.coyote.http11.Http11NioProtocol - Initializing ProtocolHandler ["http-nio-8082"]
2026-04-30 22:39:19.680 [restartedMain] INFO  o.a.catalina.core.StandardService - Starting service [Tomcat]
2026-04-30 22:39:19.680 [restartedMain] INFO  o.a.catalina.core.StandardEngine - Starting Servlet engine: [Apache Tomcat/10.1.52]
2026-04-30 22:39:19.832 [restartedMain] INFO  o.a.c.c.C.[Tomcat].[localhost].[/] - Initializing Spring embedded WebApplicationContext
2026-04-30 22:39:19.832 [restartedMain] INFO  o.s.b.w.s.c.ServletWebServerApplicationContext - Root WebApplicationContext: initialization completed in 2904 ms
2026-04-30 22:39:20.377 [restartedMain] INFO  o.h.jpa.internal.util.LogHelper - HHH000204: Processing PersistenceUnitInfo [name: default]
2026-04-30 22:39:20.382 [restartedMain] INFO  o.h.c.i.RegionFactoryInitiator - HHH000026: Second-level cache disabled
2026-04-30 22:39:20.429 [restartedMain] INFO  o.s.o.j.p.SpringPersistenceUnitInfo - No LoadTimeWeaver setup: ignoring JPA class transformer
2026-04-30 22:39:20.430 [restartedMain] INFO  com.zaxxer.hikari.HikariDataSource - HikariPool-2 - Starting...
2026-04-30 22:39:20.468 [restartedMain] INFO  com.zaxxer.hikari.pool.HikariPool - HikariPool-2 - Added connection com.mysql.cj.jdbc.ConnectionImpl@57cd1ead
2026-04-30 22:39:20.468 [restartedMain] INFO  com.zaxxer.hikari.HikariDataSource - HikariPool-2 - Start completed.
2026-04-30 22:39:20.482 [restartedMain] INFO  o.hibernate.orm.connections.pooling - HHH10001005: Database info:
	Database JDBC URL [Connecting through datasource 'HikariDataSource (HikariPool-2)']
	Database driver: undefined/unknown
	Database version: 8.0.44
	Autocommit mode: undefined/unknown
	Isolation level: undefined/unknown
	Minimum pool size: undefined/unknown
	Maximum pool size: undefined/unknown
2026-04-30 22:39:20.837 [restartedMain] INFO  o.h.e.t.j.p.i.JtaPlatformInitiator - HHH000489: No JTA platform available (set 'hibernate.transaction.jta.platform' to enable JTA platform integration)
2026-04-30 22:39:20.850 [restartedMain] INFO  o.s.o.j.LocalContainerEntityManagerFactoryBean - Initialized JPA EntityManagerFactory for persistence unit 'default'
2026-04-30 22:39:21.549 [restartedMain] WARN  o.s.b.a.o.j.JpaBaseConfiguration$JpaWebConfiguration - spring.jpa.open-in-view is enabled by default. Therefore, database queries may be performed during view rendering. Explicitly configure spring.jpa.open-in-view to disable this warning
2026-04-30 22:39:21.629 [restartedMain] WARN  o.s.b.d.a.OptionalLiveReloadServer - Unable to start LiveReload server
2026-04-30 22:39:21.709 [restartedMain] INFO  o.s.c.o.FeignClientFactoryBean - For 'pbor-service' URL not provided. Will try picking an instance via load-balancing.
2026-04-30 22:39:21.819 [restartedMain] INFO  o.s.c.o.FeignClientFactoryBean - For 'wealthpro-service' URL not provided. Will try picking an instance via load-balancing.
2026-04-30 22:39:21.867 [restartedMain] INFO  o.s.c.o.FeignClientFactoryBean - For 'notifications-service' URL not provided. Will try picking an instance via load-balancing.
2026-04-30 22:39:21.931 [restartedMain] INFO  o.s.c.o.FeignClientFactoryBean - For 'PBOR-SERVICE' URL not provided. Will try picking an instance via load-balancing.
2026-04-30 22:39:23.591 [restartedMain] INFO  o.s.c.n.e.c.DiscoveryClientOptionalArgsConfiguration - Eureka HTTP Client uses RestTemplate.
2026-04-30 22:39:23.645 [restartedMain] WARN  o.s.c.l.c.LoadBalancerCacheAutoConfiguration$LoadBalancerCaffeineWarnLogger - Spring Cloud LoadBalancer is currently working with the default cache. While this cache implementation is useful for development and tests, it's recommended to use Caffeine cache in production.You can switch to using Caffeine cache, by adding it and org.springframework.cache.caffeine.CaffeineCacheManager to the classpath.
2026-04-30 22:39:23.666 [restartedMain] INFO  o.s.b.a.e.web.EndpointLinksResolver - Exposing 17 endpoints beneath base path '/actuator'
2026-04-30 22:39:23.766 [restartedMain] INFO  o.s.c.n.eureka.InstanceInfoFactory - Setting initial instance status as: STARTING
2026-04-30 22:39:23.773 [restartedMain] INFO  c.netflix.discovery.DiscoveryClient - Initializing Eureka in region us-east-1
2026-04-30 22:39:23.773 [restartedMain] INFO  c.n.d.s.r.aws.ConfigClusterResolver - Resolving eureka endpoints via configuration
2026-04-30 22:39:23.773 [restartedMain] INFO  c.netflix.discovery.DiscoveryClient - Disable delta property : false
2026-04-30 22:39:23.773 [restartedMain] INFO  c.netflix.discovery.DiscoveryClient - Single vip registry refresh property : null
2026-04-30 22:39:23.773 [restartedMain] INFO  c.netflix.discovery.DiscoveryClient - Force full registry fetch : false
2026-04-30 22:39:23.773 [restartedMain] INFO  c.netflix.discovery.DiscoveryClient - Application is null : false
2026-04-30 22:39:23.773 [restartedMain] INFO  c.netflix.discovery.DiscoveryClient - Registered Applications size is zero : true
2026-04-30 22:39:23.773 [restartedMain] INFO  c.netflix.discovery.DiscoveryClient - Application version is -1: true
2026-04-30 22:39:23.773 [restartedMain] INFO  c.netflix.discovery.DiscoveryClient - Getting all instance registry info from the eureka server
2026-04-30 22:39:23.871 [restartedMain] INFO  c.netflix.discovery.DiscoveryClient - The response status is 200
2026-04-30 22:39:23.871 [restartedMain] INFO  c.netflix.discovery.DiscoveryClient - Starting heartbeat executor: renew interval is: 30
2026-04-30 22:39:23.871 [restartedMain] INFO  c.n.discovery.InstanceInfoReplicator - InstanceInfoReplicator onDemand update allowed rate per min is 4
2026-04-30 22:39:23.871 [restartedMain] INFO  c.netflix.discovery.DiscoveryClient - Discovery Client initialized at timestamp 1777568963871 with initial instances count: 8
2026-04-30 22:39:23.882 [restartedMain] INFO  o.s.c.n.e.s.EurekaServiceRegistry - Registering application ANALYTICS-SERVICE with eureka with status UP
2026-04-30 22:39:23.882 [restartedMain] INFO  c.netflix.discovery.DiscoveryClient - Saw local status change event StatusChangeEvent [timestamp=1777568963882, current=UP, previous=STARTING]
2026-04-30 22:39:23.882 [DiscoveryClient-InstanceInfoReplicator-%d] INFO  c.netflix.discovery.DiscoveryClient - DiscoveryClient_ANALYTICS-SERVICE/LTIN699679.cts.com:analytics-service:8082: registering service...
2026-04-30 22:39:23.882 [restartedMain] INFO  o.a.coyote.http11.Http11NioProtocol - Starting ProtocolHandler ["http-nio-8082"]
2026-04-30 22:39:23.905 [restartedMain] INFO  o.s.b.w.e.tomcat.TomcatWebServer - Tomcat started on port 8082 (http) with context path '/'
2026-04-30 22:39:23.905 [restartedMain] INFO  o.s.c.n.e.s.EurekaAutoServiceRegistration - Updating port to 8082
2026-04-30 22:39:23.916 [DiscoveryClient-InstanceInfoReplicator-%d] INFO  c.netflix.discovery.DiscoveryClient - DiscoveryClient_ANALYTICS-SERVICE/LTIN699679.cts.com:analytics-service:8082 - registration status: 204
2026-04-30 22:39:23.938 [restartedMain] INFO  c.w.a.AnalyticsServiceApplication - Started AnalyticsServiceApplication in 7.243 seconds (process running for 10684.436)
2026-04-30 22:39:23.943 [restartedMain] INFO  o.s.b.d.a.ConditionEvaluationDeltaLoggingListener - Condition evaluation unchanged
2026-04-30 22:39:23.995 [registrationTask1] WARN  d.c.b.a.c.r.ApplicationRegistrator - Failed to register application as Application(name=analytics-service, managementUrl=http://192.168.0.109:8082/actuator, healthUrl=http://192.168.0.109:8082/actuator/health, serviceUrl=http://192.168.0.109:8082/) at spring-boot-admin ([http://localhost:8083/instances]): I/O error on POST request for "http://localhost:8083/instances": Connect to http://localhost:8083 failed: Connection refused: getsockopt. Further attempts are logged on DEBUG level
org.springframework.web.client.ResourceAccessException: I/O error on POST request for "http://localhost:8083/instances": Connect to http://localhost:8083 failed: Connection refused: getsockopt
	at org.springframework.web.client.DefaultRestClient$DefaultRequestBodyUriSpec.createResourceAccessException(DefaultRestClient.java:704)
	at org.springframework.web.client.DefaultRestClient$DefaultRequestBodyUriSpec.exchangeInternal(DefaultRestClient.java:589)
	at org.springframework.web.client.DefaultRestClient$DefaultRequestBodyUriSpec.exchange(DefaultRestClient.java:540)
	at org.springframework.web.client.RestClient$RequestHeadersSpec.exchange(RestClient.java:680)
	at org.springframework.web.client.DefaultRestClient$DefaultResponseSpec.executeAndExtract(DefaultRestClient.java:821)
	at org.springframework.web.client.DefaultRestClient$DefaultResponseSpec.body(DefaultRestClient.java:765)
	at de.codecentric.boot.admin.client.registration.RestClientRegistrationClient.register(RestClientRegistrationClient.java:45)
	at de.codecentric.boot.admin.client.registration.DefaultApplicationRegistrator.register(DefaultApplicationRegistrator.java:80)
	at de.codecentric.boot.admin.client.registration.DefaultApplicationRegistrator.register(DefaultApplicationRegistrator.java:61)
	at org.springframework.scheduling.support.DelegatingErrorHandlingRunnable.run(DelegatingErrorHandlingRunnable.java:54)
	at java.base/java.util.concurrent.Executors$RunnableAdapter.call(Executors.java:545)
	at java.base/java.util.concurrent.FutureTask.runAndReset(FutureTask.java:369)
	at java.base/java.util.concurrent.ScheduledThreadPoolExecutor$ScheduledFutureTask.run(ScheduledThreadPoolExecutor.java:310)
	at java.base/java.util.concurrent.ThreadPoolExecutor.runWorker(ThreadPoolExecutor.java:1095)
	at java.base/java.util.concurrent.ThreadPoolExecutor$Worker.run(ThreadPoolExecutor.java:619)
	at java.base/java.lang.Thread.run(Thread.java:1447)
Caused by: org.apache.hc.client5.http.HttpHostConnectException: Connect to http://localhost:8083 failed: Connection refused: getsockopt
	at java.base/sun.nio.ch.Net.pollConnect(Native Method)
	at java.base/sun.nio.ch.Net.pollConnectNow(Net.java:628)
	at java.base/sun.nio.ch.NioSocketImpl.timedFinishConnect(NioSocketImpl.java:533)
	at java.base/sun.nio.ch.NioSocketImpl.connect(NioSocketImpl.java:583)
	at java.base/java.net.SocksSocketImpl.connect(SocksSocketImpl.java:282)
	at java.base/java.net.Socket.connect(Socket.java:665)
	at org.apache.hc.client5.http.impl.io.DefaultHttpClientConnectionOperator.connect(DefaultHttpClientConnectionOperator.java:226)
	at org.apache.hc.client5.http.impl.io.PoolingHttpClientConnectionManager.connect(PoolingHttpClientConnectionManager.java:497)
	at org.apache.hc.client5.http.impl.classic.InternalExecRuntime.connectEndpoint(InternalExecRuntime.java:164)
	at org.apache.hc.client5.http.impl.classic.InternalExecRuntime.connectEndpoint(InternalExecRuntime.java:174)
	at org.apache.hc.client5.http.impl.classic.ConnectExec.execute(ConnectExec.java:144)
	at org.apache.hc.client5.http.impl.classic.ExecChainElement.execute(ExecChainElement.java:51)
	at org.apache.hc.client5.http.impl.classic.ProtocolExec.execute(ProtocolExec.java:195)
	at org.apache.hc.client5.http.impl.classic.ExecChainElement.execute(ExecChainElement.java:51)
	at org.apache.hc.client5.http.impl.classic.ContentCompressionExec.execute(ContentCompressionExec.java:168)
	at org.apache.hc.client5.http.impl.classic.ExecChainElement.execute(ExecChainElement.java:51)
	at org.apache.hc.client5.http.impl.classic.HttpRequestRetryExec.execute(HttpRequestRetryExec.java:112)
	at org.apache.hc.client5.http.impl.classic.ExecChainElement.execute(ExecChainElement.java:51)
	at org.apache.hc.client5.http.impl.classic.RedirectExec.execute(RedirectExec.java:110)
	at org.apache.hc.client5.http.impl.classic.ExecChainElement.execute(ExecChainElement.java:51)
	at org.apache.hc.client5.http.impl.classic.InternalHttpClient.doExecute(InternalHttpClient.java:185)
	at org.apache.hc.client5.http.impl.classic.CloseableHttpClient.execute(CloseableHttpClient.java:87)
	at org.apache.hc.client5.http.impl.classic.CloseableHttpClient.execute(CloseableHttpClient.java:55)
	at org.apache.hc.client5.http.classic.HttpClient.executeOpen(HttpClient.java:183)
	at org.springframework.http.client.HttpComponentsClientHttpRequest.executeInternal(HttpComponentsClientHttpRequest.java:99)
	at org.springframework.http.client.AbstractStreamingClientHttpRequest.executeInternal(AbstractStreamingClientHttpRequest.java:88)
	at org.springframework.http.client.AbstractClientHttpRequest.execute(AbstractClientHttpRequest.java:81)
	at org.springframework.web.client.DefaultRestClient$DefaultRequestBodyUriSpec.exchangeInternal(DefaultRestClient.java:583)
	... 14 common frames omitted
2026-04-30 22:39:25.013 [File Watcher] INFO  o.s.b.d.a.LocalDevToolsAutoConfiguration$RestartingClassPathChangeChangedEventListener - Restarting due to 40 class path changes (40 additions, 0 deletions, 0 modifications)
2026-04-30 22:39:25.014 [Thread-7] INFO  o.s.c.n.e.s.EurekaServiceRegistry - Unregistering application ANALYTICS-SERVICE with eureka with status DOWN
2026-04-30 22:39:25.016 [Thread-7] INFO  c.netflix.discovery.DiscoveryClient - Saw local status change event StatusChangeEvent [timestamp=1777568965016, current=DOWN, previous=UP]
2026-04-30 22:39:25.016 [DiscoveryClient-InstanceInfoReplicator-%d] INFO  c.netflix.discovery.DiscoveryClient - DiscoveryClient_ANALYTICS-SERVICE/LTIN699679.cts.com:analytics-service:8082: registering service...
2026-04-30 22:39:25.016 [Thread-7] INFO  o.s.b.w.e.tomcat.GracefulShutdown - Commencing graceful shutdown. Waiting for active requests to complete
2026-04-30 22:39:25.016 [tomcat-shutdown] INFO  o.a.coyote.http11.Http11NioProtocol - Pausing ProtocolHandler ["http-nio-8082"]
2026-04-30 22:39:25.016 [DiscoveryClient-InstanceInfoReplicator-%d] INFO  c.netflix.discovery.DiscoveryClient - DiscoveryClient_ANALYTICS-SERVICE/LTIN699679.cts.com:analytics-service:8082 - registration status: 204
2026-04-30 22:39:25.037 [tomcat-shutdown] INFO  o.s.b.w.e.tomcat.GracefulShutdown - Graceful shutdown complete
2026-04-30 22:39:25.037 [Thread-7] INFO  o.a.coyote.http11.Http11NioProtocol - Stopping ProtocolHandler ["http-nio-8082"]
2026-04-30 22:39:25.047 [Thread-7] INFO  o.s.o.j.LocalContainerEntityManagerFactoryBean - Closing JPA EntityManagerFactory for persistence unit 'default'
2026-04-30 22:39:25.047 [Thread-7] INFO  com.zaxxer.hikari.HikariDataSource - HikariPool-2 - Shutdown initiated...
2026-04-30 22:39:25.056 [Thread-7] INFO  com.zaxxer.hikari.HikariDataSource - HikariPool-2 - Shutdown completed.
2026-04-30 22:39:25.059 [Thread-7] INFO  c.netflix.discovery.DiscoveryClient - Shutting down DiscoveryClient ...
2026-04-30 22:39:28.072 [Thread-7] INFO  c.netflix.discovery.DiscoveryClient - Unregistering ...
2026-04-30 22:39:28.090 [Thread-7] INFO  c.netflix.discovery.DiscoveryClient - DiscoveryClient_ANALYTICS-SERVICE/LTIN699679.cts.com:analytics-service:8082 - deregister  status: 200
2026-04-30 22:39:28.090 [Thread-7] INFO  c.netflix.discovery.DiscoveryClient - Completed shut down of DiscoveryClient
2026-04-30 22:39:28.301 [restartedMain] INFO  c.w.a.AnalyticsServiceApplication - Starting AnalyticsServiceApplication using Java 24.0.1 with PID 1804 (C:\Users\2478178\Downloads\WealthPro\WealthPro\Backend\analytics-service\target\classes started by 2478178 in C:\Users\2478178\Downloads\WealthPro\WealthPro)
2026-04-30 22:39:28.301 [restartedMain] DEBUG c.w.a.AnalyticsServiceApplication - Running with Spring Boot v3.5.11, Spring v6.2.16
2026-04-30 22:39:28.301 [restartedMain] INFO  c.w.a.AnalyticsServiceApplication - No active profile set, falling back to 1 default profile: "default"
2026-04-30 22:39:29.389 [restartedMain] INFO  o.s.d.r.c.RepositoryConfigurationDelegate - Bootstrapping Spring Data JPA repositories in DEFAULT mode.
2026-04-30 22:39:29.448 [restartedMain] INFO  o.s.d.r.c.RepositoryConfigurationDelegate - Finished Spring Data repository scanning in 55 ms. Found 3 JPA repository interfaces.
2026-04-30 22:39:29.666 [restartedMain] INFO  o.s.cloud.context.scope.GenericScope - BeanFactory id=5a4ab00c-d08b-3174-83ae-17c38be69188
2026-04-30 22:39:29.976 [restartedMain] INFO  o.s.b.w.e.tomcat.TomcatWebServer - Tomcat initialized with port 8082 (http)
2026-04-30 22:39:29.978 [restartedMain] INFO  o.a.coyote.http11.Http11NioProtocol - Initializing ProtocolHandler ["http-nio-8082"]
2026-04-30 22:39:29.979 [restartedMain] INFO  o.a.catalina.core.StandardService - Starting service [Tomcat]
2026-04-30 22:39:29.979 [restartedMain] INFO  o.a.catalina.core.StandardEngine - Starting Servlet engine: [Apache Tomcat/10.1.52]
2026-04-30 22:39:30.070 [restartedMain] INFO  o.a.c.c.C.[Tomcat].[localhost].[/] - Initializing Spring embedded WebApplicationContext
2026-04-30 22:39:30.070 [restartedMain] INFO  o.s.b.w.s.c.ServletWebServerApplicationContext - Root WebApplicationContext: initialization completed in 1765 ms
2026-04-30 22:39:30.476 [restartedMain] INFO  o.h.jpa.internal.util.LogHelper - HHH000204: Processing PersistenceUnitInfo [name: default]
2026-04-30 22:39:30.483 [restartedMain] INFO  o.h.c.i.RegionFactoryInitiator - HHH000026: Second-level cache disabled
2026-04-30 22:39:30.505 [restartedMain] INFO  o.s.o.j.p.SpringPersistenceUnitInfo - No LoadTimeWeaver setup: ignoring JPA class transformer
2026-04-30 22:39:30.507 [restartedMain] INFO  com.zaxxer.hikari.HikariDataSource - HikariPool-3 - Starting...
2026-04-30 22:39:30.537 [restartedMain] INFO  com.zaxxer.hikari.pool.HikariPool - HikariPool-3 - Added connection com.mysql.cj.jdbc.ConnectionImpl@5811f81a
2026-04-30 22:39:30.538 [restartedMain] INFO  com.zaxxer.hikari.HikariDataSource - HikariPool-3 - Start completed.
2026-04-30 22:39:30.540 [restartedMain] INFO  o.hibernate.orm.connections.pooling - HHH10001005: Database info:
	Database JDBC URL [Connecting through datasource 'HikariDataSource (HikariPool-3)']
	Database driver: undefined/unknown
	Database version: 8.0.44
	Autocommit mode: undefined/unknown
	Isolation level: undefined/unknown
	Minimum pool size: undefined/unknown
	Maximum pool size: undefined/unknown
2026-04-30 22:39:30.752 [restartedMain] INFO  o.h.e.t.j.p.i.JtaPlatformInitiator - HHH000489: No JTA platform available (set 'hibernate.transaction.jta.platform' to enable JTA platform integration)
2026-04-30 22:39:30.770 [restartedMain] INFO  o.s.o.j.LocalContainerEntityManagerFactoryBean - Initialized JPA EntityManagerFactory for persistence unit 'default'
2026-04-30 22:39:31.401 [restartedMain] WARN  o.s.b.a.o.j.JpaBaseConfiguration$JpaWebConfiguration - spring.jpa.open-in-view is enabled by default. Therefore, database queries may be performed during view rendering. Explicitly configure spring.jpa.open-in-view to disable this warning
2026-04-30 22:39:31.482 [restartedMain] WARN  o.s.b.d.a.OptionalLiveReloadServer - Unable to start LiveReload server
2026-04-30 22:39:31.559 [restartedMain] INFO  o.s.c.o.FeignClientFactoryBean - For 'pbor-service' URL not provided. Will try picking an instance via load-balancing.
2026-04-30 22:39:31.651 [restartedMain] INFO  o.s.c.o.FeignClientFactoryBean - For 'wealthpro-service' URL not provided. Will try picking an instance via load-balancing.
2026-04-30 22:39:31.700 [restartedMain] INFO  o.s.c.o.FeignClientFactoryBean - For 'notifications-service' URL not provided. Will try picking an instance via load-balancing.
2026-04-30 22:39:31.767 [restartedMain] INFO  o.s.c.o.FeignClientFactoryBean - For 'PBOR-SERVICE' URL not provided. Will try picking an instance via load-balancing.
2026-04-30 22:39:33.456 [restartedMain] INFO  o.s.c.n.e.c.DiscoveryClientOptionalArgsConfiguration - Eureka HTTP Client uses RestTemplate.
2026-04-30 22:39:33.514 [restartedMain] WARN  o.s.c.l.c.LoadBalancerCacheAutoConfiguration$LoadBalancerCaffeineWarnLogger - Spring Cloud LoadBalancer is currently working with the default cache. While this cache implementation is useful for development and tests, it's recommended to use Caffeine cache in production.You can switch to using Caffeine cache, by adding it and org.springframework.cache.caffeine.CaffeineCacheManager to the classpath.
2026-04-30 22:39:33.534 [restartedMain] INFO  o.s.b.a.e.web.EndpointLinksResolver - Exposing 17 endpoints beneath base path '/actuator'
2026-04-30 22:39:33.635 [restartedMain] INFO  o.s.c.n.eureka.InstanceInfoFactory - Setting initial instance status as: STARTING
2026-04-30 22:39:33.652 [restartedMain] INFO  c.netflix.discovery.DiscoveryClient - Initializing Eureka in region us-east-1
2026-04-30 22:39:33.652 [restartedMain] INFO  c.n.d.s.r.aws.ConfigClusterResolver - Resolving eureka endpoints via configuration
2026-04-30 22:39:33.653 [restartedMain] INFO  c.netflix.discovery.DiscoveryClient - Disable delta property : false
2026-04-30 22:39:33.653 [restartedMain] INFO  c.netflix.discovery.DiscoveryClient - Single vip registry refresh property : null
2026-04-30 22:39:33.653 [restartedMain] INFO  c.netflix.discovery.DiscoveryClient - Force full registry fetch : false
2026-04-30 22:39:33.653 [restartedMain] INFO  c.netflix.discovery.DiscoveryClient - Application is null : false
2026-04-30 22:39:33.653 [restartedMain] INFO  c.netflix.discovery.DiscoveryClient - Registered Applications size is zero : true
2026-04-30 22:39:33.653 [restartedMain] INFO  c.netflix.discovery.DiscoveryClient - Application version is -1: true
2026-04-30 22:39:33.653 [restartedMain] INFO  c.netflix.discovery.DiscoveryClient - Getting all instance registry info from the eureka server
2026-04-30 22:39:33.722 [restartedMain] INFO  c.netflix.discovery.DiscoveryClient - The response status is 200
2026-04-30 22:39:33.722 [restartedMain] INFO  c.netflix.discovery.DiscoveryClient - Starting heartbeat executor: renew interval is: 30
2026-04-30 22:39:33.723 [restartedMain] INFO  c.n.discovery.InstanceInfoReplicator - InstanceInfoReplicator onDemand update allowed rate per min is 4
2026-04-30 22:39:33.723 [restartedMain] INFO  c.netflix.discovery.DiscoveryClient - Discovery Client initialized at timestamp 1777568973723 with initial instances count: 8
2026-04-30 22:39:33.735 [restartedMain] INFO  o.s.c.n.e.s.EurekaServiceRegistry - Registering application ANALYTICS-SERVICE with eureka with status UP
2026-04-30 22:39:33.736 [restartedMain] INFO  c.netflix.discovery.DiscoveryClient - Saw local status change event StatusChangeEvent [timestamp=1777568973736, current=UP, previous=STARTING]
2026-04-30 22:39:33.736 [DiscoveryClient-InstanceInfoReplicator-%d] INFO  c.netflix.discovery.DiscoveryClient - DiscoveryClient_ANALYTICS-SERVICE/LTIN699679.cts.com:analytics-service:8082: registering service...
2026-04-30 22:39:33.737 [restartedMain] INFO  o.a.coyote.http11.Http11NioProtocol - Starting ProtocolHandler ["http-nio-8082"]
2026-04-30 22:39:33.748 [restartedMain] INFO  o.s.b.w.e.tomcat.TomcatWebServer - Tomcat started on port 8082 (http) with context path '/'
2026-04-30 22:39:33.749 [restartedMain] INFO  o.s.c.n.e.s.EurekaAutoServiceRegistration - Updating port to 8082
2026-04-30 22:39:33.755 [DiscoveryClient-InstanceInfoReplicator-%d] INFO  c.netflix.discovery.DiscoveryClient - DiscoveryClient_ANALYTICS-SERVICE/LTIN699679.cts.com:analytics-service:8082 - registration status: 204
2026-04-30 22:39:33.779 [restartedMain] INFO  c.w.a.AnalyticsServiceApplication - Started AnalyticsServiceApplication in 5.577 seconds (process running for 10694.277)
2026-04-30 22:39:33.785 [restartedMain] INFO  o.s.b.d.a.ConditionEvaluationDeltaLoggingListener - Condition evaluation unchanged
2026-04-30 22:39:33.817 [registrationTask1] WARN  d.c.b.a.c.r.ApplicationRegistrator - Failed to register application as Application(name=analytics-service, managementUrl=http://192.168.0.109:8082/actuator, healthUrl=http://192.168.0.109:8082/actuator/health, serviceUrl=http://192.168.0.109:8082/) at spring-boot-admin ([http://localhost:8083/instances]): I/O error on POST request for "http://localhost:8083/instances": Connect to http://localhost:8083 failed: Connection refused: getsockopt. Further attempts are logged on DEBUG level
org.springframework.web.client.ResourceAccessException: I/O error on POST request for "http://localhost:8083/instances": Connect to http://localhost:8083 failed: Connection refused: getsockopt
	at org.springframework.web.client.DefaultRestClient$DefaultRequestBodyUriSpec.createResourceAccessException(DefaultRestClient.java:704)
	at org.springframework.web.client.DefaultRestClient$DefaultRequestBodyUriSpec.exchangeInternal(DefaultRestClient.java:589)
	at org.springframework.web.client.DefaultRestClient$DefaultRequestBodyUriSpec.exchange(DefaultRestClient.java:540)
	at org.springframework.web.client.RestClient$RequestHeadersSpec.exchange(RestClient.java:680)
	at org.springframework.web.client.DefaultRestClient$DefaultResponseSpec.executeAndExtract(DefaultRestClient.java:821)
	at org.springframework.web.client.DefaultRestClient$DefaultResponseSpec.body(DefaultRestClient.java:765)
	at de.codecentric.boot.admin.client.registration.RestClientRegistrationClient.register(RestClientRegistrationClient.java:45)
	at de.codecentric.boot.admin.client.registration.DefaultApplicationRegistrator.register(DefaultApplicationRegistrator.java:80)
	at de.codecentric.boot.admin.client.registration.DefaultApplicationRegistrator.register(DefaultApplicationRegistrator.java:61)
	at org.springframework.scheduling.support.DelegatingErrorHandlingRunnable.run(DelegatingErrorHandlingRunnable.java:54)
	at java.base/java.util.concurrent.Executors$RunnableAdapter.call(Executors.java:545)
	at java.base/java.util.concurrent.FutureTask.runAndReset(FutureTask.java:369)
	at java.base/java.util.concurrent.ScheduledThreadPoolExecutor$ScheduledFutureTask.run(ScheduledThreadPoolExecutor.java:310)
	at java.base/java.util.concurrent.ThreadPoolExecutor.runWorker(ThreadPoolExecutor.java:1095)
	at java.base/java.util.concurrent.ThreadPoolExecutor$Worker.run(ThreadPoolExecutor.java:619)
	at java.base/java.lang.Thread.run(Thread.java:1447)
Caused by: org.apache.hc.client5.http.HttpHostConnectException: Connect to http://localhost:8083 failed: Connection refused: getsockopt
	at java.base/sun.nio.ch.Net.pollConnect(Native Method)
	at java.base/sun.nio.ch.Net.pollConnectNow(Net.java:628)
	at java.base/sun.nio.ch.NioSocketImpl.timedFinishConnect(NioSocketImpl.java:533)
	at java.base/sun.nio.ch.NioSocketImpl.connect(NioSocketImpl.java:583)
	at java.base/java.net.SocksSocketImpl.connect(SocksSocketImpl.java:282)
	at java.base/java.net.Socket.connect(Socket.java:665)
	at org.apache.hc.client5.http.impl.io.DefaultHttpClientConnectionOperator.connect(DefaultHttpClientConnectionOperator.java:226)
	at org.apache.hc.client5.http.impl.io.PoolingHttpClientConnectionManager.connect(PoolingHttpClientConnectionManager.java:497)
	at org.apache.hc.client5.http.impl.classic.InternalExecRuntime.connectEndpoint(InternalExecRuntime.java:164)
	at org.apache.hc.client5.http.impl.classic.InternalExecRuntime.connectEndpoint(InternalExecRuntime.java:174)
	at org.apache.hc.client5.http.impl.classic.ConnectExec.execute(ConnectExec.java:144)
	at org.apache.hc.client5.http.impl.classic.ExecChainElement.execute(ExecChainElement.java:51)
	at org.apache.hc.client5.http.impl.classic.ProtocolExec.execute(ProtocolExec.java:195)
	at org.apache.hc.client5.http.impl.classic.ExecChainElement.execute(ExecChainElement.java:51)
	at org.apache.hc.client5.http.impl.classic.ContentCompressionExec.execute(ContentCompressionExec.java:168)
	at org.apache.hc.client5.http.impl.classic.ExecChainElement.execute(ExecChainElement.java:51)
	at org.apache.hc.client5.http.impl.classic.HttpRequestRetryExec.execute(HttpRequestRetryExec.java:112)
	at org.apache.hc.client5.http.impl.classic.ExecChainElement.execute(ExecChainElement.java:51)
	at org.apache.hc.client5.http.impl.classic.RedirectExec.execute(RedirectExec.java:110)
	at org.apache.hc.client5.http.impl.classic.ExecChainElement.execute(ExecChainElement.java:51)
	at org.apache.hc.client5.http.impl.classic.InternalHttpClient.doExecute(InternalHttpClient.java:185)
	at org.apache.hc.client5.http.impl.classic.CloseableHttpClient.execute(CloseableHttpClient.java:87)
	at org.apache.hc.client5.http.impl.classic.CloseableHttpClient.execute(CloseableHttpClient.java:55)
	at org.apache.hc.client5.http.classic.HttpClient.executeOpen(HttpClient.java:183)
	at org.springframework.http.client.HttpComponentsClientHttpRequest.executeInternal(HttpComponentsClientHttpRequest.java:99)
	at org.springframework.http.client.AbstractStreamingClientHttpRequest.executeInternal(AbstractStreamingClientHttpRequest.java:88)
	at org.springframework.http.client.AbstractClientHttpRequest.execute(AbstractClientHttpRequest.java:81)
	at org.springframework.web.client.DefaultRestClient$DefaultRequestBodyUriSpec.exchangeInternal(DefaultRestClient.java:583)
	... 14 common frames omitted
2026-04-30 22:44:33.657 [AsyncResolver-bootstrap-executor-%d] INFO  c.n.d.s.r.aws.ConfigClusterResolver - Resolving eureka endpoints via configuration
2026-04-30 22:45:31.729 [http-nio-8082-exec-1] INFO  o.a.c.c.C.[Tomcat].[localhost].[/] - Initializing Spring DispatcherServlet 'dispatcherServlet'
2026-04-30 22:45:31.729 [http-nio-8082-exec-1] INFO  o.s.web.servlet.DispatcherServlet - Initializing Servlet 'dispatcherServlet'
2026-04-30 22:45:31.733 [http-nio-8082-exec-1] INFO  o.s.web.servlet.DispatcherServlet - Completed initialization in 0 ms
2026-04-30 22:45:31.825 [http-nio-8082-exec-1] INFO  c.w.analytics.aspect.LoggingAspect - >> ENTER: AnalyticsControllerImpl.getPerformance() with arguments = [1, ROLE_CLIENT, 1]
2026-04-30 22:45:31.825 [http-nio-8082-exec-2] INFO  c.w.analytics.aspect.LoggingAspect - >> ENTER: AnalyticsControllerImpl.getRiskMeasures() with arguments = [1, ROLE_CLIENT, 1]
2026-04-30 22:45:32.087 [http-nio-8082-exec-1] INFO  c.w.analytics.aspect.LoggingAspect - >> ENTER: AnalyticsServiceImpl.getPerformanceByAccountId() with arguments = [1]
2026-04-30 22:45:32.087 [http-nio-8082-exec-2] INFO  c.w.analytics.aspect.LoggingAspect - >> ENTER: AnalyticsServiceImpl.getRiskMeasuresByAccountId() with arguments = [1]
2026-04-30 22:45:32.536 [http-nio-8082-exec-1] INFO  c.w.analytics.aspect.LoggingAspect - << EXIT:  AnalyticsServiceImpl.getPerformanceByAccountId() returned = [PerformanceRecordResponseDTO(recordId=1, accountId=1, portfolioId=1, period=DAILY, startDate=2025-03-31, endDate=2025-03-31, returnPercentage=2.82, benchmarkReturnPercentage=2.1, calculatedAt=2025-03-31T18:00), PerformanceRecordResponseDTO(recordId=6, accountId=1, portfolioId=1, period=MONTHLY, startDate=2025-03-01, endDate=2025-03-31, returnPercentage=8.5, benchmarkReturnPercentage=7.2, calculatedAt=2025-03-31T18:30)] | executed in 449 ms
2026-04-30 22:45:32.536 [http-nio-8082-exec-2] INFO  c.w.analytics.aspect.LoggingAspect - << EXIT:  AnalyticsServiceImpl.getRiskMeasuresByAccountId() returned = [RiskMeasureResponseDTO(measureId=1, accountId=1, measureType=VOLATILITY, measureValue=18.55, description=Annualised portfolio volatility based on 30-day daily returns, calculatedAt=2025-03-31T18:00), RiskMeasureResponseDTO(measureId=2, accountId=1, measureType=MAX_DRAWDOWN, measureValue=-12.3, description=Maximum peak-to-trough drawdown over last 12 months, calculatedAt=2025-03-31T18:00), RiskMeasureResponseDTO(measureId=3, accountId=1, measureType=VAR_95, measureValue=2.85, description=95% Value-at-Risk ÔÇö 1-day loss not exceeding this at 95% confidence, calculatedAt=2025-03-31T18:00), RiskMeasureResponseDTO(measureId=4, accountId=1, measureType=TRACKING_ERROR, measureValue=1.42, description=Tracking error vs Nifty 50 benchmark over 6 months, calculatedAt=2025-03-31T18:00)] | executed in 449 ms
2026-04-30 22:45:32.538 [http-nio-8082-exec-1] INFO  c.w.analytics.aspect.LoggingAspect - << EXIT:  AnalyticsControllerImpl.getPerformance() returned = <200 OK OK,[PerformanceRecordResponseDTO(recordId=1, accountId=1, portfolioId=1, period=DAILY, startDate=2025-03-31, endDate=2025-03-31, returnPercentage=2.82, benchmarkReturnPercentage=2.1, calculatedAt=2025-03-31T18:00), PerformanceRecordResponseDTO(recordId=6, accountId=1, portfolioId=1, period=MONTHLY, startDate=2025-03-01, endDate=2025-03-31, returnPercentage=8.5, benchmarkReturnPercentage=7.2, calculatedAt=2025-03-31T18:30)],[]> | executed in 713 ms
2026-04-30 22:45:32.538 [http-nio-8082-exec-2] INFO  c.w.analytics.aspect.LoggingAspect - << EXIT:  AnalyticsControllerImpl.getRiskMeasures() returned = <200 OK OK,[RiskMeasureResponseDTO(measureId=1, accountId=1, measureType=VOLATILITY, measureValue=18.55, description=Annualised portfolio volatility based on 30-day daily returns, calculatedAt=2025-03-31T18:00), RiskMeasureResponseDTO(measureId=2, accountId=1, measureType=MAX_DRAWDOWN, measureValue=-12.3, description=Maximum peak-to-trough drawdown over last 12 months, calculatedAt=2025-03-31T18:00), RiskMeasureResponseDTO(measureId=3, accountId=1, measureType=VAR_95, measureValue=2.85, description=95% Value-at-Risk ÔÇö 1-day loss not exceeding this at 95% confidence, calculatedAt=2025-03-31T18:00), RiskMeasureResponseDTO(measureId=4, accountId=1, measureType=TRACKING_ERROR, measureValue=1.42, description=Tracking error vs Nifty 50 benchmark over 6 months, calculatedAt=2025-03-31T18:00)],[]> | executed in 713 ms
2026-04-30 22:45:32.621 [http-nio-8082-exec-5] INFO  c.w.analytics.aspect.LoggingAspect - >> ENTER: AnalyticsControllerImpl.getPerformance() with arguments = [1, ROLE_CLIENT, 1]
2026-04-30 22:45:32.621 [http-nio-8082-exec-4] INFO  c.w.analytics.aspect.LoggingAspect - >> ENTER: AnalyticsControllerImpl.getRiskMeasures() with arguments = [1, ROLE_CLIENT, 1]
2026-04-30 22:45:32.638 [http-nio-8082-exec-5] INFO  c.w.analytics.aspect.LoggingAspect - << EXIT:  AnalyticsControllerImpl.getPerformance() returned = <200 OK OK,[PerformanceRecordResponseDTO(recordId=1, accountId=1, portfolioId=1, period=DAILY, startDate=2025-03-31, endDate=2025-03-31, returnPercentage=2.82, benchmarkReturnPercentage=2.1, calculatedAt=2025-03-31T18:00), PerformanceRecordResponseDTO(recordId=6, accountId=1, portfolioId=1, period=MONTHLY, startDate=2025-03-01, endDate=2025-03-31, returnPercentage=8.5, benchmarkReturnPercentage=7.2, calculatedAt=2025-03-31T18:30)],[]> | executed in 17 ms
2026-04-30 22:45:32.638 [http-nio-8082-exec-4] INFO  c.w.analytics.aspect.LoggingAspect - << EXIT:  AnalyticsControllerImpl.getRiskMeasures() returned = <200 OK OK,[RiskMeasureResponseDTO(measureId=1, accountId=1, measureType=VOLATILITY, measureValue=18.55, description=Annualised portfolio volatility based on 30-day daily returns, calculatedAt=2025-03-31T18:00), RiskMeasureResponseDTO(measureId=2, accountId=1, measureType=MAX_DRAWDOWN, measureValue=-12.3, description=Maximum peak-to-trough drawdown over last 12 months, calculatedAt=2025-03-31T18:00), RiskMeasureResponseDTO(measureId=3, accountId=1, measureType=VAR_95, measureValue=2.85, description=95% Value-at-Risk ÔÇö 1-day loss not exceeding this at 95% confidence, calculatedAt=2025-03-31T18:00), RiskMeasureResponseDTO(measureId=4, accountId=1, measureType=TRACKING_ERROR, measureValue=1.42, description=Tracking error vs Nifty 50 benchmark over 6 months, calculatedAt=2025-03-31T18:00)],[]> | executed in 17 ms
2026-04-30 22:49:33.663 [AsyncResolver-bootstrap-executor-%d] INFO  c.n.d.s.r.aws.ConfigClusterResolver - Resolving eureka endpoints via configuration
2026-04-30 22:54:33.667 [AsyncResolver-bootstrap-executor-%d] INFO  c.n.d.s.r.aws.ConfigClusterResolver - Resolving eureka endpoints via configuration
2026-04-30 23:15:41.400 [HikariPool-3:housekeeper] WARN  com.zaxxer.hikari.pool.HikariPool - HikariPool-3 - Thread starvation or clock leap detected (housekeeper delta=16m26s824ms465µs100ns).
2026-04-30 23:15:48.519 [AsyncResolver-bootstrap-executor-%d] INFO  c.n.d.s.r.aws.ConfigClusterResolver - Resolving eureka endpoints via configuration
2026-04-30 23:24:39.798 [HikariPool-3:housekeeper] WARN  com.zaxxer.hikari.pool.HikariPool - HikariPool-3 - Thread starvation or clock leap detected (housekeeper delta=5m28s341ms157µs500ns).
2026-04-30 23:26:12.215 [AsyncResolver-bootstrap-executor-%d] INFO  c.n.d.s.r.aws.ConfigClusterResolver - Resolving eureka endpoints via configuration
2026-04-30 23:31:12.222 [AsyncResolver-bootstrap-executor-%d] INFO  c.n.d.s.r.aws.ConfigClusterResolver - Resolving eureka endpoints via configuration
2026-04-30 23:36:12.233 [AsyncResolver-bootstrap-executor-%d] INFO  c.n.d.s.r.aws.ConfigClusterResolver - Resolving eureka endpoints via configuration
2026-04-30 23:41:12.236 [AsyncResolver-bootstrap-executor-%d] INFO  c.n.d.s.r.aws.ConfigClusterResolver - Resolving eureka endpoints via configuration
2026-04-30 23:46:12.248 [AsyncResolver-bootstrap-executor-%d] INFO  c.n.d.s.r.aws.ConfigClusterResolver - Resolving eureka endpoints via configuration
2026-04-30 23:51:12.257 [AsyncResolver-bootstrap-executor-%d] INFO  c.n.d.s.r.aws.ConfigClusterResolver - Resolving eureka endpoints via configuration
2026-04-30 23:56:12.262 [AsyncResolver-bootstrap-executor-%d] INFO  c.n.d.s.r.aws.ConfigClusterResolver - Resolving eureka endpoints via configuration
