2026-05-01 00:01:51.860 [AsyncResolver-bootstrap-executor-%d] INFO  c.n.d.s.r.aws.ConfigClusterResolver - Resolving eureka endpoints via configuration
2026-05-01 00:06:51.901 [AsyncResolver-bootstrap-executor-%d] INFO  c.n.d.s.r.aws.ConfigClusterResolver - Resolving eureka endpoints via configuration
2026-05-01 00:11:39.887 [SpringApplicationShutdownHook] INFO  o.s.c.n.e.s.EurekaServiceRegistry - Unregistering application ORDER-EXECUTION-SERVICE with eureka with status DOWN
2026-05-01 00:11:39.888 [SpringApplicationShutdownHook] INFO  c.netflix.discovery.DiscoveryClient - Saw local status change event StatusChangeEvent [timestamp=1777574499888, current=DOWN, previous=UP]
2026-05-01 00:11:39.889 [DiscoveryClient-InstanceInfoReplicator-%d] INFO  c.netflix.discovery.DiscoveryClient - DiscoveryClient_ORDER-EXECUTION-SERVICE/LTIN699679.cts.com:order-execution-service:8085: registering service...
2026-05-01 00:11:39.891 [SpringApplicationShutdownHook] INFO  o.s.b.w.e.tomcat.GracefulShutdown - Commencing graceful shutdown. Waiting for active requests to complete
2026-05-01 00:11:39.906 [DiscoveryClient-InstanceInfoReplicator-%d] INFO  c.netflix.discovery.DiscoveryClient - DiscoveryClient_ORDER-EXECUTION-SERVICE/LTIN699679.cts.com:order-execution-service:8085 - registration status: 204
2026-05-01 00:11:39.914 [tomcat-shutdown] INFO  o.s.b.w.e.tomcat.GracefulShutdown - Graceful shutdown complete
2026-05-01 00:11:39.958 [SpringApplicationShutdownHook] INFO  o.s.o.j.LocalContainerEntityManagerFactoryBean - Closing JPA EntityManagerFactory for persistence unit 'default'
2026-05-01 00:11:39.959 [SpringApplicationShutdownHook] INFO  com.zaxxer.hikari.HikariDataSource - HikariPool-5 - Shutdown initiated...
2026-05-01 00:11:39.970 [SpringApplicationShutdownHook] INFO  com.zaxxer.hikari.HikariDataSource - HikariPool-5 - Shutdown completed.
2026-05-01 00:11:39.972 [SpringApplicationShutdownHook] INFO  c.netflix.discovery.DiscoveryClient - Shutting down DiscoveryClient ...
2026-05-01 00:11:42.973 [SpringApplicationShutdownHook] INFO  c.netflix.discovery.DiscoveryClient - Unregistering ...
2026-05-01 00:11:42.991 [SpringApplicationShutdownHook] INFO  c.n.d.s.t.d.RedirectingEurekaHttpClient - Request execution error. endpoint=DefaultEndpoint{ serviceUrl='http://localhost:8761/eureka/} exception=I/O error on DELETE request for "http://localhost:8761/eureka/apps/ORDER-EXECUTION-SERVICE/LTIN699679.cts.com:order-execution-service:8085": Connect to http://localhost:8761 failed: Connection refused: getsockopt stacktrace=org.springframework.web.client.ResourceAccessException: I/O error on DELETE request for "http://localhost:8761/eureka/apps/ORDER-EXECUTION-SERVICE/LTIN699679.cts.com:order-execution-service:8085": Connect to http://localhost:8761 failed: Connection refused: getsockopt
	at org.springframework.web.client.RestTemplate.createResourceAccessException(RestTemplate.java:926)
	at org.springframework.web.client.RestTemplate.doExecute(RestTemplate.java:906)
	at org.springframework.web.client.RestTemplate.execute(RestTemplate.java:841)
	at org.springframework.web.client.RestTemplate.exchange(RestTemplate.java:702)
	at org.springframework.cloud.netflix.eureka.http.RestTemplateEurekaHttpClient.cancel(RestTemplateEurekaHttpClient.java:100)
	at com.netflix.discovery.shared.transport.decorator.EurekaHttpClientDecorator$2.execute(EurekaHttpClientDecorator.java:74)
	at com.netflix.discovery.shared.transport.decorator.RedirectingEurekaHttpClient.execute(RedirectingEurekaHttpClient.java:91)
	at com.netflix.discovery.shared.transport.decorator.EurekaHttpClientDecorator.cancel(EurekaHttpClientDecorator.java:71)
	at com.netflix.discovery.shared.transport.decorator.EurekaHttpClientDecorator$2.execute(EurekaHttpClientDecorator.java:74)
	at com.netflix.discovery.shared.transport.decorator.RetryableEurekaHttpClient.execute(RetryableEurekaHttpClient.java:120)
	at com.netflix.discovery.shared.transport.decorator.EurekaHttpClientDecorator.cancel(EurekaHttpClientDecorator.java:71)
	at com.netflix.discovery.shared.transport.decorator.EurekaHttpClientDecorator$2.execute(EurekaHttpClientDecorator.java:74)
	at com.netflix.discovery.shared.transport.decorator.SessionedEurekaHttpClient.execute(SessionedEurekaHttpClient.java:76)
	at com.netflix.discovery.shared.transport.decorator.EurekaHttpClientDecorator.cancel(EurekaHttpClientDecorator.java:71)
	at com.netflix.discovery.DiscoveryClient.unregister(DiscoveryClient.java:919)
	at com.netflix.discovery.DiscoveryClient.shutdown(DiscoveryClient.java:900)
	at java.base/jdk.internal.reflect.DirectMethodHandleAccessor.invoke(DirectMethodHandleAccessor.java:104)
	at java.base/java.lang.reflect.Method.invoke(Method.java:565)
	at org.springframework.beans.factory.annotation.InitDestroyAnnotationBeanPostProcessor$LifecycleMethod.invoke(InitDestroyAnnotationBeanPostProcessor.java:457)
	at org.springframework.beans.factory.annotation.InitDestroyAnnotationBeanPostProcessor$LifecycleMetadata.invokeDestroyMethods(InitDestroyAnnotationBeanPostProcessor.java:415)
	at org.springframework.beans.factory.annotation.InitDestroyAnnotationBeanPostProcessor.postProcessBeforeDestruction(InitDestroyAnnotationBeanPostProcessor.java:239)
	at org.springframework.beans.factory.support.DisposableBeanAdapter.destroy(DisposableBeanAdapter.java:203)
	at org.springframework.beans.factory.support.DisposableBeanAdapter.run(DisposableBeanAdapter.java:196)
	at org.springframework.cloud.context.scope.GenericScope$BeanLifecycleWrapper.destroy(GenericScope.java:387)
	at org.springframework.cloud.context.scope.GenericScope.destroy(GenericScope.java:134)
	at org.springframework.beans.factory.support.DisposableBeanAdapter.destroy(DisposableBeanAdapter.java:212)
	at org.springframework.beans.factory.support.DefaultSingletonBeanRegistry.destroyBean(DefaultSingletonBeanRegistry.java:798)
	at org.springframework.beans.factory.support.DefaultSingletonBeanRegistry.destroySingleton(DefaultSingletonBeanRegistry.java:748)
	at org.springframework.beans.factory.support.DefaultListableBeanFactory.destroySingleton(DefaultListableBeanFactory.java:1499)
	at org.springframework.beans.factory.support.DefaultSingletonBeanRegistry.destroySingletons(DefaultSingletonBeanRegistry.java:707)
	at org.springframework.beans.factory.support.DefaultListableBeanFactory.destroySingletons(DefaultListableBeanFactory.java:1492)
	at org.springframework.context.support.AbstractApplicationContext.destroyBeans(AbstractApplicationContext.java:1243)
	at org.springframework.context.support.AbstractApplicationContext.doClose(AbstractApplicationContext.java:1204)
	at org.springframework.boot.web.servlet.context.ServletWebServerApplicationContext.doClose(ServletWebServerApplicationContext.java:179)
	at org.springframework.context.support.AbstractApplicationContext.close(AbstractApplicationContext.java:1150)
	at org.springframework.boot.SpringApplicationShutdownHook.closeAndWait(SpringApplicationShutdownHook.java:147)
	at java.base/java.lang.Iterable.forEach(Iterable.java:75)
	at org.springframework.boot.SpringApplicationShutdownHook.run(SpringApplicationShutdownHook.java:116)
	at java.base/java.lang.Thread.run(Thread.java:1447)
Caused by: org.apache.hc.client5.http.HttpHostConnectException: Connect to http://localhost:8761 failed: Connection refused: getsockopt
	at java.base/sun.nio.ch.Net.pollConnect(Native Method)
	at java.base/sun.nio.ch.Net.pollConnectNow(Net.java:628)
	at java.base/sun.nio.ch.NioSocketImpl.timedFinishConnect(NioSocketImpl.java:533)
	at java.base/sun.nio.ch.NioSocketImpl.connect(NioSocketImpl.java:583)
	at java.base/java.net.SocksSocketImpl.connect(SocksSocketImpl.java:282)
	at java.base/java.net.Socket.connect(Socket.java:665)
	at org.apache.hc.client5.http.impl.io.DefaultHttpClientConnectionOperator.connect(DefaultHttpClientConnectionOperator.java:226)
	at org.apache.hc.client5.http.impl.io.PoolingHttpClientConnectionManager.connect(PoolingHttpClientConnectionManager.java:497)
	at org.apache.hc.client5.http.impl.classic.InternalExecRuntime.connectEndpoint(InternalExecRuntime.java:164)
	at org.apache.hc.client5.http.impl.classic.InternalExecRuntime.connectEndpoint(InternalExecRuntime.java:174)
	at org.apache.hc.client5.http.impl.classic.ConnectExec.execute(ConnectExec.java:144)
	at org.apache.hc.client5.http.impl.classic.ExecChainElement.execute(ExecChainElement.java:51)
	at org.apache.hc.client5.http.impl.classic.ProtocolExec.execute(ProtocolExec.java:195)
	at org.apache.hc.client5.http.impl.classic.ExecChainElement.execute(ExecChainElement.java:51)
	at org.apache.hc.client5.http.impl.classic.ContentCompressionExec.execute(ContentCompressionExec.java:168)
	at org.apache.hc.client5.http.impl.classic.ExecChainElement.execute(ExecChainElement.java:51)
	at org.apache.hc.client5.http.impl.classic.HttpRequestRetryExec.execute(HttpRequestRetryExec.java:112)
	at org.apache.hc.client5.http.impl.classic.ExecChainElement.execute(ExecChainElement.java:51)
	at org.apache.hc.client5.http.impl.classic.RedirectExec.execute(RedirectExec.java:110)
	at org.apache.hc.client5.http.impl.classic.ExecChainElement.execute(ExecChainElement.java:51)
	at org.apache.hc.client5.http.impl.classic.InternalHttpClient.doExecute(InternalHttpClient.java:185)
	at org.apache.hc.client5.http.impl.classic.CloseableHttpClient.execute(CloseableHttpClient.java:87)
	at org.apache.hc.client5.http.impl.classic.CloseableHttpClient.execute(CloseableHttpClient.java:55)
	at org.apache.hc.client5.http.classic.HttpClient.executeOpen(HttpClient.java:183)
	at org.springframework.http.client.HttpComponentsClientHttpRequest.executeInternal(HttpComponentsClientHttpRequest.java:99)
	at org.springframework.http.client.AbstractStreamingClientHttpRequest.executeInternal(AbstractStreamingClientHttpRequest.java:88)
	at org.springframework.http.client.AbstractClientHttpRequest.execute(AbstractClientHttpRequest.java:81)
	at org.springframework.http.client.InterceptingClientHttpRequest$InterceptingRequestExecution.execute(InterceptingClientHttpRequest.java:117)
	at org.springframework.cloud.netflix.eureka.http.RestTemplateTransportClientFactory.lambda$restTemplate$2(RestTemplateTransportClientFactory.java:145)
	at org.springframework.http.client.InterceptingClientHttpRequest$InterceptingRequestExecution.execute(InterceptingClientHttpRequest.java:88)
	at org.springframework.http.client.InterceptingClientHttpRequest.executeInternal(InterceptingClientHttpRequest.java:72)
	at org.springframework.http.client.AbstractBufferingClientHttpRequest.executeInternal(AbstractBufferingClientHttpRequest.java:48)
	at org.springframework.http.client.AbstractClientHttpRequest.execute(AbstractClientHttpRequest.java:81)
	at org.springframework.web.client.RestTemplate.doExecute(RestTemplate.java:900)
	... 37 more

2026-05-01 00:11:42.991 [SpringApplicationShutdownHook] WARN  c.n.d.s.t.d.RetryableEurekaHttpClient - Request execution failed with message: I/O error on DELETE request for "http://localhost:8761/eureka/apps/ORDER-EXECUTION-SERVICE/LTIN699679.cts.com:order-execution-service:8085": Connect to http://localhost:8761 failed: Connection refused: getsockopt
2026-05-01 00:11:43.004 [SpringApplicationShutdownHook] INFO  c.n.d.s.t.d.RedirectingEurekaHttpClient - Request execution error. endpoint=DefaultEndpoint{ serviceUrl='http://localhost:8761/eureka/}, exception=I/O error on DELETE request for "http://localhost:8761/eureka/apps/ORDER-EXECUTION-SERVICE/LTIN699679.cts.com:order-execution-service:8085": Connect to http://localhost:8761 failed: Connection refused: getsockopt stacktrace=org.springframework.web.client.ResourceAccessException: I/O error on DELETE request for "http://localhost:8761/eureka/apps/ORDER-EXECUTION-SERVICE/LTIN699679.cts.com:order-execution-service:8085": Connect to http://localhost:8761 failed: Connection refused: getsockopt
	at org.springframework.web.client.RestTemplate.createResourceAccessException(RestTemplate.java:926)
	at org.springframework.web.client.RestTemplate.doExecute(RestTemplate.java:906)
	at org.springframework.web.client.RestTemplate.execute(RestTemplate.java:841)
	at org.springframework.web.client.RestTemplate.exchange(RestTemplate.java:702)
	at org.springframework.cloud.netflix.eureka.http.RestTemplateEurekaHttpClient.cancel(RestTemplateEurekaHttpClient.java:100)
	at com.netflix.discovery.shared.transport.decorator.EurekaHttpClientDecorator$2.execute(EurekaHttpClientDecorator.java:74)
	at com.netflix.discovery.shared.transport.decorator.RedirectingEurekaHttpClient.executeOnNewServer(RedirectingEurekaHttpClient.java:121)
	at com.netflix.discovery.shared.transport.decorator.RedirectingEurekaHttpClient.execute(RedirectingEurekaHttpClient.java:80)
	at com.netflix.discovery.shared.transport.decorator.EurekaHttpClientDecorator.cancel(EurekaHttpClientDecorator.java:71)
	at com.netflix.discovery.shared.transport.decorator.EurekaHttpClientDecorator$2.execute(EurekaHttpClientDecorator.java:74)
	at com.netflix.discovery.shared.transport.decorator.RetryableEurekaHttpClient.execute(RetryableEurekaHttpClient.java:120)
	at com.netflix.discovery.shared.transport.decorator.EurekaHttpClientDecorator.cancel(EurekaHttpClientDecorator.java:71)
	at com.netflix.discovery.shared.transport.decorator.EurekaHttpClientDecorator$2.execute(EurekaHttpClientDecorator.java:74)
	at com.netflix.discovery.shared.transport.decorator.SessionedEurekaHttpClient.execute(SessionedEurekaHttpClient.java:76)
	at com.netflix.discovery.shared.transport.decorator.EurekaHttpClientDecorator.cancel(EurekaHttpClientDecorator.java:71)
	at com.netflix.discovery.DiscoveryClient.unregister(DiscoveryClient.java:919)
	at com.netflix.discovery.DiscoveryClient.shutdown(DiscoveryClient.java:900)
	at java.base/jdk.internal.reflect.DirectMethodHandleAccessor.invoke(DirectMethodHandleAccessor.java:104)
	at java.base/java.lang.reflect.Method.invoke(Method.java:565)
	at org.springframework.beans.factory.annotation.InitDestroyAnnotationBeanPostProcessor$LifecycleMethod.invoke(InitDestroyAnnotationBeanPostProcessor.java:457)
	at org.springframework.beans.factory.annotation.InitDestroyAnnotationBeanPostProcessor$LifecycleMetadata.invokeDestroyMethods(InitDestroyAnnotationBeanPostProcessor.java:415)
	at org.springframework.beans.factory.annotation.InitDestroyAnnotationBeanPostProcessor.postProcessBeforeDestruction(InitDestroyAnnotationBeanPostProcessor.java:239)
	at org.springframework.beans.factory.support.DisposableBeanAdapter.destroy(DisposableBeanAdapter.java:203)
	at org.springframework.beans.factory.support.DisposableBeanAdapter.run(DisposableBeanAdapter.java:196)
	at org.springframework.cloud.context.scope.GenericScope$BeanLifecycleWrapper.destroy(GenericScope.java:387)
	at org.springframework.cloud.context.scope.GenericScope.destroy(GenericScope.java:134)
	at org.springframework.beans.factory.support.DisposableBeanAdapter.destroy(DisposableBeanAdapter.java:212)
	at org.springframework.beans.factory.support.DefaultSingletonBeanRegistry.destroyBean(DefaultSingletonBeanRegistry.java:798)
	at org.springframework.beans.factory.support.DefaultSingletonBeanRegistry.destroySingleton(DefaultSingletonBeanRegistry.java:748)
	at org.springframework.beans.factory.support.DefaultListableBeanFactory.destroySingleton(DefaultListableBeanFactory.java:1499)
	at org.springframework.beans.factory.support.DefaultSingletonBeanRegistry.destroySingletons(DefaultSingletonBeanRegistry.java:707)
	at org.springframework.beans.factory.support.DefaultListableBeanFactory.destroySingletons(DefaultListableBeanFactory.java:1492)
	at org.springframework.context.support.AbstractApplicationContext.destroyBeans(AbstractApplicationContext.java:1243)
	at org.springframework.context.support.AbstractApplicationContext.doClose(AbstractApplicationContext.java:1204)
	at org.springframework.boot.web.servlet.context.ServletWebServerApplicationContext.doClose(ServletWebServerApplicationContext.java:179)
	at org.springframework.context.support.AbstractApplicationContext.close(AbstractApplicationContext.java:1150)
	at org.springframework.boot.SpringApplicationShutdownHook.closeAndWait(SpringApplicationShutdownHook.java:147)
	at java.base/java.lang.Iterable.forEach(Iterable.java:75)
	at org.springframework.boot.SpringApplicationShutdownHook.run(SpringApplicationShutdownHook.java:116)
	at java.base/java.lang.Thread.run(Thread.java:1447)
Caused by: org.apache.hc.client5.http.HttpHostConnectException: Connect to http://localhost:8761 failed: Connection refused: getsockopt
	at java.base/sun.nio.ch.Net.pollConnect(Native Method)
	at java.base/sun.nio.ch.Net.pollConnectNow(Net.java:628)
	at java.base/sun.nio.ch.NioSocketImpl.timedFinishConnect(NioSocketImpl.java:533)
	at java.base/sun.nio.ch.NioSocketImpl.connect(NioSocketImpl.java:583)
	at java.base/java.net.SocksSocketImpl.connect(SocksSocketImpl.java:282)
	at java.base/java.net.Socket.connect(Socket.java:665)
	at org.apache.hc.client5.http.impl.io.DefaultHttpClientConnectionOperator.connect(DefaultHttpClientConnectionOperator.java:226)
	at org.apache.hc.client5.http.impl.io.PoolingHttpClientConnectionManager.connect(PoolingHttpClientConnectionManager.java:497)
	at org.apache.hc.client5.http.impl.classic.InternalExecRuntime.connectEndpoint(InternalExecRuntime.java:164)
	at org.apache.hc.client5.http.impl.classic.InternalExecRuntime.connectEndpoint(InternalExecRuntime.java:174)
	at org.apache.hc.client5.http.impl.classic.ConnectExec.execute(ConnectExec.java:144)
	at org.apache.hc.client5.http.impl.classic.ExecChainElement.execute(ExecChainElement.java:51)
	at org.apache.hc.client5.http.impl.classic.ProtocolExec.execute(ProtocolExec.java:195)
	at org.apache.hc.client5.http.impl.classic.ExecChainElement.execute(ExecChainElement.java:51)
	at org.apache.hc.client5.http.impl.classic.ContentCompressionExec.execute(ContentCompressionExec.java:168)
	at org.apache.hc.client5.http.impl.classic.ExecChainElement.execute(ExecChainElement.java:51)
	at org.apache.hc.client5.http.impl.classic.HttpRequestRetryExec.execute(HttpRequestRetryExec.java:112)
	at org.apache.hc.client5.http.impl.classic.ExecChainElement.execute(ExecChainElement.java:51)
	at org.apache.hc.client5.http.impl.classic.RedirectExec.execute(RedirectExec.java:110)
	at org.apache.hc.client5.http.impl.classic.ExecChainElement.execute(ExecChainElement.java:51)
	at org.apache.hc.client5.http.impl.classic.InternalHttpClient.doExecute(InternalHttpClient.java:185)
	at org.apache.hc.client5.http.impl.classic.CloseableHttpClient.execute(CloseableHttpClient.java:87)
	at org.apache.hc.client5.http.impl.classic.CloseableHttpClient.execute(CloseableHttpClient.java:55)
	at org.apache.hc.client5.http.classic.HttpClient.executeOpen(HttpClient.java:183)
	at org.springframework.http.client.HttpComponentsClientHttpRequest.executeInternal(HttpComponentsClientHttpRequest.java:99)
	at org.springframework.http.client.AbstractStreamingClientHttpRequest.executeInternal(AbstractStreamingClientHttpRequest.java:88)
	at org.springframework.http.client.AbstractClientHttpRequest.execute(AbstractClientHttpRequest.java:81)
	at org.springframework.http.client.InterceptingClientHttpRequest$InterceptingRequestExecution.execute(InterceptingClientHttpRequest.java:117)
	at org.springframework.cloud.netflix.eureka.http.RestTemplateTransportClientFactory.lambda$restTemplate$2(RestTemplateTransportClientFactory.java:145)
	at org.springframework.http.client.InterceptingClientHttpRequest$InterceptingRequestExecution.execute(InterceptingClientHttpRequest.java:88)
	at org.springframework.http.client.InterceptingClientHttpRequest.executeInternal(InterceptingClientHttpRequest.java:72)
	at org.springframework.http.client.AbstractBufferingClientHttpRequest.executeInternal(AbstractBufferingClientHttpRequest.java:48)
	at org.springframework.http.client.AbstractClientHttpRequest.execute(AbstractClientHttpRequest.java:81)
	at org.springframework.web.client.RestTemplate.doExecute(RestTemplate.java:900)
	... 38 more

2026-05-01 00:11:43.005 [SpringApplicationShutdownHook] WARN  c.n.d.s.t.d.RetryableEurekaHttpClient - Request execution failed with message: I/O error on DELETE request for "http://localhost:8761/eureka/apps/ORDER-EXECUTION-SERVICE/LTIN699679.cts.com:order-execution-service:8085": Connect to http://localhost:8761 failed: Connection refused: getsockopt
2026-05-01 00:11:43.005 [SpringApplicationShutdownHook] ERROR c.netflix.discovery.DiscoveryClient - DiscoveryClient_ORDER-EXECUTION-SERVICE/LTIN699679.cts.com:order-execution-service:8085 - de-registration failedCannot execute request on any known server
com.netflix.discovery.shared.transport.TransportException: Cannot execute request on any known server
	at com.netflix.discovery.shared.transport.decorator.RetryableEurekaHttpClient.execute(RetryableEurekaHttpClient.java:112)
	at com.netflix.discovery.shared.transport.decorator.EurekaHttpClientDecorator.cancel(EurekaHttpClientDecorator.java:71)
	at com.netflix.discovery.shared.transport.decorator.EurekaHttpClientDecorator$2.execute(EurekaHttpClientDecorator.java:74)
	at com.netflix.discovery.shared.transport.decorator.SessionedEurekaHttpClient.execute(SessionedEurekaHttpClient.java:76)
	at com.netflix.discovery.shared.transport.decorator.EurekaHttpClientDecorator.cancel(EurekaHttpClientDecorator.java:71)
	at com.netflix.discovery.DiscoveryClient.unregister(DiscoveryClient.java:919)
	at com.netflix.discovery.DiscoveryClient.shutdown(DiscoveryClient.java:900)
	at java.base/jdk.internal.reflect.DirectMethodHandleAccessor.invoke(DirectMethodHandleAccessor.java:104)
	at java.base/java.lang.reflect.Method.invoke(Method.java:565)
	at org.springframework.beans.factory.annotation.InitDestroyAnnotationBeanPostProcessor$LifecycleMethod.invoke(InitDestroyAnnotationBeanPostProcessor.java:457)
	at org.springframework.beans.factory.annotation.InitDestroyAnnotationBeanPostProcessor$LifecycleMetadata.invokeDestroyMethods(InitDestroyAnnotationBeanPostProcessor.java:415)
	at org.springframework.beans.factory.annotation.InitDestroyAnnotationBeanPostProcessor.postProcessBeforeDestruction(InitDestroyAnnotationBeanPostProcessor.java:239)
	at org.springframework.beans.factory.support.DisposableBeanAdapter.destroy(DisposableBeanAdapter.java:203)
	at org.springframework.beans.factory.support.DisposableBeanAdapter.run(DisposableBeanAdapter.java:196)
	at org.springframework.cloud.context.scope.GenericScope$BeanLifecycleWrapper.destroy(GenericScope.java:387)
	at org.springframework.cloud.context.scope.GenericScope.destroy(GenericScope.java:134)
	at org.springframework.beans.factory.support.DisposableBeanAdapter.destroy(DisposableBeanAdapter.java:212)
	at org.springframework.beans.factory.support.DefaultSingletonBeanRegistry.destroyBean(DefaultSingletonBeanRegistry.java:798)
	at org.springframework.beans.factory.support.DefaultSingletonBeanRegistry.destroySingleton(DefaultSingletonBeanRegistry.java:748)
	at org.springframework.beans.factory.support.DefaultListableBeanFactory.destroySingleton(DefaultListableBeanFactory.java:1499)
	at org.springframework.beans.factory.support.DefaultSingletonBeanRegistry.destroySingletons(DefaultSingletonBeanRegistry.java:707)
	at org.springframework.beans.factory.support.DefaultListableBeanFactory.destroySingletons(DefaultListableBeanFactory.java:1492)
	at org.springframework.context.support.AbstractApplicationContext.destroyBeans(AbstractApplicationContext.java:1243)
	at org.springframework.context.support.AbstractApplicationContext.doClose(AbstractApplicationContext.java:1204)
	at org.springframework.boot.web.servlet.context.ServletWebServerApplicationContext.doClose(ServletWebServerApplicationContext.java:179)
	at org.springframework.context.support.AbstractApplicationContext.close(AbstractApplicationContext.java:1150)
	at org.springframework.boot.SpringApplicationShutdownHook.closeAndWait(SpringApplicationShutdownHook.java:147)
	at java.base/java.lang.Iterable.forEach(Iterable.java:75)
	at org.springframework.boot.SpringApplicationShutdownHook.run(SpringApplicationShutdownHook.java:116)
	at java.base/java.lang.Thread.run(Thread.java:1447)
2026-05-01 00:11:43.005 [SpringApplicationShutdownHook] INFO  c.netflix.discovery.DiscoveryClient - Completed shut down of DiscoveryClient
2026-05-01 20:27:54.673 [background-preinit] INFO  o.h.validator.internal.util.Version - HV000001: Hibernate Validator 8.0.3.Final
2026-05-01 20:27:54.727 [restartedMain] INFO  c.w.o.OrderExecutionServiceApplication - Starting OrderExecutionServiceApplication using Java 24.0.1 with PID 12160 (C:\Users\2478178\Downloads\WealthPro\WealthPro\Backend\order-execution-service\target\classes started by 2478178 in C:\Users\2478178\Downloads\WealthPro\WealthPro)
2026-05-01 20:27:54.728 [restartedMain] DEBUG c.w.o.OrderExecutionServiceApplication - Running with Spring Boot v3.5.11, Spring v6.2.16
2026-05-01 20:27:54.729 [restartedMain] INFO  c.w.o.OrderExecutionServiceApplication - No active profile set, falling back to 1 default profile: "default"
2026-05-01 20:27:54.815 [restartedMain] INFO  o.s.b.d.e.DevToolsPropertyDefaultsPostProcessor - Devtools property defaults active! Set 'spring.devtools.add-properties' to 'false' to disable
2026-05-01 20:27:54.816 [restartedMain] INFO  o.s.b.d.e.DevToolsPropertyDefaultsPostProcessor - For additional web related logging consider setting the 'logging.level.web' property to 'DEBUG'
2026-05-01 20:27:56.221 [restartedMain] INFO  o.s.d.r.c.RepositoryConfigurationDelegate - Bootstrapping Spring Data JPA repositories in DEFAULT mode.
2026-05-01 20:27:56.368 [restartedMain] INFO  o.s.d.r.c.RepositoryConfigurationDelegate - Finished Spring Data repository scanning in 139 ms. Found 4 JPA repository interfaces.
2026-05-01 20:27:56.605 [restartedMain] INFO  o.s.cloud.context.scope.GenericScope - BeanFactory id=a69d3493-87c9-3121-9b26-ca31380a9620
2026-05-01 20:27:57.207 [restartedMain] INFO  o.s.b.w.e.tomcat.TomcatWebServer - Tomcat initialized with port 8085 (http)
2026-05-01 20:27:57.218 [restartedMain] INFO  o.a.coyote.http11.Http11NioProtocol - Initializing ProtocolHandler ["http-nio-8085"]
2026-05-01 20:27:57.221 [restartedMain] INFO  o.a.catalina.core.StandardService - Starting service [Tomcat]
2026-05-01 20:27:57.221 [restartedMain] INFO  o.a.catalina.core.StandardEngine - Starting Servlet engine: [Apache Tomcat/10.1.52]
2026-05-01 20:27:57.274 [restartedMain] INFO  o.a.c.c.C.[Tomcat].[localhost].[/] - Initializing Spring embedded WebApplicationContext
2026-05-01 20:27:57.274 [restartedMain] INFO  o.s.b.w.s.c.ServletWebServerApplicationContext - Root WebApplicationContext: initialization completed in 2458 ms
2026-05-01 20:27:57.606 [restartedMain] INFO  o.h.jpa.internal.util.LogHelper - HHH000204: Processing PersistenceUnitInfo [name: default]
2026-05-01 20:27:57.655 [restartedMain] INFO  org.hibernate.Version - HHH000412: Hibernate ORM core version 6.6.42.Final
2026-05-01 20:27:57.696 [restartedMain] INFO  o.h.c.i.RegionFactoryInitiator - HHH000026: Second-level cache disabled
2026-05-01 20:27:57.948 [restartedMain] INFO  o.s.o.j.p.SpringPersistenceUnitInfo - No LoadTimeWeaver setup: ignoring JPA class transformer
2026-05-01 20:27:57.976 [restartedMain] INFO  com.zaxxer.hikari.HikariDataSource - HikariPool-1 - Starting...
2026-05-01 20:27:58.267 [restartedMain] INFO  com.zaxxer.hikari.pool.HikariPool - HikariPool-1 - Added connection com.mysql.cj.jdbc.ConnectionImpl@1d400664
2026-05-01 20:27:58.269 [restartedMain] INFO  com.zaxxer.hikari.HikariDataSource - HikariPool-1 - Start completed.
2026-05-01 20:27:58.335 [restartedMain] INFO  o.hibernate.orm.connections.pooling - HHH10001005: Database info:
	Database JDBC URL [Connecting through datasource 'HikariDataSource (HikariPool-1)']
	Database driver: undefined/unknown
	Database version: 8.0.44
	Autocommit mode: undefined/unknown
	Isolation level: undefined/unknown
	Minimum pool size: undefined/unknown
	Maximum pool size: undefined/unknown
2026-05-01 20:27:59.154 [restartedMain] INFO  o.h.e.t.j.p.i.JtaPlatformInitiator - HHH000489: No JTA platform available (set 'hibernate.transaction.jta.platform' to enable JTA platform integration)
2026-05-01 20:27:59.233 [restartedMain] INFO  o.s.o.j.LocalContainerEntityManagerFactoryBean - Initialized JPA EntityManagerFactory for persistence unit 'default'
2026-05-01 20:27:59.773 [restartedMain] WARN  o.s.b.a.o.j.JpaBaseConfiguration$JpaWebConfiguration - spring.jpa.open-in-view is enabled by default. Therefore, database queries may be performed during view rendering. Explicitly configure spring.jpa.open-in-view to disable this warning
2026-05-01 20:27:59.810 [restartedMain] WARN  o.s.b.d.a.OptionalLiveReloadServer - Unable to start LiveReload server
2026-05-01 20:27:59.864 [restartedMain] INFO  o.s.c.o.FeignClientFactoryBean - For 'wealthpro-service' URL not provided. Will try picking an instance via load-balancing.
2026-05-01 20:27:59.936 [restartedMain] INFO  o.s.c.o.FeignClientFactoryBean - For 'productcatalog-service' URL not provided. Will try picking an instance via load-balancing.
2026-05-01 20:27:59.954 [restartedMain] INFO  o.s.c.o.FeignClientFactoryBean - For 'pbor-service' URL not provided. Will try picking an instance via load-balancing.
2026-05-01 20:27:59.973 [restartedMain] INFO  o.s.c.o.FeignClientFactoryBean - For 'notifications-service' URL not provided. Will try picking an instance via load-balancing.
2026-05-01 20:28:00.882 [restartedMain] INFO  o.s.c.n.e.c.DiscoveryClientOptionalArgsConfiguration - Eureka HTTP Client uses RestTemplate.
2026-05-01 20:28:00.904 [restartedMain] WARN  o.s.c.l.c.LoadBalancerCacheAutoConfiguration$LoadBalancerCaffeineWarnLogger - Spring Cloud LoadBalancer is currently working with the default cache. While this cache implementation is useful for development and tests, it's recommended to use Caffeine cache in production.You can switch to using Caffeine cache, by adding it and org.springframework.cache.caffeine.CaffeineCacheManager to the classpath.
2026-05-01 20:28:00.916 [restartedMain] INFO  o.s.b.a.e.web.EndpointLinksResolver - Exposing 17 endpoints beneath base path '/actuator'
2026-05-01 20:28:00.980 [restartedMain] INFO  o.s.c.n.eureka.InstanceInfoFactory - Setting initial instance status as: STARTING
2026-05-01 20:28:01.008 [restartedMain] INFO  c.netflix.discovery.DiscoveryClient - Initializing Eureka in region us-east-1
2026-05-01 20:28:01.011 [restartedMain] INFO  c.n.d.s.r.aws.ConfigClusterResolver - Resolving eureka endpoints via configuration
2026-05-01 20:28:01.017 [restartedMain] INFO  c.netflix.discovery.DiscoveryClient - Disable delta property : false
2026-05-01 20:28:01.017 [restartedMain] INFO  c.netflix.discovery.DiscoveryClient - Single vip registry refresh property : null
2026-05-01 20:28:01.017 [restartedMain] INFO  c.netflix.discovery.DiscoveryClient - Force full registry fetch : false
2026-05-01 20:28:01.017 [restartedMain] INFO  c.netflix.discovery.DiscoveryClient - Application is null : false
2026-05-01 20:28:01.017 [restartedMain] INFO  c.netflix.discovery.DiscoveryClient - Registered Applications size is zero : true
2026-05-01 20:28:01.017 [restartedMain] INFO  c.netflix.discovery.DiscoveryClient - Application version is -1: true
2026-05-01 20:28:01.017 [restartedMain] INFO  c.netflix.discovery.DiscoveryClient - Getting all instance registry info from the eureka server
2026-05-01 20:28:01.302 [restartedMain] INFO  c.netflix.discovery.DiscoveryClient - The response status is 200
2026-05-01 20:28:01.305 [restartedMain] INFO  c.netflix.discovery.DiscoveryClient - Starting heartbeat executor: renew interval is: 30
2026-05-01 20:28:01.307 [restartedMain] INFO  c.n.discovery.InstanceInfoReplicator - InstanceInfoReplicator onDemand update allowed rate per min is 4
2026-05-01 20:28:01.308 [restartedMain] INFO  c.netflix.discovery.DiscoveryClient - Discovery Client initialized at timestamp 1777647481308 with initial instances count: 3
2026-05-01 20:28:01.316 [restartedMain] INFO  o.s.c.n.e.s.EurekaServiceRegistry - Registering application ORDER-EXECUTION-SERVICE with eureka with status UP
2026-05-01 20:28:01.317 [restartedMain] INFO  c.netflix.discovery.DiscoveryClient - Saw local status change event StatusChangeEvent [timestamp=1777647481317, current=UP, previous=STARTING]
2026-05-01 20:28:01.318 [restartedMain] INFO  o.a.coyote.http11.Http11NioProtocol - Starting ProtocolHandler ["http-nio-8085"]
2026-05-01 20:28:01.318 [DiscoveryClient-InstanceInfoReplicator-%d] INFO  c.netflix.discovery.DiscoveryClient - DiscoveryClient_ORDER-EXECUTION-SERVICE/LTIN699679.cts.com:order-execution-service:8085: registering service...
2026-05-01 20:28:01.346 [restartedMain] INFO  o.s.b.w.e.tomcat.TomcatWebServer - Tomcat started on port 8085 (http) with context path '/'
2026-05-01 20:28:01.348 [restartedMain] INFO  o.s.c.n.e.s.EurekaAutoServiceRegistration - Updating port to 8085
2026-05-01 20:28:01.370 [restartedMain] INFO  c.w.o.OrderExecutionServiceApplication - Started OrderExecutionServiceApplication in 7.548 seconds (process running for 8.637)
2026-05-01 20:28:01.375 [DiscoveryClient-InstanceInfoReplicator-%d] INFO  c.netflix.discovery.DiscoveryClient - DiscoveryClient_ORDER-EXECUTION-SERVICE/LTIN699679.cts.com:order-execution-service:8085 - registration status: 204
2026-05-01 20:28:01.470 [registrationTask1] INFO  d.c.b.a.c.r.ApplicationRegistrator - Application registered itself as b1e63ac2c7ba
2026-05-01 20:28:01.514 [http-nio-8085-exec-1] INFO  o.a.c.c.C.[Tomcat].[localhost].[/] - Initializing Spring DispatcherServlet 'dispatcherServlet'
2026-05-01 20:28:01.514 [http-nio-8085-exec-1] INFO  o.s.web.servlet.DispatcherServlet - Initializing Servlet 'dispatcherServlet'
2026-05-01 20:28:01.515 [http-nio-8085-exec-1] INFO  o.s.web.servlet.DispatcherServlet - Completed initialization in 1 ms
2026-05-01 20:33:01.020 [AsyncResolver-bootstrap-executor-%d] INFO  c.n.d.s.r.aws.ConfigClusterResolver - Resolving eureka endpoints via configuration
2026-05-01 20:38:01.025 [AsyncResolver-bootstrap-executor-%d] INFO  c.n.d.s.r.aws.ConfigClusterResolver - Resolving eureka endpoints via configuration
2026-05-01 20:43:21.836 [HikariPool-1:housekeeper] WARN  com.zaxxer.hikari.pool.HikariPool - HikariPool-1 - Thread starvation or clock leap detected (housekeeper delta=5m23s332ms707µs500ns).
2026-05-01 20:48:19.068 [AsyncResolver-bootstrap-executor-%d] INFO  c.n.d.s.r.aws.ConfigClusterResolver - Resolving eureka endpoints via configuration
2026-05-01 20:53:19.075 [AsyncResolver-bootstrap-executor-%d] INFO  c.n.d.s.r.aws.ConfigClusterResolver - Resolving eureka endpoints via configuration
2026-05-01 20:54:32.391 [http-nio-8085-exec-5] INFO  c.w.o.aspect.LoggingAspect - >> ENTER: OrderControllerImpl.getOrdersByClientId() with arguments = [2, ROLE_CLIENT, 2]
2026-05-01 20:54:32.449 [http-nio-8085-exec-5] INFO  c.w.o.aspect.LoggingAspect - >> ENTER: OrderServiceImpl.getOrdersByClientId() with arguments = [2]
2026-05-01 20:54:33.146 [http-nio-8085-exec-5] INFO  c.w.o.aspect.LoggingAspect - << EXIT:  OrderServiceImpl.getOrdersByClientId() returned = [OrderResponseDTO(orderId=2, clientId=2, securityId=3, side=SUBSCRIBE, quantity=500, priceType=NAV, limitPrice=null, orderDate=2025-01-17T11:00, status=FILLED, routedVenue=SIMULATED_MF_PLATFORM), OrderResponseDTO(orderId=7, clientId=2, securityId=4, side=SELL, quantity=100, priceType=MARKET, limitPrice=null, orderDate=2025-03-01T09:30, status=ROUTED, routedVenue=SIMULATED_NSE)] | executed in 697 ms
2026-05-01 20:54:33.163 [http-nio-8085-exec-5] INFO  c.w.o.aspect.LoggingAspect - << EXIT:  OrderControllerImpl.getOrdersByClientId() returned = <200 OK OK,[OrderResponseDTO(orderId=2, clientId=2, securityId=3, side=SUBSCRIBE, quantity=500, priceType=NAV, limitPrice=null, orderDate=2025-01-17T11:00, status=FILLED, routedVenue=SIMULATED_MF_PLATFORM), OrderResponseDTO(orderId=7, clientId=2, securityId=4, side=SELL, quantity=100, priceType=MARKET, limitPrice=null, orderDate=2025-03-01T09:30, status=ROUTED, routedVenue=SIMULATED_NSE)],[]> | executed in 772 ms
2026-05-01 20:54:33.215 [http-nio-8085-exec-7] INFO  c.w.o.aspect.LoggingAspect - >> ENTER: OrderControllerImpl.getOrdersByClientId() with arguments = [2, ROLE_CLIENT, 2]
2026-05-01 20:54:33.218 [http-nio-8085-exec-7] INFO  c.w.o.aspect.LoggingAspect - >> ENTER: OrderServiceImpl.getOrdersByClientId() with arguments = [2]
2026-05-01 20:54:33.228 [http-nio-8085-exec-7] INFO  c.w.o.aspect.LoggingAspect - << EXIT:  OrderServiceImpl.getOrdersByClientId() returned = [OrderResponseDTO(orderId=2, clientId=2, securityId=3, side=SUBSCRIBE, quantity=500, priceType=NAV, limitPrice=null, orderDate=2025-01-17T11:00, status=FILLED, routedVenue=SIMULATED_MF_PLATFORM), OrderResponseDTO(orderId=7, clientId=2, securityId=4, side=SELL, quantity=100, priceType=MARKET, limitPrice=null, orderDate=2025-03-01T09:30, status=ROUTED, routedVenue=SIMULATED_NSE)] | executed in 10 ms
2026-05-01 20:54:33.230 [http-nio-8085-exec-7] INFO  c.w.o.aspect.LoggingAspect - << EXIT:  OrderControllerImpl.getOrdersByClientId() returned = <200 OK OK,[OrderResponseDTO(orderId=2, clientId=2, securityId=3, side=SUBSCRIBE, quantity=500, priceType=NAV, limitPrice=null, orderDate=2025-01-17T11:00, status=FILLED, routedVenue=SIMULATED_MF_PLATFORM), OrderResponseDTO(orderId=7, clientId=2, securityId=4, side=SELL, quantity=100, priceType=MARKET, limitPrice=null, orderDate=2025-03-01T09:30, status=ROUTED, routedVenue=SIMULATED_NSE)],[]> | executed in 15 ms
2026-05-01 20:56:01.531 [http-nio-8085-exec-3] INFO  c.w.o.aspect.LoggingAspect - >> ENTER: OrderControllerImpl.getOrdersByClientId() with arguments = [2, ROLE_CLIENT, 2]
2026-05-01 20:56:01.535 [http-nio-8085-exec-3] INFO  c.w.o.aspect.LoggingAspect - >> ENTER: OrderServiceImpl.getOrdersByClientId() with arguments = [2]
2026-05-01 20:56:01.550 [http-nio-8085-exec-3] INFO  c.w.o.aspect.LoggingAspect - << EXIT:  OrderServiceImpl.getOrdersByClientId() returned = [OrderResponseDTO(orderId=2, clientId=2, securityId=3, side=SUBSCRIBE, quantity=500, priceType=NAV, limitPrice=null, orderDate=2025-01-17T11:00, status=FILLED, routedVenue=SIMULATED_MF_PLATFORM), OrderResponseDTO(orderId=7, clientId=2, securityId=4, side=SELL, quantity=100, priceType=MARKET, limitPrice=null, orderDate=2025-03-01T09:30, status=ROUTED, routedVenue=SIMULATED_NSE)] | executed in 15 ms
2026-05-01 20:56:01.554 [http-nio-8085-exec-3] INFO  c.w.o.aspect.LoggingAspect - << EXIT:  OrderControllerImpl.getOrdersByClientId() returned = <200 OK OK,[OrderResponseDTO(orderId=2, clientId=2, securityId=3, side=SUBSCRIBE, quantity=500, priceType=NAV, limitPrice=null, orderDate=2025-01-17T11:00, status=FILLED, routedVenue=SIMULATED_MF_PLATFORM), OrderResponseDTO(orderId=7, clientId=2, securityId=4, side=SELL, quantity=100, priceType=MARKET, limitPrice=null, orderDate=2025-03-01T09:30, status=ROUTED, routedVenue=SIMULATED_NSE)],[]> | executed in 21 ms
2026-05-01 20:56:01.588 [http-nio-8085-exec-5] INFO  c.w.o.aspect.LoggingAspect - >> ENTER: OrderControllerImpl.getOrdersByClientId() with arguments = [2, ROLE_CLIENT, 2]
2026-05-01 20:56:01.596 [http-nio-8085-exec-5] INFO  c.w.o.aspect.LoggingAspect - >> ENTER: OrderServiceImpl.getOrdersByClientId() with arguments = [2]
2026-05-01 20:56:01.606 [http-nio-8085-exec-5] INFO  c.w.o.aspect.LoggingAspect - << EXIT:  OrderServiceImpl.getOrdersByClientId() returned = [OrderResponseDTO(orderId=2, clientId=2, securityId=3, side=SUBSCRIBE, quantity=500, priceType=NAV, limitPrice=null, orderDate=2025-01-17T11:00, status=FILLED, routedVenue=SIMULATED_MF_PLATFORM), OrderResponseDTO(orderId=7, clientId=2, securityId=4, side=SELL, quantity=100, priceType=MARKET, limitPrice=null, orderDate=2025-03-01T09:30, status=ROUTED, routedVenue=SIMULATED_NSE)] | executed in 10 ms
2026-05-01 20:56:01.608 [http-nio-8085-exec-5] INFO  c.w.o.aspect.LoggingAspect - << EXIT:  OrderControllerImpl.getOrdersByClientId() returned = <200 OK OK,[OrderResponseDTO(orderId=2, clientId=2, securityId=3, side=SUBSCRIBE, quantity=500, priceType=NAV, limitPrice=null, orderDate=2025-01-17T11:00, status=FILLED, routedVenue=SIMULATED_MF_PLATFORM), OrderResponseDTO(orderId=7, clientId=2, securityId=4, side=SELL, quantity=100, priceType=MARKET, limitPrice=null, orderDate=2025-03-01T09:30, status=ROUTED, routedVenue=SIMULATED_NSE)],[]> | executed in 20 ms
2026-05-01 20:56:21.620 [http-nio-8085-exec-6] INFO  c.w.o.aspect.LoggingAspect - >> ENTER: OrderControllerImpl.getOrdersByClientId() with arguments = [2, ROLE_CLIENT, 2]
2026-05-01 20:56:21.620 [http-nio-8085-exec-6] INFO  c.w.o.aspect.LoggingAspect - >> ENTER: OrderServiceImpl.getOrdersByClientId() with arguments = [2]
2026-05-01 20:56:21.632 [http-nio-8085-exec-6] INFO  c.w.o.aspect.LoggingAspect - << EXIT:  OrderServiceImpl.getOrdersByClientId() returned = [OrderResponseDTO(orderId=2, clientId=2, securityId=3, side=SUBSCRIBE, quantity=500, priceType=NAV, limitPrice=null, orderDate=2025-01-17T11:00, status=FILLED, routedVenue=SIMULATED_MF_PLATFORM), OrderResponseDTO(orderId=7, clientId=2, securityId=4, side=SELL, quantity=100, priceType=MARKET, limitPrice=null, orderDate=2025-03-01T09:30, status=ROUTED, routedVenue=SIMULATED_NSE)] | executed in 12 ms
2026-05-01 20:56:21.632 [http-nio-8085-exec-6] INFO  c.w.o.aspect.LoggingAspect - << EXIT:  OrderControllerImpl.getOrdersByClientId() returned = <200 OK OK,[OrderResponseDTO(orderId=2, clientId=2, securityId=3, side=SUBSCRIBE, quantity=500, priceType=NAV, limitPrice=null, orderDate=2025-01-17T11:00, status=FILLED, routedVenue=SIMULATED_MF_PLATFORM), OrderResponseDTO(orderId=7, clientId=2, securityId=4, side=SELL, quantity=100, priceType=MARKET, limitPrice=null, orderDate=2025-03-01T09:30, status=ROUTED, routedVenue=SIMULATED_NSE)],[]> | executed in 12 ms
2026-05-01 20:56:21.664 [http-nio-8085-exec-8] INFO  c.w.o.aspect.LoggingAspect - >> ENTER: OrderControllerImpl.getOrdersByClientId() with arguments = [2, ROLE_CLIENT, 2]
2026-05-01 20:56:21.667 [http-nio-8085-exec-8] INFO  c.w.o.aspect.LoggingAspect - >> ENTER: OrderServiceImpl.getOrdersByClientId() with arguments = [2]
2026-05-01 20:56:21.671 [http-nio-8085-exec-8] INFO  c.w.o.aspect.LoggingAspect - << EXIT:  OrderServiceImpl.getOrdersByClientId() returned = [OrderResponseDTO(orderId=2, clientId=2, securityId=3, side=SUBSCRIBE, quantity=500, priceType=NAV, limitPrice=null, orderDate=2025-01-17T11:00, status=FILLED, routedVenue=SIMULATED_MF_PLATFORM), OrderResponseDTO(orderId=7, clientId=2, securityId=4, side=SELL, quantity=100, priceType=MARKET, limitPrice=null, orderDate=2025-03-01T09:30, status=ROUTED, routedVenue=SIMULATED_NSE)] | executed in 4 ms
2026-05-01 20:56:21.671 [http-nio-8085-exec-8] INFO  c.w.o.aspect.LoggingAspect - << EXIT:  OrderControllerImpl.getOrdersByClientId() returned = <200 OK OK,[OrderResponseDTO(orderId=2, clientId=2, securityId=3, side=SUBSCRIBE, quantity=500, priceType=NAV, limitPrice=null, orderDate=2025-01-17T11:00, status=FILLED, routedVenue=SIMULATED_MF_PLATFORM), OrderResponseDTO(orderId=7, clientId=2, securityId=4, side=SELL, quantity=100, priceType=MARKET, limitPrice=null, orderDate=2025-03-01T09:30, status=ROUTED, routedVenue=SIMULATED_NSE)],[]> | executed in 7 ms
2026-05-01 20:56:47.280 [http-nio-8085-exec-1] INFO  c.w.o.aspect.LoggingAspect - >> ENTER: OrderControllerImpl.getOrdersByClientId() with arguments = [2, ROLE_CLIENT, 2]
2026-05-01 20:56:47.280 [http-nio-8085-exec-1] INFO  c.w.o.aspect.LoggingAspect - >> ENTER: OrderServiceImpl.getOrdersByClientId() with arguments = [2]
2026-05-01 20:56:47.296 [http-nio-8085-exec-1] INFO  c.w.o.aspect.LoggingAspect - << EXIT:  OrderServiceImpl.getOrdersByClientId() returned = [OrderResponseDTO(orderId=2, clientId=2, securityId=3, side=SUBSCRIBE, quantity=500, priceType=NAV, limitPrice=null, orderDate=2025-01-17T11:00, status=FILLED, routedVenue=SIMULATED_MF_PLATFORM), OrderResponseDTO(orderId=7, clientId=2, securityId=4, side=SELL, quantity=100, priceType=MARKET, limitPrice=null, orderDate=2025-03-01T09:30, status=ROUTED, routedVenue=SIMULATED_NSE)] | executed in 16 ms
2026-05-01 20:56:47.296 [http-nio-8085-exec-1] INFO  c.w.o.aspect.LoggingAspect - << EXIT:  OrderControllerImpl.getOrdersByClientId() returned = <200 OK OK,[OrderResponseDTO(orderId=2, clientId=2, securityId=3, side=SUBSCRIBE, quantity=500, priceType=NAV, limitPrice=null, orderDate=2025-01-17T11:00, status=FILLED, routedVenue=SIMULATED_MF_PLATFORM), OrderResponseDTO(orderId=7, clientId=2, securityId=4, side=SELL, quantity=100, priceType=MARKET, limitPrice=null, orderDate=2025-03-01T09:30, status=ROUTED, routedVenue=SIMULATED_NSE)],[]> | executed in 16 ms
2026-05-01 20:56:47.327 [http-nio-8085-exec-10] INFO  c.w.o.aspect.LoggingAspect - >> ENTER: OrderControllerImpl.getOrdersByClientId() with arguments = [2, ROLE_CLIENT, 2]
2026-05-01 20:56:47.333 [http-nio-8085-exec-10] INFO  c.w.o.aspect.LoggingAspect - >> ENTER: OrderServiceImpl.getOrdersByClientId() with arguments = [2]
2026-05-01 20:56:47.348 [http-nio-8085-exec-10] INFO  c.w.o.aspect.LoggingAspect - << EXIT:  OrderServiceImpl.getOrdersByClientId() returned = [OrderResponseDTO(orderId=2, clientId=2, securityId=3, side=SUBSCRIBE, quantity=500, priceType=NAV, limitPrice=null, orderDate=2025-01-17T11:00, status=FILLED, routedVenue=SIMULATED_MF_PLATFORM), OrderResponseDTO(orderId=7, clientId=2, securityId=4, side=SELL, quantity=100, priceType=MARKET, limitPrice=null, orderDate=2025-03-01T09:30, status=ROUTED, routedVenue=SIMULATED_NSE)] | executed in 15 ms
2026-05-01 20:56:47.348 [http-nio-8085-exec-10] INFO  c.w.o.aspect.LoggingAspect - << EXIT:  OrderControllerImpl.getOrdersByClientId() returned = <200 OK OK,[OrderResponseDTO(orderId=2, clientId=2, securityId=3, side=SUBSCRIBE, quantity=500, priceType=NAV, limitPrice=null, orderDate=2025-01-17T11:00, status=FILLED, routedVenue=SIMULATED_MF_PLATFORM), OrderResponseDTO(orderId=7, clientId=2, securityId=4, side=SELL, quantity=100, priceType=MARKET, limitPrice=null, orderDate=2025-03-01T09:30, status=ROUTED, routedVenue=SIMULATED_NSE)],[]> | executed in 21 ms
2026-05-01 20:57:19.565 [http-nio-8085-exec-5] INFO  c.w.o.aspect.LoggingAspect - >> ENTER: OrderControllerImpl.getOrdersByClientId() with arguments = [2, ROLE_CLIENT, 2]
2026-05-01 20:57:19.569 [http-nio-8085-exec-5] INFO  c.w.o.aspect.LoggingAspect - >> ENTER: OrderServiceImpl.getOrdersByClientId() with arguments = [2]
2026-05-01 20:57:19.582 [http-nio-8085-exec-5] INFO  c.w.o.aspect.LoggingAspect - << EXIT:  OrderServiceImpl.getOrdersByClientId() returned = [OrderResponseDTO(orderId=2, clientId=2, securityId=3, side=SUBSCRIBE, quantity=500, priceType=NAV, limitPrice=null, orderDate=2025-01-17T11:00, status=FILLED, routedVenue=SIMULATED_MF_PLATFORM), OrderResponseDTO(orderId=7, clientId=2, securityId=4, side=SELL, quantity=100, priceType=MARKET, limitPrice=null, orderDate=2025-03-01T09:30, status=ROUTED, routedVenue=SIMULATED_NSE)] | executed in 11 ms
2026-05-01 20:57:19.585 [http-nio-8085-exec-5] INFO  c.w.o.aspect.LoggingAspect - << EXIT:  OrderControllerImpl.getOrdersByClientId() returned = <200 OK OK,[OrderResponseDTO(orderId=2, clientId=2, securityId=3, side=SUBSCRIBE, quantity=500, priceType=NAV, limitPrice=null, orderDate=2025-01-17T11:00, status=FILLED, routedVenue=SIMULATED_MF_PLATFORM), OrderResponseDTO(orderId=7, clientId=2, securityId=4, side=SELL, quantity=100, priceType=MARKET, limitPrice=null, orderDate=2025-03-01T09:30, status=ROUTED, routedVenue=SIMULATED_NSE)],[]> | executed in 18 ms
2026-05-01 20:57:19.612 [http-nio-8085-exec-7] INFO  c.w.o.aspect.LoggingAspect - >> ENTER: OrderControllerImpl.getOrdersByClientId() with arguments = [2, ROLE_CLIENT, 2]
2026-05-01 20:57:19.614 [http-nio-8085-exec-7] INFO  c.w.o.aspect.LoggingAspect - >> ENTER: OrderServiceImpl.getOrdersByClientId() with arguments = [2]
2026-05-01 20:57:19.625 [http-nio-8085-exec-7] INFO  c.w.o.aspect.LoggingAspect - << EXIT:  OrderServiceImpl.getOrdersByClientId() returned = [OrderResponseDTO(orderId=2, clientId=2, securityId=3, side=SUBSCRIBE, quantity=500, priceType=NAV, limitPrice=null, orderDate=2025-01-17T11:00, status=FILLED, routedVenue=SIMULATED_MF_PLATFORM), OrderResponseDTO(orderId=7, clientId=2, securityId=4, side=SELL, quantity=100, priceType=MARKET, limitPrice=null, orderDate=2025-03-01T09:30, status=ROUTED, routedVenue=SIMULATED_NSE)] | executed in 11 ms
2026-05-01 20:57:19.628 [http-nio-8085-exec-7] INFO  c.w.o.aspect.LoggingAspect - << EXIT:  OrderControllerImpl.getOrdersByClientId() returned = <200 OK OK,[OrderResponseDTO(orderId=2, clientId=2, securityId=3, side=SUBSCRIBE, quantity=500, priceType=NAV, limitPrice=null, orderDate=2025-01-17T11:00, status=FILLED, routedVenue=SIMULATED_MF_PLATFORM), OrderResponseDTO(orderId=7, clientId=2, securityId=4, side=SELL, quantity=100, priceType=MARKET, limitPrice=null, orderDate=2025-03-01T09:30, status=ROUTED, routedVenue=SIMULATED_NSE)],[]> | executed in 16 ms
2026-05-01 20:57:27.400 [http-nio-8085-exec-6] INFO  c.w.o.aspect.LoggingAspect - >> ENTER: OrderControllerImpl.getOrdersByClientId() with arguments = [2, ROLE_CLIENT, 2]
2026-05-01 20:57:27.404 [http-nio-8085-exec-6] INFO  c.w.o.aspect.LoggingAspect - >> ENTER: OrderServiceImpl.getOrdersByClientId() with arguments = [2]
2026-05-01 20:57:27.414 [http-nio-8085-exec-6] INFO  c.w.o.aspect.LoggingAspect - << EXIT:  OrderServiceImpl.getOrdersByClientId() returned = [OrderResponseDTO(orderId=2, clientId=2, securityId=3, side=SUBSCRIBE, quantity=500, priceType=NAV, limitPrice=null, orderDate=2025-01-17T11:00, status=FILLED, routedVenue=SIMULATED_MF_PLATFORM), OrderResponseDTO(orderId=7, clientId=2, securityId=4, side=SELL, quantity=100, priceType=MARKET, limitPrice=null, orderDate=2025-03-01T09:30, status=ROUTED, routedVenue=SIMULATED_NSE)] | executed in 10 ms
2026-05-01 20:57:27.416 [http-nio-8085-exec-6] INFO  c.w.o.aspect.LoggingAspect - << EXIT:  OrderControllerImpl.getOrdersByClientId() returned = <200 OK OK,[OrderResponseDTO(orderId=2, clientId=2, securityId=3, side=SUBSCRIBE, quantity=500, priceType=NAV, limitPrice=null, orderDate=2025-01-17T11:00, status=FILLED, routedVenue=SIMULATED_MF_PLATFORM), OrderResponseDTO(orderId=7, clientId=2, securityId=4, side=SELL, quantity=100, priceType=MARKET, limitPrice=null, orderDate=2025-03-01T09:30, status=ROUTED, routedVenue=SIMULATED_NSE)],[]> | executed in 16 ms
2026-05-01 20:57:27.443 [http-nio-8085-exec-8] INFO  c.w.o.aspect.LoggingAspect - >> ENTER: OrderControllerImpl.getOrdersByClientId() with arguments = [2, ROLE_CLIENT, 2]
2026-05-01 20:57:27.445 [http-nio-8085-exec-8] INFO  c.w.o.aspect.LoggingAspect - >> ENTER: OrderServiceImpl.getOrdersByClientId() with arguments = [2]
2026-05-01 20:57:27.453 [http-nio-8085-exec-8] INFO  c.w.o.aspect.LoggingAspect - << EXIT:  OrderServiceImpl.getOrdersByClientId() returned = [OrderResponseDTO(orderId=2, clientId=2, securityId=3, side=SUBSCRIBE, quantity=500, priceType=NAV, limitPrice=null, orderDate=2025-01-17T11:00, status=FILLED, routedVenue=SIMULATED_MF_PLATFORM), OrderResponseDTO(orderId=7, clientId=2, securityId=4, side=SELL, quantity=100, priceType=MARKET, limitPrice=null, orderDate=2025-03-01T09:30, status=ROUTED, routedVenue=SIMULATED_NSE)] | executed in 8 ms
2026-05-01 20:57:27.457 [http-nio-8085-exec-8] INFO  c.w.o.aspect.LoggingAspect - << EXIT:  OrderControllerImpl.getOrdersByClientId() returned = <200 OK OK,[OrderResponseDTO(orderId=2, clientId=2, securityId=3, side=SUBSCRIBE, quantity=500, priceType=NAV, limitPrice=null, orderDate=2025-01-17T11:00, status=FILLED, routedVenue=SIMULATED_MF_PLATFORM), OrderResponseDTO(orderId=7, clientId=2, securityId=4, side=SELL, quantity=100, priceType=MARKET, limitPrice=null, orderDate=2025-03-01T09:30, status=ROUTED, routedVenue=SIMULATED_NSE)],[]> | executed in 14 ms
2026-05-01 20:57:29.946 [http-nio-8085-exec-9] INFO  c.w.o.aspect.LoggingAspect - >> ENTER: OrderControllerImpl.getOrdersByClientId() with arguments = [2, ROLE_CLIENT, 2]
2026-05-01 20:57:29.948 [http-nio-8085-exec-9] INFO  c.w.o.aspect.LoggingAspect - >> ENTER: OrderServiceImpl.getOrdersByClientId() with arguments = [2]
2026-05-01 20:57:29.959 [http-nio-8085-exec-9] INFO  c.w.o.aspect.LoggingAspect - << EXIT:  OrderServiceImpl.getOrdersByClientId() returned = [OrderResponseDTO(orderId=2, clientId=2, securityId=3, side=SUBSCRIBE, quantity=500, priceType=NAV, limitPrice=null, orderDate=2025-01-17T11:00, status=FILLED, routedVenue=SIMULATED_MF_PLATFORM), OrderResponseDTO(orderId=7, clientId=2, securityId=4, side=SELL, quantity=100, priceType=MARKET, limitPrice=null, orderDate=2025-03-01T09:30, status=ROUTED, routedVenue=SIMULATED_NSE)] | executed in 11 ms
2026-05-01 20:57:29.962 [http-nio-8085-exec-9] INFO  c.w.o.aspect.LoggingAspect - << EXIT:  OrderControllerImpl.getOrdersByClientId() returned = <200 OK OK,[OrderResponseDTO(orderId=2, clientId=2, securityId=3, side=SUBSCRIBE, quantity=500, priceType=NAV, limitPrice=null, orderDate=2025-01-17T11:00, status=FILLED, routedVenue=SIMULATED_MF_PLATFORM), OrderResponseDTO(orderId=7, clientId=2, securityId=4, side=SELL, quantity=100, priceType=MARKET, limitPrice=null, orderDate=2025-03-01T09:30, status=ROUTED, routedVenue=SIMULATED_NSE)],[]> | executed in 16 ms
2026-05-01 20:57:29.992 [http-nio-8085-exec-1] INFO  c.w.o.aspect.LoggingAspect - >> ENTER: OrderControllerImpl.getOrdersByClientId() with arguments = [2, ROLE_CLIENT, 2]
2026-05-01 20:57:29.996 [http-nio-8085-exec-1] INFO  c.w.o.aspect.LoggingAspect - >> ENTER: OrderServiceImpl.getOrdersByClientId() with arguments = [2]
2026-05-01 20:57:30.008 [http-nio-8085-exec-1] INFO  c.w.o.aspect.LoggingAspect - << EXIT:  OrderServiceImpl.getOrdersByClientId() returned = [OrderResponseDTO(orderId=2, clientId=2, securityId=3, side=SUBSCRIBE, quantity=500, priceType=NAV, limitPrice=null, orderDate=2025-01-17T11:00, status=FILLED, routedVenue=SIMULATED_MF_PLATFORM), OrderResponseDTO(orderId=7, clientId=2, securityId=4, side=SELL, quantity=100, priceType=MARKET, limitPrice=null, orderDate=2025-03-01T09:30, status=ROUTED, routedVenue=SIMULATED_NSE)] | executed in 10 ms
2026-05-01 20:57:30.012 [http-nio-8085-exec-1] INFO  c.w.o.aspect.LoggingAspect - << EXIT:  OrderControllerImpl.getOrdersByClientId() returned = <200 OK OK,[OrderResponseDTO(orderId=2, clientId=2, securityId=3, side=SUBSCRIBE, quantity=500, priceType=NAV, limitPrice=null, orderDate=2025-01-17T11:00, status=FILLED, routedVenue=SIMULATED_MF_PLATFORM), OrderResponseDTO(orderId=7, clientId=2, securityId=4, side=SELL, quantity=100, priceType=MARKET, limitPrice=null, orderDate=2025-03-01T09:30, status=ROUTED, routedVenue=SIMULATED_NSE)],[]> | executed in 17 ms
2026-05-01 20:58:19.087 [AsyncResolver-bootstrap-executor-%d] INFO  c.n.d.s.r.aws.ConfigClusterResolver - Resolving eureka endpoints via configuration
2026-05-01 21:00:14.975 [http-nio-8085-exec-2] INFO  c.w.o.aspect.LoggingAspect - >> ENTER: OrderControllerImpl.getOrdersByClientId() with arguments = [2, ROLE_CLIENT, 2]
2026-05-01 21:00:14.975 [http-nio-8085-exec-2] INFO  c.w.o.aspect.LoggingAspect - >> ENTER: OrderServiceImpl.getOrdersByClientId() with arguments = [2]
2026-05-01 21:00:14.999 [http-nio-8085-exec-2] INFO  c.w.o.aspect.LoggingAspect - << EXIT:  OrderServiceImpl.getOrdersByClientId() returned = [OrderResponseDTO(orderId=2, clientId=2, securityId=3, side=SUBSCRIBE, quantity=500, priceType=NAV, limitPrice=null, orderDate=2025-01-17T11:00, status=FILLED, routedVenue=SIMULATED_MF_PLATFORM), OrderResponseDTO(orderId=7, clientId=2, securityId=4, side=SELL, quantity=100, priceType=MARKET, limitPrice=null, orderDate=2025-03-01T09:30, status=ROUTED, routedVenue=SIMULATED_NSE)] | executed in 24 ms
2026-05-01 21:00:14.999 [http-nio-8085-exec-2] INFO  c.w.o.aspect.LoggingAspect - << EXIT:  OrderControllerImpl.getOrdersByClientId() returned = <200 OK OK,[OrderResponseDTO(orderId=2, clientId=2, securityId=3, side=SUBSCRIBE, quantity=500, priceType=NAV, limitPrice=null, orderDate=2025-01-17T11:00, status=FILLED, routedVenue=SIMULATED_MF_PLATFORM), OrderResponseDTO(orderId=7, clientId=2, securityId=4, side=SELL, quantity=100, priceType=MARKET, limitPrice=null, orderDate=2025-03-01T09:30, status=ROUTED, routedVenue=SIMULATED_NSE)],[]> | executed in 24 ms
2026-05-01 21:00:15.029 [http-nio-8085-exec-4] INFO  c.w.o.aspect.LoggingAspect - >> ENTER: OrderControllerImpl.getOrdersByClientId() with arguments = [2, ROLE_CLIENT, 2]
2026-05-01 21:00:15.030 [http-nio-8085-exec-4] INFO  c.w.o.aspect.LoggingAspect - >> ENTER: OrderServiceImpl.getOrdersByClientId() with arguments = [2]
2026-05-01 21:00:15.034 [http-nio-8085-exec-4] INFO  c.w.o.aspect.LoggingAspect - << EXIT:  OrderServiceImpl.getOrdersByClientId() returned = [OrderResponseDTO(orderId=2, clientId=2, securityId=3, side=SUBSCRIBE, quantity=500, priceType=NAV, limitPrice=null, orderDate=2025-01-17T11:00, status=FILLED, routedVenue=SIMULATED_MF_PLATFORM), OrderResponseDTO(orderId=7, clientId=2, securityId=4, side=SELL, quantity=100, priceType=MARKET, limitPrice=null, orderDate=2025-03-01T09:30, status=ROUTED, routedVenue=SIMULATED_NSE)] | executed in 4 ms
2026-05-01 21:00:15.039 [http-nio-8085-exec-4] INFO  c.w.o.aspect.LoggingAspect - << EXIT:  OrderControllerImpl.getOrdersByClientId() returned = <200 OK OK,[OrderResponseDTO(orderId=2, clientId=2, securityId=3, side=SUBSCRIBE, quantity=500, priceType=NAV, limitPrice=null, orderDate=2025-01-17T11:00, status=FILLED, routedVenue=SIMULATED_MF_PLATFORM), OrderResponseDTO(orderId=7, clientId=2, securityId=4, side=SELL, quantity=100, priceType=MARKET, limitPrice=null, orderDate=2025-03-01T09:30, status=ROUTED, routedVenue=SIMULATED_NSE)],[]> | executed in 10 ms
2026-05-01 21:03:19.098 [AsyncResolver-bootstrap-executor-%d] INFO  c.n.d.s.r.aws.ConfigClusterResolver - Resolving eureka endpoints via configuration
2026-05-01 21:08:04.395 [HikariPool-1:housekeeper] WARN  com.zaxxer.hikari.pool.HikariPool - HikariPool-1 - Thread starvation or clock leap detected (housekeeper delta=1m12s220ms932µs300ns).
2026-05-01 21:12:59.328 [HikariPool-1:housekeeper] WARN  com.zaxxer.hikari.pool.HikariPool - HikariPool-1 - Thread starvation or clock leap detected (housekeeper delta=4m54s934ms632µs100ns).
2026-05-01 21:13:44.070 [AsyncResolver-bootstrap-executor-%d] INFO  c.n.d.s.r.aws.ConfigClusterResolver - Resolving eureka endpoints via configuration
2026-05-01 21:18:44.073 [AsyncResolver-bootstrap-executor-%d] INFO  c.n.d.s.r.aws.ConfigClusterResolver - Resolving eureka endpoints via configuration
2026-05-01 21:23:44.079 [AsyncResolver-bootstrap-executor-%d] INFO  c.n.d.s.r.aws.ConfigClusterResolver - Resolving eureka endpoints via configuration
2026-05-01 21:28:44.092 [AsyncResolver-bootstrap-executor-%d] INFO  c.n.d.s.r.aws.ConfigClusterResolver - Resolving eureka endpoints via configuration
2026-05-01 21:33:44.095 [AsyncResolver-bootstrap-executor-%d] INFO  c.n.d.s.r.aws.ConfigClusterResolver - Resolving eureka endpoints via configuration
2026-05-01 21:38:44.102 [AsyncResolver-bootstrap-executor-%d] INFO  c.n.d.s.r.aws.ConfigClusterResolver - Resolving eureka endpoints via configuration
2026-05-01 21:47:51.795 [HikariPool-1:housekeeper] WARN  com.zaxxer.hikari.pool.HikariPool - HikariPool-1 - Thread starvation or clock leap detected (housekeeper delta=7m51s957ms24µs800ns).
2026-05-01 21:48:03.981 [SpringApplicationShutdownHook] INFO  o.s.c.n.e.s.EurekaServiceRegistry - Unregistering application ORDER-EXECUTION-SERVICE with eureka with status DOWN
2026-05-01 21:48:03.982 [SpringApplicationShutdownHook] INFO  c.netflix.discovery.DiscoveryClient - Saw local status change event StatusChangeEvent [timestamp=1777652283982, current=DOWN, previous=UP]
2026-05-01 21:48:03.984 [DiscoveryClient-InstanceInfoReplicator-%d] INFO  c.netflix.discovery.DiscoveryClient - DiscoveryClient_ORDER-EXECUTION-SERVICE/LTIN699679.cts.com:order-execution-service:8085: registering service...
2026-05-01 21:48:03.998 [SpringApplicationShutdownHook] INFO  o.s.b.w.e.tomcat.GracefulShutdown - Commencing graceful shutdown. Waiting for active requests to complete
2026-05-01 21:48:04.039 [tomcat-shutdown] INFO  o.s.b.w.e.tomcat.GracefulShutdown - Graceful shutdown complete
2026-05-01 21:48:04.057 [DiscoveryClient-InstanceInfoReplicator-%d] INFO  c.n.d.s.t.d.RedirectingEurekaHttpClient - Request execution error. endpoint=DefaultEndpoint{ serviceUrl='http://localhost:8761/eureka/} exception=I/O error on POST request for "http://localhost:8761/eureka/apps/ORDER-EXECUTION-SERVICE": Connect to http://localhost:8761 failed: Connection refused: getsockopt stacktrace=org.springframework.web.client.ResourceAccessException: I/O error on POST request for "http://localhost:8761/eureka/apps/ORDER-EXECUTION-SERVICE": Connect to http://localhost:8761 failed: Connection refused: getsockopt
	at org.springframework.web.client.RestTemplate.createResourceAccessException(RestTemplate.java:926)
	at org.springframework.web.client.RestTemplate.doExecute(RestTemplate.java:906)
	at org.springframework.web.client.RestTemplate.execute(RestTemplate.java:841)
	at org.springframework.web.client.RestTemplate.exchange(RestTemplate.java:702)
	at org.springframework.cloud.netflix.eureka.http.RestTemplateEurekaHttpClient.register(RestTemplateEurekaHttpClient.java:87)
	at com.netflix.discovery.shared.transport.decorator.EurekaHttpClientDecorator$1.execute(EurekaHttpClientDecorator.java:59)
	at com.netflix.discovery.shared.transport.decorator.RedirectingEurekaHttpClient.execute(RedirectingEurekaHttpClient.java:91)
	at com.netflix.discovery.shared.transport.decorator.EurekaHttpClientDecorator.register(EurekaHttpClientDecorator.java:56)
	at com.netflix.discovery.shared.transport.decorator.EurekaHttpClientDecorator$1.execute(EurekaHttpClientDecorator.java:59)
	at com.netflix.discovery.shared.transport.decorator.RetryableEurekaHttpClient.execute(RetryableEurekaHttpClient.java:120)
	at com.netflix.discovery.shared.transport.decorator.EurekaHttpClientDecorator.register(EurekaHttpClientDecorator.java:56)
	at com.netflix.discovery.shared.transport.decorator.EurekaHttpClientDecorator$1.execute(EurekaHttpClientDecorator.java:59)
	at com.netflix.discovery.shared.transport.decorator.SessionedEurekaHttpClient.execute(SessionedEurekaHttpClient.java:76)
	at com.netflix.discovery.shared.transport.decorator.EurekaHttpClientDecorator.register(EurekaHttpClientDecorator.java:56)
	at com.netflix.discovery.DiscoveryClient.register(DiscoveryClient.java:828)
	at com.netflix.discovery.InstanceInfoReplicator.run(InstanceInfoReplicator.java:125)
	at com.netflix.discovery.InstanceInfoReplicator$2.run(InstanceInfoReplicator.java:105)
	at java.base/java.util.concurrent.Executors$RunnableAdapter.call(Executors.java:545)
	at java.base/java.util.concurrent.FutureTask.run(FutureTask.java:328)
	at java.base/java.util.concurrent.ScheduledThreadPoolExecutor$ScheduledFutureTask.run(ScheduledThreadPoolExecutor.java:309)
	at java.base/java.util.concurrent.ThreadPoolExecutor.runWorker(ThreadPoolExecutor.java:1095)
	at java.base/java.util.concurrent.ThreadPoolExecutor$Worker.run(ThreadPoolExecutor.java:619)
	at java.base/java.lang.Thread.run(Thread.java:1447)
Caused by: org.apache.hc.client5.http.HttpHostConnectException: Connect to http://localhost:8761 failed: Connection refused: getsockopt
	at java.base/sun.nio.ch.Net.pollConnect(Native Method)
	at java.base/sun.nio.ch.Net.pollConnectNow(Net.java:628)
	at java.base/sun.nio.ch.NioSocketImpl.timedFinishConnect(NioSocketImpl.java:533)
	at java.base/sun.nio.ch.NioSocketImpl.connect(NioSocketImpl.java:583)
	at java.base/java.net.SocksSocketImpl.connect(SocksSocketImpl.java:282)
	at java.base/java.net.Socket.connect(Socket.java:665)
	at org.apache.hc.client5.http.impl.io.DefaultHttpClientConnectionOperator.connect(DefaultHttpClientConnectionOperator.java:226)
	at org.apache.hc.client5.http.impl.io.PoolingHttpClientConnectionManager.connect(PoolingHttpClientConnectionManager.java:497)
	at org.apache.hc.client5.http.impl.classic.InternalExecRuntime.connectEndpoint(InternalExecRuntime.java:164)
	at org.apache.hc.client5.http.impl.classic.InternalExecRuntime.connectEndpoint(InternalExecRuntime.java:174)
	at org.apache.hc.client5.http.impl.classic.ConnectExec.execute(ConnectExec.java:144)
	at org.apache.hc.client5.http.impl.classic.ExecChainElement.execute(ExecChainElement.java:51)
	at org.apache.hc.client5.http.impl.classic.ProtocolExec.execute(ProtocolExec.java:195)
	at org.apache.hc.client5.http.impl.classic.ExecChainElement.execute(ExecChainElement.java:51)
	at org.apache.hc.client5.http.impl.classic.ContentCompressionExec.execute(ContentCompressionExec.java:168)
	at org.apache.hc.client5.http.impl.classic.ExecChainElement.execute(ExecChainElement.java:51)
	at org.apache.hc.client5.http.impl.classic.HttpRequestRetryExec.execute(HttpRequestRetryExec.java:112)
	at org.apache.hc.client5.http.impl.classic.ExecChainElement.execute(ExecChainElement.java:51)
	at org.apache.hc.client5.http.impl.classic.RedirectExec.execute(RedirectExec.java:110)
	at org.apache.hc.client5.http.impl.classic.ExecChainElement.execute(ExecChainElement.java:51)
	at org.apache.hc.client5.http.impl.classic.InternalHttpClient.doExecute(InternalHttpClient.java:185)
	at org.apache.hc.client5.http.impl.classic.CloseableHttpClient.execute(CloseableHttpClient.java:87)
	at org.apache.hc.client5.http.impl.classic.CloseableHttpClient.execute(CloseableHttpClient.java:55)
	at org.apache.hc.client5.http.classic.HttpClient.executeOpen(HttpClient.java:183)
	at org.springframework.http.client.HttpComponentsClientHttpRequest.executeInternal(HttpComponentsClientHttpRequest.java:99)
	at org.springframework.http.client.AbstractStreamingClientHttpRequest.executeInternal(AbstractStreamingClientHttpRequest.java:88)
	at org.springframework.http.client.AbstractClientHttpRequest.execute(AbstractClientHttpRequest.java:81)
	at org.springframework.http.client.InterceptingClientHttpRequest$InterceptingRequestExecution.execute(InterceptingClientHttpRequest.java:117)
	at org.springframework.cloud.netflix.eureka.http.RestTemplateTransportClientFactory.lambda$restTemplate$2(RestTemplateTransportClientFactory.java:145)
	at org.springframework.http.client.InterceptingClientHttpRequest$InterceptingRequestExecution.execute(InterceptingClientHttpRequest.java:88)
	at org.springframework.http.client.InterceptingClientHttpRequest.executeInternal(InterceptingClientHttpRequest.java:72)
	at org.springframework.http.client.AbstractBufferingClientHttpRequest.executeInternal(AbstractBufferingClientHttpRequest.java:48)
	at org.springframework.http.client.AbstractClientHttpRequest.execute(AbstractClientHttpRequest.java:81)
	at org.springframework.web.client.RestTemplate.doExecute(RestTemplate.java:900)
	... 21 more

2026-05-01 21:48:04.058 [DiscoveryClient-InstanceInfoReplicator-%d] WARN  c.n.d.s.t.d.RetryableEurekaHttpClient - Request execution failed with message: I/O error on POST request for "http://localhost:8761/eureka/apps/ORDER-EXECUTION-SERVICE": Connect to http://localhost:8761 failed: Connection refused: getsockopt
2026-05-01 21:48:04.061 [SpringApplicationShutdownHook] INFO  o.s.o.j.LocalContainerEntityManagerFactoryBean - Closing JPA EntityManagerFactory for persistence unit 'default'
2026-05-01 21:48:04.074 [DiscoveryClient-InstanceInfoReplicator-%d] INFO  c.n.d.s.t.d.RedirectingEurekaHttpClient - Request execution error. endpoint=DefaultEndpoint{ serviceUrl='http://localhost:8761/eureka/}, exception=I/O error on POST request for "http://localhost:8761/eureka/apps/ORDER-EXECUTION-SERVICE": Connect to http://localhost:8761 failed: Connection refused: getsockopt stacktrace=org.springframework.web.client.ResourceAccessException: I/O error on POST request for "http://localhost:8761/eureka/apps/ORDER-EXECUTION-SERVICE": Connect to http://localhost:8761 failed: Connection refused: getsockopt
	at org.springframework.web.client.RestTemplate.createResourceAccessException(RestTemplate.java:926)
	at org.springframework.web.client.RestTemplate.doExecute(RestTemplate.java:906)
	at org.springframework.web.client.RestTemplate.execute(RestTemplate.java:841)
	at org.springframework.web.client.RestTemplate.exchange(RestTemplate.java:702)
	at org.springframework.cloud.netflix.eureka.http.RestTemplateEurekaHttpClient.register(RestTemplateEurekaHttpClient.java:87)
	at com.netflix.discovery.shared.transport.decorator.EurekaHttpClientDecorator$1.execute(EurekaHttpClientDecorator.java:59)
	at com.netflix.discovery.shared.transport.decorator.RedirectingEurekaHttpClient.executeOnNewServer(RedirectingEurekaHttpClient.java:121)
	at com.netflix.discovery.shared.transport.decorator.RedirectingEurekaHttpClient.execute(RedirectingEurekaHttpClient.java:80)
	at com.netflix.discovery.shared.transport.decorator.EurekaHttpClientDecorator.register(EurekaHttpClientDecorator.java:56)
	at com.netflix.discovery.shared.transport.decorator.EurekaHttpClientDecorator$1.execute(EurekaHttpClientDecorator.java:59)
	at com.netflix.discovery.shared.transport.decorator.RetryableEurekaHttpClient.execute(RetryableEurekaHttpClient.java:120)
	at com.netflix.discovery.shared.transport.decorator.EurekaHttpClientDecorator.register(EurekaHttpClientDecorator.java:56)
	at com.netflix.discovery.shared.transport.decorator.EurekaHttpClientDecorator$1.execute(EurekaHttpClientDecorator.java:59)
	at com.netflix.discovery.shared.transport.decorator.SessionedEurekaHttpClient.execute(SessionedEurekaHttpClient.java:76)
	at com.netflix.discovery.shared.transport.decorator.EurekaHttpClientDecorator.register(EurekaHttpClientDecorator.java:56)
	at com.netflix.discovery.DiscoveryClient.register(DiscoveryClient.java:828)
	at com.netflix.discovery.InstanceInfoReplicator.run(InstanceInfoReplicator.java:125)
	at com.netflix.discovery.InstanceInfoReplicator$2.run(InstanceInfoReplicator.java:105)
	at java.base/java.util.concurrent.Executors$RunnableAdapter.call(Executors.java:545)
	at java.base/java.util.concurrent.FutureTask.run(FutureTask.java:328)
	at java.base/java.util.concurrent.ScheduledThreadPoolExecutor$ScheduledFutureTask.run(ScheduledThreadPoolExecutor.java:309)
	at java.base/java.util.concurrent.ThreadPoolExecutor.runWorker(ThreadPoolExecutor.java:1095)
	at java.base/java.util.concurrent.ThreadPoolExecutor$Worker.run(ThreadPoolExecutor.java:619)
	at java.base/java.lang.Thread.run(Thread.java:1447)
Caused by: org.apache.hc.client5.http.HttpHostConnectException: Connect to http://localhost:8761 failed: Connection refused: getsockopt
	at java.base/sun.nio.ch.Net.pollConnect(Native Method)
	at java.base/sun.nio.ch.Net.pollConnectNow(Net.java:628)
	at java.base/sun.nio.ch.NioSocketImpl.timedFinishConnect(NioSocketImpl.java:533)
	at java.base/sun.nio.ch.NioSocketImpl.connect(NioSocketImpl.java:583)
	at java.base/java.net.SocksSocketImpl.connect(SocksSocketImpl.java:282)
	at java.base/java.net.Socket.connect(Socket.java:665)
	at org.apache.hc.client5.http.impl.io.DefaultHttpClientConnectionOperator.connect(DefaultHttpClientConnectionOperator.java:226)
	at org.apache.hc.client5.http.impl.io.PoolingHttpClientConnectionManager.connect(PoolingHttpClientConnectionManager.java:497)
	at org.apache.hc.client5.http.impl.classic.InternalExecRuntime.connectEndpoint(InternalExecRuntime.java:164)
	at org.apache.hc.client5.http.impl.classic.InternalExecRuntime.connectEndpoint(InternalExecRuntime.java:174)
	at org.apache.hc.client5.http.impl.classic.ConnectExec.execute(ConnectExec.java:144)
	at org.apache.hc.client5.http.impl.classic.ExecChainElement.execute(ExecChainElement.java:51)
	at org.apache.hc.client5.http.impl.classic.ProtocolExec.execute(ProtocolExec.java:195)
	at org.apache.hc.client5.http.impl.classic.ExecChainElement.execute(ExecChainElement.java:51)
	at org.apache.hc.client5.http.impl.classic.ContentCompressionExec.execute(ContentCompressionExec.java:168)
	at org.apache.hc.client5.http.impl.classic.ExecChainElement.execute(ExecChainElement.java:51)
	at org.apache.hc.client5.http.impl.classic.HttpRequestRetryExec.execute(HttpRequestRetryExec.java:112)
	at org.apache.hc.client5.http.impl.classic.ExecChainElement.execute(ExecChainElement.java:51)
	at org.apache.hc.client5.http.impl.classic.RedirectExec.execute(RedirectExec.java:110)
	at org.apache.hc.client5.http.impl.classic.ExecChainElement.execute(ExecChainElement.java:51)
	at org.apache.hc.client5.http.impl.classic.InternalHttpClient.doExecute(InternalHttpClient.java:185)
	at org.apache.hc.client5.http.impl.classic.CloseableHttpClient.execute(CloseableHttpClient.java:87)
	at org.apache.hc.client5.http.impl.classic.CloseableHttpClient.execute(CloseableHttpClient.java:55)
	at org.apache.hc.client5.http.classic.HttpClient.executeOpen(HttpClient.java:183)
	at org.springframework.http.client.HttpComponentsClientHttpRequest.executeInternal(HttpComponentsClientHttpRequest.java:99)
	at org.springframework.http.client.AbstractStreamingClientHttpRequest.executeInternal(AbstractStreamingClientHttpRequest.java:88)
	at org.springframework.http.client.AbstractClientHttpRequest.execute(AbstractClientHttpRequest.java:81)
	at org.springframework.http.client.InterceptingClientHttpRequest$InterceptingRequestExecution.execute(InterceptingClientHttpRequest.java:117)
	at org.springframework.cloud.netflix.eureka.http.RestTemplateTransportClientFactory.lambda$restTemplate$2(RestTemplateTransportClientFactory.java:145)
	at org.springframework.http.client.InterceptingClientHttpRequest$InterceptingRequestExecution.execute(InterceptingClientHttpRequest.java:88)
	at org.springframework.http.client.InterceptingClientHttpRequest.executeInternal(InterceptingClientHttpRequest.java:72)
	at org.springframework.http.client.AbstractBufferingClientHttpRequest.executeInternal(AbstractBufferingClientHttpRequest.java:48)
	at org.springframework.http.client.AbstractClientHttpRequest.execute(AbstractClientHttpRequest.java:81)
	at org.springframework.web.client.RestTemplate.doExecute(RestTemplate.java:900)
	... 22 more

2026-05-01 21:48:04.074 [DiscoveryClient-InstanceInfoReplicator-%d] WARN  c.n.d.s.t.d.RetryableEurekaHttpClient - Request execution failed with message: I/O error on POST request for "http://localhost:8761/eureka/apps/ORDER-EXECUTION-SERVICE": Connect to http://localhost:8761 failed: Connection refused: getsockopt
2026-05-01 21:48:04.074 [DiscoveryClient-InstanceInfoReplicator-%d] WARN  c.netflix.discovery.DiscoveryClient - DiscoveryClient_ORDER-EXECUTION-SERVICE/LTIN699679.cts.com:order-execution-service:8085 - registration failed Cannot execute request on any known server
com.netflix.discovery.shared.transport.TransportException: Cannot execute request on any known server
	at com.netflix.discovery.shared.transport.decorator.RetryableEurekaHttpClient.execute(RetryableEurekaHttpClient.java:112)
	at com.netflix.discovery.shared.transport.decorator.EurekaHttpClientDecorator.register(EurekaHttpClientDecorator.java:56)
	at com.netflix.discovery.shared.transport.decorator.EurekaHttpClientDecorator$1.execute(EurekaHttpClientDecorator.java:59)
	at com.netflix.discovery.shared.transport.decorator.SessionedEurekaHttpClient.execute(SessionedEurekaHttpClient.java:76)
	at com.netflix.discovery.shared.transport.decorator.EurekaHttpClientDecorator.register(EurekaHttpClientDecorator.java:56)
	at com.netflix.discovery.DiscoveryClient.register(DiscoveryClient.java:828)
	at com.netflix.discovery.InstanceInfoReplicator.run(InstanceInfoReplicator.java:125)
	at com.netflix.discovery.InstanceInfoReplicator$2.run(InstanceInfoReplicator.java:105)
	at java.base/java.util.concurrent.Executors$RunnableAdapter.call(Executors.java:545)
	at java.base/java.util.concurrent.FutureTask.run(FutureTask.java:328)
	at java.base/java.util.concurrent.ScheduledThreadPoolExecutor$ScheduledFutureTask.run(ScheduledThreadPoolExecutor.java:309)
	at java.base/java.util.concurrent.ThreadPoolExecutor.runWorker(ThreadPoolExecutor.java:1095)
	at java.base/java.util.concurrent.ThreadPoolExecutor$Worker.run(ThreadPoolExecutor.java:619)
	at java.base/java.lang.Thread.run(Thread.java:1447)
2026-05-01 21:48:04.081 [DiscoveryClient-InstanceInfoReplicator-%d] WARN  c.n.discovery.InstanceInfoReplicator - There was a problem with the instance info replicator
com.netflix.discovery.shared.transport.TransportException: Cannot execute request on any known server
	at com.netflix.discovery.shared.transport.decorator.RetryableEurekaHttpClient.execute(RetryableEurekaHttpClient.java:112)
	at com.netflix.discovery.shared.transport.decorator.EurekaHttpClientDecorator.register(EurekaHttpClientDecorator.java:56)
	at com.netflix.discovery.shared.transport.decorator.EurekaHttpClientDecorator$1.execute(EurekaHttpClientDecorator.java:59)
	at com.netflix.discovery.shared.transport.decorator.SessionedEurekaHttpClient.execute(SessionedEurekaHttpClient.java:76)
	at com.netflix.discovery.shared.transport.decorator.EurekaHttpClientDecorator.register(EurekaHttpClientDecorator.java:56)
	at com.netflix.discovery.DiscoveryClient.register(DiscoveryClient.java:828)
	at com.netflix.discovery.InstanceInfoReplicator.run(InstanceInfoReplicator.java:125)
	at com.netflix.discovery.InstanceInfoReplicator$2.run(InstanceInfoReplicator.java:105)
	at java.base/java.util.concurrent.Executors$RunnableAdapter.call(Executors.java:545)
	at java.base/java.util.concurrent.FutureTask.run(FutureTask.java:328)
	at java.base/java.util.concurrent.ScheduledThreadPoolExecutor$ScheduledFutureTask.run(ScheduledThreadPoolExecutor.java:309)
	at java.base/java.util.concurrent.ThreadPoolExecutor.runWorker(ThreadPoolExecutor.java:1095)
	at java.base/java.util.concurrent.ThreadPoolExecutor$Worker.run(ThreadPoolExecutor.java:619)
	at java.base/java.lang.Thread.run(Thread.java:1447)
2026-05-01 21:48:04.086 [SpringApplicationShutdownHook] INFO  com.zaxxer.hikari.HikariDataSource - HikariPool-1 - Shutdown initiated...
2026-05-01 21:48:04.093 [SpringApplicationShutdownHook] INFO  com.zaxxer.hikari.HikariDataSource - HikariPool-1 - Shutdown completed.
2026-05-01 21:48:04.095 [SpringApplicationShutdownHook] INFO  c.netflix.discovery.DiscoveryClient - Shutting down DiscoveryClient ...
2026-05-01 21:48:07.097 [SpringApplicationShutdownHook] INFO  c.netflix.discovery.DiscoveryClient - Unregistering ...
2026-05-01 21:48:07.119 [SpringApplicationShutdownHook] INFO  c.n.d.s.t.d.RedirectingEurekaHttpClient - Request execution error. endpoint=DefaultEndpoint{ serviceUrl='http://localhost:8761/eureka/}, exception=I/O error on DELETE request for "http://localhost:8761/eureka/apps/ORDER-EXECUTION-SERVICE/LTIN699679.cts.com:order-execution-service:8085": Connect to http://localhost:8761 failed: Connection refused: getsockopt stacktrace=org.springframework.web.client.ResourceAccessException: I/O error on DELETE request for "http://localhost:8761/eureka/apps/ORDER-EXECUTION-SERVICE/LTIN699679.cts.com:order-execution-service:8085": Connect to http://localhost:8761 failed: Connection refused: getsockopt
	at org.springframework.web.client.RestTemplate.createResourceAccessException(RestTemplate.java:926)
	at org.springframework.web.client.RestTemplate.doExecute(RestTemplate.java:906)
	at org.springframework.web.client.RestTemplate.execute(RestTemplate.java:841)
	at org.springframework.web.client.RestTemplate.exchange(RestTemplate.java:702)
	at org.springframework.cloud.netflix.eureka.http.RestTemplateEurekaHttpClient.cancel(RestTemplateEurekaHttpClient.java:100)
	at com.netflix.discovery.shared.transport.decorator.EurekaHttpClientDecorator$2.execute(EurekaHttpClientDecorator.java:74)
	at com.netflix.discovery.shared.transport.decorator.RedirectingEurekaHttpClient.executeOnNewServer(RedirectingEurekaHttpClient.java:121)
	at com.netflix.discovery.shared.transport.decorator.RedirectingEurekaHttpClient.execute(RedirectingEurekaHttpClient.java:80)
	at com.netflix.discovery.shared.transport.decorator.EurekaHttpClientDecorator.cancel(EurekaHttpClientDecorator.java:71)
	at com.netflix.discovery.shared.transport.decorator.EurekaHttpClientDecorator$2.execute(EurekaHttpClientDecorator.java:74)
	at com.netflix.discovery.shared.transport.decorator.RetryableEurekaHttpClient.execute(RetryableEurekaHttpClient.java:120)
	at com.netflix.discovery.shared.transport.decorator.EurekaHttpClientDecorator.cancel(EurekaHttpClientDecorator.java:71)
	at com.netflix.discovery.shared.transport.decorator.EurekaHttpClientDecorator$2.execute(EurekaHttpClientDecorator.java:74)
	at com.netflix.discovery.shared.transport.decorator.SessionedEurekaHttpClient.execute(SessionedEurekaHttpClient.java:76)
	at com.netflix.discovery.shared.transport.decorator.EurekaHttpClientDecorator.cancel(EurekaHttpClientDecorator.java:71)
	at com.netflix.discovery.DiscoveryClient.unregister(DiscoveryClient.java:919)
	at com.netflix.discovery.DiscoveryClient.shutdown(DiscoveryClient.java:900)
	at java.base/jdk.internal.reflect.DirectMethodHandleAccessor.invoke(DirectMethodHandleAccessor.java:104)
	at java.base/java.lang.reflect.Method.invoke(Method.java:565)
	at org.springframework.beans.factory.annotation.InitDestroyAnnotationBeanPostProcessor$LifecycleMethod.invoke(InitDestroyAnnotationBeanPostProcessor.java:457)
	at org.springframework.beans.factory.annotation.InitDestroyAnnotationBeanPostProcessor$LifecycleMetadata.invokeDestroyMethods(InitDestroyAnnotationBeanPostProcessor.java:415)
	at org.springframework.beans.factory.annotation.InitDestroyAnnotationBeanPostProcessor.postProcessBeforeDestruction(InitDestroyAnnotationBeanPostProcessor.java:239)
	at org.springframework.beans.factory.support.DisposableBeanAdapter.destroy(DisposableBeanAdapter.java:203)
	at org.springframework.beans.factory.support.DisposableBeanAdapter.run(DisposableBeanAdapter.java:196)
	at org.springframework.cloud.context.scope.GenericScope$BeanLifecycleWrapper.destroy(GenericScope.java:387)
	at org.springframework.cloud.context.scope.GenericScope.destroy(GenericScope.java:134)
	at org.springframework.beans.factory.support.DisposableBeanAdapter.destroy(DisposableBeanAdapter.java:212)
	at org.springframework.beans.factory.support.DefaultSingletonBeanRegistry.destroyBean(DefaultSingletonBeanRegistry.java:798)
	at org.springframework.beans.factory.support.DefaultSingletonBeanRegistry.destroySingleton(DefaultSingletonBeanRegistry.java:748)
	at org.springframework.beans.factory.support.DefaultListableBeanFactory.destroySingleton(DefaultListableBeanFactory.java:1499)
	at org.springframework.beans.factory.support.DefaultSingletonBeanRegistry.destroySingletons(DefaultSingletonBeanRegistry.java:707)
	at org.springframework.beans.factory.support.DefaultListableBeanFactory.destroySingletons(DefaultListableBeanFactory.java:1492)
	at org.springframework.context.support.AbstractApplicationContext.destroyBeans(AbstractApplicationContext.java:1243)
	at org.springframework.context.support.AbstractApplicationContext.doClose(AbstractApplicationContext.java:1204)
	at org.springframework.boot.web.servlet.context.ServletWebServerApplicationContext.doClose(ServletWebServerApplicationContext.java:179)
	at org.springframework.context.support.AbstractApplicationContext.close(AbstractApplicationContext.java:1150)
	at org.springframework.boot.SpringApplicationShutdownHook.closeAndWait(SpringApplicationShutdownHook.java:147)
	at java.base/java.lang.Iterable.forEach(Iterable.java:75)
	at org.springframework.boot.SpringApplicationShutdownHook.run(SpringApplicationShutdownHook.java:116)
	at java.base/java.lang.Thread.run(Thread.java:1447)
Caused by: org.apache.hc.client5.http.HttpHostConnectException: Connect to http://localhost:8761 failed: Connection refused: getsockopt
	at java.base/sun.nio.ch.Net.pollConnect(Native Method)
	at java.base/sun.nio.ch.Net.pollConnectNow(Net.java:628)
	at java.base/sun.nio.ch.NioSocketImpl.timedFinishConnect(NioSocketImpl.java:533)
	at java.base/sun.nio.ch.NioSocketImpl.connect(NioSocketImpl.java:583)
	at java.base/java.net.SocksSocketImpl.connect(SocksSocketImpl.java:282)
	at java.base/java.net.Socket.connect(Socket.java:665)
	at org.apache.hc.client5.http.impl.io.DefaultHttpClientConnectionOperator.connect(DefaultHttpClientConnectionOperator.java:226)
	at org.apache.hc.client5.http.impl.io.PoolingHttpClientConnectionManager.connect(PoolingHttpClientConnectionManager.java:497)
	at org.apache.hc.client5.http.impl.classic.InternalExecRuntime.connectEndpoint(InternalExecRuntime.java:164)
	at org.apache.hc.client5.http.impl.classic.InternalExecRuntime.connectEndpoint(InternalExecRuntime.java:174)
	at org.apache.hc.client5.http.impl.classic.ConnectExec.execute(ConnectExec.java:144)
	at org.apache.hc.client5.http.impl.classic.ExecChainElement.execute(ExecChainElement.java:51)
	at org.apache.hc.client5.http.impl.classic.ProtocolExec.execute(ProtocolExec.java:195)
	at org.apache.hc.client5.http.impl.classic.ExecChainElement.execute(ExecChainElement.java:51)
	at org.apache.hc.client5.http.impl.classic.ContentCompressionExec.execute(ContentCompressionExec.java:168)
	at org.apache.hc.client5.http.impl.classic.ExecChainElement.execute(ExecChainElement.java:51)
	at org.apache.hc.client5.http.impl.classic.HttpRequestRetryExec.execute(HttpRequestRetryExec.java:112)
	at org.apache.hc.client5.http.impl.classic.ExecChainElement.execute(ExecChainElement.java:51)
	at org.apache.hc.client5.http.impl.classic.RedirectExec.execute(RedirectExec.java:110)
	at org.apache.hc.client5.http.impl.classic.ExecChainElement.execute(ExecChainElement.java:51)
	at org.apache.hc.client5.http.impl.classic.InternalHttpClient.doExecute(InternalHttpClient.java:185)
	at org.apache.hc.client5.http.impl.classic.CloseableHttpClient.execute(CloseableHttpClient.java:87)
	at org.apache.hc.client5.http.impl.classic.CloseableHttpClient.execute(CloseableHttpClient.java:55)
	at org.apache.hc.client5.http.classic.HttpClient.executeOpen(HttpClient.java:183)
	at org.springframework.http.client.HttpComponentsClientHttpRequest.executeInternal(HttpComponentsClientHttpRequest.java:99)
	at org.springframework.http.client.AbstractStreamingClientHttpRequest.executeInternal(AbstractStreamingClientHttpRequest.java:88)
	at org.springframework.http.client.AbstractClientHttpRequest.execute(AbstractClientHttpRequest.java:81)
	at org.springframework.http.client.InterceptingClientHttpRequest$InterceptingRequestExecution.execute(InterceptingClientHttpRequest.java:117)
	at org.springframework.cloud.netflix.eureka.http.RestTemplateTransportClientFactory.lambda$restTemplate$2(RestTemplateTransportClientFactory.java:145)
	at org.springframework.http.client.InterceptingClientHttpRequest$InterceptingRequestExecution.execute(InterceptingClientHttpRequest.java:88)
	at org.springframework.http.client.InterceptingClientHttpRequest.executeInternal(InterceptingClientHttpRequest.java:72)
	at org.springframework.http.client.AbstractBufferingClientHttpRequest.executeInternal(AbstractBufferingClientHttpRequest.java:48)
	at org.springframework.http.client.AbstractClientHttpRequest.execute(AbstractClientHttpRequest.java:81)
	at org.springframework.web.client.RestTemplate.doExecute(RestTemplate.java:900)
	... 38 more

2026-05-01 21:48:07.120 [SpringApplicationShutdownHook] WARN  c.n.d.s.t.d.RetryableEurekaHttpClient - Request execution failed with message: I/O error on DELETE request for "http://localhost:8761/eureka/apps/ORDER-EXECUTION-SERVICE/LTIN699679.cts.com:order-execution-service:8085": Connect to http://localhost:8761 failed: Connection refused: getsockopt
2026-05-01 21:48:07.120 [SpringApplicationShutdownHook] ERROR c.netflix.discovery.DiscoveryClient - DiscoveryClient_ORDER-EXECUTION-SERVICE/LTIN699679.cts.com:order-execution-service:8085 - de-registration failedCannot execute request on any known server
com.netflix.discovery.shared.transport.TransportException: Cannot execute request on any known server
	at com.netflix.discovery.shared.transport.decorator.RetryableEurekaHttpClient.execute(RetryableEurekaHttpClient.java:112)
	at com.netflix.discovery.shared.transport.decorator.EurekaHttpClientDecorator.cancel(EurekaHttpClientDecorator.java:71)
	at com.netflix.discovery.shared.transport.decorator.EurekaHttpClientDecorator$2.execute(EurekaHttpClientDecorator.java:74)
	at com.netflix.discovery.shared.transport.decorator.SessionedEurekaHttpClient.execute(SessionedEurekaHttpClient.java:76)
	at com.netflix.discovery.shared.transport.decorator.EurekaHttpClientDecorator.cancel(EurekaHttpClientDecorator.java:71)
	at com.netflix.discovery.DiscoveryClient.unregister(DiscoveryClient.java:919)
	at com.netflix.discovery.DiscoveryClient.shutdown(DiscoveryClient.java:900)
	at java.base/jdk.internal.reflect.DirectMethodHandleAccessor.invoke(DirectMethodHandleAccessor.java:104)
	at java.base/java.lang.reflect.Method.invoke(Method.java:565)
	at org.springframework.beans.factory.annotation.InitDestroyAnnotationBeanPostProcessor$LifecycleMethod.invoke(InitDestroyAnnotationBeanPostProcessor.java:457)
	at org.springframework.beans.factory.annotation.InitDestroyAnnotationBeanPostProcessor$LifecycleMetadata.invokeDestroyMethods(InitDestroyAnnotationBeanPostProcessor.java:415)
	at org.springframework.beans.factory.annotation.InitDestroyAnnotationBeanPostProcessor.postProcessBeforeDestruction(InitDestroyAnnotationBeanPostProcessor.java:239)
	at org.springframework.beans.factory.support.DisposableBeanAdapter.destroy(DisposableBeanAdapter.java:203)
	at org.springframework.beans.factory.support.DisposableBeanAdapter.run(DisposableBeanAdapter.java:196)
	at org.springframework.cloud.context.scope.GenericScope$BeanLifecycleWrapper.destroy(GenericScope.java:387)
	at org.springframework.cloud.context.scope.GenericScope.destroy(GenericScope.java:134)
	at org.springframework.beans.factory.support.DisposableBeanAdapter.destroy(DisposableBeanAdapter.java:212)
	at org.springframework.beans.factory.support.DefaultSingletonBeanRegistry.destroyBean(DefaultSingletonBeanRegistry.java:798)
	at org.springframework.beans.factory.support.DefaultSingletonBeanRegistry.destroySingleton(DefaultSingletonBeanRegistry.java:748)
	at org.springframework.beans.factory.support.DefaultListableBeanFactory.destroySingleton(DefaultListableBeanFactory.java:1499)
	at org.springframework.beans.factory.support.DefaultSingletonBeanRegistry.destroySingletons(DefaultSingletonBeanRegistry.java:707)
	at org.springframework.beans.factory.support.DefaultListableBeanFactory.destroySingletons(DefaultListableBeanFactory.java:1492)
	at org.springframework.context.support.AbstractApplicationContext.destroyBeans(AbstractApplicationContext.java:1243)
	at org.springframework.context.support.AbstractApplicationContext.doClose(AbstractApplicationContext.java:1204)
	at org.springframework.boot.web.servlet.context.ServletWebServerApplicationContext.doClose(ServletWebServerApplicationContext.java:179)
	at org.springframework.context.support.AbstractApplicationContext.close(AbstractApplicationContext.java:1150)
	at org.springframework.boot.SpringApplicationShutdownHook.closeAndWait(SpringApplicationShutdownHook.java:147)
	at java.base/java.lang.Iterable.forEach(Iterable.java:75)
	at org.springframework.boot.SpringApplicationShutdownHook.run(SpringApplicationShutdownHook.java:116)
	at java.base/java.lang.Thread.run(Thread.java:1447)
2026-05-01 21:48:07.121 [SpringApplicationShutdownHook] INFO  c.netflix.discovery.DiscoveryClient - Completed shut down of DiscoveryClient
