2026-05-02 10:06:13.505 [background-preinit] INFO  o.h.validator.internal.util.Version - HV000001: Hibernate Validator 8.0.3.Final
2026-05-02 10:06:13.613 [restartedMain] INFO  c.w.a.AnalyticsServiceApplication - Starting AnalyticsServiceApplication using Java 24.0.1 with PID 5328 (C:\Users\2478178\Downloads\WealthPro\WealthPro\Backend\analytics-service\target\classes started by 2478178 in C:\Users\2478178\Downloads\WealthPro)
2026-05-02 10:06:13.614 [restartedMain] DEBUG c.w.a.AnalyticsServiceApplication - Running with Spring Boot v3.5.11, Spring v6.2.16
2026-05-02 10:06:13.616 [restartedMain] INFO  c.w.a.AnalyticsServiceApplication - No active profile set, falling back to 1 default profile: "default"
2026-05-02 10:06:13.754 [restartedMain] INFO  o.s.b.d.e.DevToolsPropertyDefaultsPostProcessor - Devtools property defaults active! Set 'spring.devtools.add-properties' to 'false' to disable
2026-05-02 10:06:13.755 [restartedMain] INFO  o.s.b.d.e.DevToolsPropertyDefaultsPostProcessor - For additional web related logging consider setting the 'logging.level.web' property to 'DEBUG'
2026-05-02 10:06:16.769 [restartedMain] INFO  o.s.d.r.c.RepositoryConfigurationDelegate - Bootstrapping Spring Data JPA repositories in DEFAULT mode.
2026-05-02 10:06:17.167 [restartedMain] INFO  o.s.d.r.c.RepositoryConfigurationDelegate - Finished Spring Data repository scanning in 374 ms. Found 3 JPA repository interfaces.
2026-05-02 10:06:17.756 [restartedMain] INFO  o.s.cloud.context.scope.GenericScope - BeanFactory id=5a4ab00c-d08b-3174-83ae-17c38be69188
2026-05-02 10:06:19.387 [restartedMain] INFO  o.s.b.w.e.tomcat.TomcatWebServer - Tomcat initialized with port 8082 (http)
2026-05-02 10:06:19.405 [restartedMain] INFO  o.a.coyote.http11.Http11NioProtocol - Initializing ProtocolHandler ["http-nio-8082"]
2026-05-02 10:06:19.408 [restartedMain] INFO  o.a.catalina.core.StandardService - Starting service [Tomcat]
2026-05-02 10:06:19.409 [restartedMain] INFO  o.a.catalina.core.StandardEngine - Starting Servlet engine: [Apache Tomcat/10.1.52]
2026-05-02 10:06:19.521 [restartedMain] INFO  o.a.c.c.C.[Tomcat].[localhost].[/] - Initializing Spring embedded WebApplicationContext
2026-05-02 10:06:19.522 [restartedMain] INFO  o.s.b.w.s.c.ServletWebServerApplicationContext - Root WebApplicationContext: initialization completed in 5765 ms
2026-05-02 10:06:20.186 [restartedMain] INFO  o.h.jpa.internal.util.LogHelper - HHH000204: Processing PersistenceUnitInfo [name: default]
2026-05-02 10:06:20.350 [restartedMain] INFO  org.hibernate.Version - HHH000412: Hibernate ORM core version 6.6.42.Final
2026-05-02 10:06:20.460 [restartedMain] INFO  o.h.c.i.RegionFactoryInitiator - HHH000026: Second-level cache disabled
2026-05-02 10:06:21.326 [restartedMain] INFO  o.s.o.j.p.SpringPersistenceUnitInfo - No LoadTimeWeaver setup: ignoring JPA class transformer
2026-05-02 10:06:21.423 [restartedMain] INFO  com.zaxxer.hikari.HikariDataSource - HikariPool-1 - Starting...
2026-05-02 10:06:22.579 [restartedMain] INFO  com.zaxxer.hikari.pool.HikariPool - HikariPool-1 - Added connection com.mysql.cj.jdbc.ConnectionImpl@3be749e4
2026-05-02 10:06:22.584 [restartedMain] INFO  com.zaxxer.hikari.HikariDataSource - HikariPool-1 - Start completed.
2026-05-02 10:06:22.882 [restartedMain] INFO  o.hibernate.orm.connections.pooling - HHH10001005: Database info:
	Database JDBC URL [Connecting through datasource 'HikariDataSource (HikariPool-1)']
	Database driver: undefined/unknown
	Database version: 8.0.44
	Autocommit mode: undefined/unknown
	Isolation level: undefined/unknown
	Minimum pool size: undefined/unknown
	Maximum pool size: undefined/unknown
2026-05-02 10:06:25.141 [restartedMain] INFO  o.h.e.t.j.p.i.JtaPlatformInitiator - HHH000489: No JTA platform available (set 'hibernate.transaction.jta.platform' to enable JTA platform integration)
2026-05-02 10:06:25.325 [restartedMain] INFO  o.s.o.j.LocalContainerEntityManagerFactoryBean - Initialized JPA EntityManagerFactory for persistence unit 'default'
2026-05-02 10:06:26.981 [restartedMain] WARN  o.s.b.a.o.j.JpaBaseConfiguration$JpaWebConfiguration - spring.jpa.open-in-view is enabled by default. Therefore, database queries may be performed during view rendering. Explicitly configure spring.jpa.open-in-view to disable this warning
2026-05-02 10:06:27.098 [restartedMain] WARN  o.s.b.d.a.OptionalLiveReloadServer - Unable to start LiveReload server
2026-05-02 10:06:27.251 [restartedMain] INFO  o.s.c.o.FeignClientFactoryBean - For 'pbor-service' URL not provided. Will try picking an instance via load-balancing.
2026-05-02 10:06:27.427 [restartedMain] INFO  o.s.c.o.FeignClientFactoryBean - For 'wealthpro-service' URL not provided. Will try picking an instance via load-balancing.
2026-05-02 10:06:27.479 [restartedMain] INFO  o.s.c.o.FeignClientFactoryBean - For 'notifications-service' URL not provided. Will try picking an instance via load-balancing.
2026-05-02 10:06:27.563 [restartedMain] INFO  o.s.c.o.FeignClientFactoryBean - For 'PBOR-SERVICE' URL not provided. Will try picking an instance via load-balancing.
2026-05-02 10:06:30.241 [restartedMain] INFO  o.s.c.n.e.c.DiscoveryClientOptionalArgsConfiguration - Eureka HTTP Client uses RestTemplate.
2026-05-02 10:06:30.318 [restartedMain] WARN  o.s.c.l.c.LoadBalancerCacheAutoConfiguration$LoadBalancerCaffeineWarnLogger - Spring Cloud LoadBalancer is currently working with the default cache. While this cache implementation is useful for development and tests, it's recommended to use Caffeine cache in production.You can switch to using Caffeine cache, by adding it and org.springframework.cache.caffeine.CaffeineCacheManager to the classpath.
2026-05-02 10:06:30.348 [restartedMain] INFO  o.s.b.a.e.web.EndpointLinksResolver - Exposing 17 endpoints beneath base path '/actuator'
2026-05-02 10:06:30.527 [restartedMain] INFO  o.s.c.n.eureka.InstanceInfoFactory - Setting initial instance status as: STARTING
2026-05-02 10:06:30.579 [restartedMain] INFO  c.netflix.discovery.DiscoveryClient - Initializing Eureka in region us-east-1
2026-05-02 10:06:30.584 [restartedMain] INFO  c.n.d.s.r.aws.ConfigClusterResolver - Resolving eureka endpoints via configuration
2026-05-02 10:06:30.599 [restartedMain] INFO  c.netflix.discovery.DiscoveryClient - Disable delta property : false
2026-05-02 10:06:30.600 [restartedMain] INFO  c.netflix.discovery.DiscoveryClient - Single vip registry refresh property : null
2026-05-02 10:06:30.600 [restartedMain] INFO  c.netflix.discovery.DiscoveryClient - Force full registry fetch : false
2026-05-02 10:06:30.600 [restartedMain] INFO  c.netflix.discovery.DiscoveryClient - Application is null : false
2026-05-02 10:06:30.600 [restartedMain] INFO  c.netflix.discovery.DiscoveryClient - Registered Applications size is zero : true
2026-05-02 10:06:30.600 [restartedMain] INFO  c.netflix.discovery.DiscoveryClient - Application version is -1: true
2026-05-02 10:06:30.601 [restartedMain] INFO  c.netflix.discovery.DiscoveryClient - Getting all instance registry info from the eureka server
2026-05-02 10:06:31.175 [restartedMain] INFO  c.netflix.discovery.DiscoveryClient - The response status is 200
2026-05-02 10:06:31.179 [restartedMain] INFO  c.netflix.discovery.DiscoveryClient - Starting heartbeat executor: renew interval is: 30
2026-05-02 10:06:31.185 [restartedMain] INFO  c.n.discovery.InstanceInfoReplicator - InstanceInfoReplicator onDemand update allowed rate per min is 4
2026-05-02 10:06:31.189 [restartedMain] INFO  c.netflix.discovery.DiscoveryClient - Discovery Client initialized at timestamp 1777696591187 with initial instances count: 1
2026-05-02 10:06:31.204 [restartedMain] INFO  o.s.c.n.e.s.EurekaServiceRegistry - Registering application ANALYTICS-SERVICE with eureka with status UP
2026-05-02 10:06:31.205 [restartedMain] INFO  c.netflix.discovery.DiscoveryClient - Saw local status change event StatusChangeEvent [timestamp=1777696591205, current=UP, previous=STARTING]
2026-05-02 10:06:31.208 [restartedMain] INFO  o.a.coyote.http11.Http11NioProtocol - Starting ProtocolHandler ["http-nio-8082"]
2026-05-02 10:06:31.209 [DiscoveryClient-InstanceInfoReplicator-%d] INFO  c.netflix.discovery.DiscoveryClient - DiscoveryClient_ANALYTICS-SERVICE/LTIN699679.cts.com:analytics-service:8082: registering service...
2026-05-02 10:06:31.260 [restartedMain] INFO  o.s.b.w.e.tomcat.TomcatWebServer - Tomcat started on port 8082 (http) with context path '/'
2026-05-02 10:06:31.262 [restartedMain] INFO  o.s.c.n.e.s.EurekaAutoServiceRegistration - Updating port to 8082
2026-05-02 10:06:31.299 [DiscoveryClient-InstanceInfoReplicator-%d] INFO  c.netflix.discovery.DiscoveryClient - DiscoveryClient_ANALYTICS-SERVICE/LTIN699679.cts.com:analytics-service:8082 - registration status: 204
2026-05-02 10:06:31.314 [restartedMain] INFO  c.w.a.AnalyticsServiceApplication - Started AnalyticsServiceApplication in 19.018 seconds (process running for 20.275)
2026-05-02 10:06:32.225 [registrationTask1] INFO  d.c.b.a.c.r.ApplicationRegistrator - Application registered itself as f7afb76d5afb
2026-05-02 10:06:32.375 [http-nio-8082-exec-1] INFO  o.a.c.c.C.[Tomcat].[localhost].[/] - Initializing Spring DispatcherServlet 'dispatcherServlet'
2026-05-02 10:06:32.376 [http-nio-8082-exec-1] INFO  o.s.web.servlet.DispatcherServlet - Initializing Servlet 'dispatcherServlet'
2026-05-02 10:06:32.379 [http-nio-8082-exec-1] INFO  o.s.web.servlet.DispatcherServlet - Completed initialization in 3 ms
2026-05-02 10:09:52.409 [http-nio-8082-exec-5] INFO  c.w.analytics.aspect.LoggingAspect - >> ENTER: AnalyticsControllerImpl.getPerformance() with arguments = [2, ROLE_CLIENT, 2]
2026-05-02 10:09:52.409 [http-nio-8082-exec-6] INFO  c.w.analytics.aspect.LoggingAspect - >> ENTER: AnalyticsControllerImpl.getRiskMeasures() with arguments = [2, ROLE_CLIENT, 2]
2026-05-02 10:09:52.679 [http-nio-8082-exec-6] INFO  c.w.analytics.aspect.LoggingAspect - >> ENTER: AnalyticsServiceImpl.getRiskMeasuresByAccountId() with arguments = [2]
2026-05-02 10:09:52.679 [http-nio-8082-exec-5] INFO  c.w.analytics.aspect.LoggingAspect - >> ENTER: AnalyticsServiceImpl.getPerformanceByAccountId() with arguments = [2]
2026-05-02 10:09:53.123 [http-nio-8082-exec-6] INFO  c.w.analytics.aspect.LoggingAspect - << EXIT:  AnalyticsServiceImpl.getRiskMeasuresByAccountId() returned = [RiskMeasureResponseDTO(measureId=5, accountId=2, measureType=VOLATILITY, measureValue=22.1, description=Higher volatility due to aggressive equity exposure, calculatedAt=2025-03-31T18:00), RiskMeasureResponseDTO(measureId=6, accountId=2, measureType=MAX_DRAWDOWN, measureValue=-18.75, description=Max drawdown for aggressive profile over 12 months, calculatedAt=2025-03-31T18:00)] | executed in 444 ms
2026-05-02 10:09:53.123 [http-nio-8082-exec-5] INFO  c.w.analytics.aspect.LoggingAspect - << EXIT:  AnalyticsServiceImpl.getPerformanceByAccountId() returned = [PerformanceRecordResponseDTO(recordId=2, accountId=2, portfolioId=2, period=DAILY, startDate=2025-03-31, endDate=2025-03-31, returnPercentage=1.95, benchmarkReturnPercentage=2.1, calculatedAt=2025-03-31T18:00), PerformanceRecordResponseDTO(recordId=7, accountId=2, portfolioId=2, period=MONTHLY, startDate=2025-03-01, endDate=2025-03-31, returnPercentage=6.75, benchmarkReturnPercentage=7.2, calculatedAt=2025-03-31T18:30)] | executed in 444 ms
2026-05-02 10:09:53.139 [http-nio-8082-exec-5] INFO  c.w.analytics.aspect.LoggingAspect - << EXIT:  AnalyticsControllerImpl.getPerformance() returned = <200 OK OK,[PerformanceRecordResponseDTO(recordId=2, accountId=2, portfolioId=2, period=DAILY, startDate=2025-03-31, endDate=2025-03-31, returnPercentage=1.95, benchmarkReturnPercentage=2.1, calculatedAt=2025-03-31T18:00), PerformanceRecordResponseDTO(recordId=7, accountId=2, portfolioId=2, period=MONTHLY, startDate=2025-03-01, endDate=2025-03-31, returnPercentage=6.75, benchmarkReturnPercentage=7.2, calculatedAt=2025-03-31T18:30)],[]> | executed in 730 ms
2026-05-02 10:09:53.139 [http-nio-8082-exec-6] INFO  c.w.analytics.aspect.LoggingAspect - << EXIT:  AnalyticsControllerImpl.getRiskMeasures() returned = <200 OK OK,[RiskMeasureResponseDTO(measureId=5, accountId=2, measureType=VOLATILITY, measureValue=22.1, description=Higher volatility due to aggressive equity exposure, calculatedAt=2025-03-31T18:00), RiskMeasureResponseDTO(measureId=6, accountId=2, measureType=MAX_DRAWDOWN, measureValue=-18.75, description=Max drawdown for aggressive profile over 12 months, calculatedAt=2025-03-31T18:00)],[]> | executed in 730 ms
2026-05-02 10:09:53.200 [http-nio-8082-exec-8] INFO  c.w.analytics.aspect.LoggingAspect - >> ENTER: AnalyticsControllerImpl.getRiskMeasures() with arguments = [2, ROLE_CLIENT, 2]
2026-05-02 10:09:53.200 [http-nio-8082-exec-7] INFO  c.w.analytics.aspect.LoggingAspect - >> ENTER: AnalyticsControllerImpl.getPerformance() with arguments = [2, ROLE_CLIENT, 2]
2026-05-02 10:09:53.220 [http-nio-8082-exec-8] INFO  c.w.analytics.aspect.LoggingAspect - << EXIT:  AnalyticsControllerImpl.getRiskMeasures() returned = <200 OK OK,[RiskMeasureResponseDTO(measureId=5, accountId=2, measureType=VOLATILITY, measureValue=22.1, description=Higher volatility due to aggressive equity exposure, calculatedAt=2025-03-31T18:00), RiskMeasureResponseDTO(measureId=6, accountId=2, measureType=MAX_DRAWDOWN, measureValue=-18.75, description=Max drawdown for aggressive profile over 12 months, calculatedAt=2025-03-31T18:00)],[]> | executed in 20 ms
2026-05-02 10:09:53.220 [http-nio-8082-exec-7] INFO  c.w.analytics.aspect.LoggingAspect - << EXIT:  AnalyticsControllerImpl.getPerformance() returned = <200 OK OK,[PerformanceRecordResponseDTO(recordId=2, accountId=2, portfolioId=2, period=DAILY, startDate=2025-03-31, endDate=2025-03-31, returnPercentage=1.95, benchmarkReturnPercentage=2.1, calculatedAt=2025-03-31T18:00), PerformanceRecordResponseDTO(recordId=7, accountId=2, portfolioId=2, period=MONTHLY, startDate=2025-03-01, endDate=2025-03-31, returnPercentage=6.75, benchmarkReturnPercentage=7.2, calculatedAt=2025-03-31T18:30)],[]> | executed in 20 ms
2026-05-02 10:11:30.612 [AsyncResolver-bootstrap-executor-%d] INFO  c.n.d.s.r.aws.ConfigClusterResolver - Resolving eureka endpoints via configuration
2026-05-02 10:16:30.616 [AsyncResolver-bootstrap-executor-%d] INFO  c.n.d.s.r.aws.ConfigClusterResolver - Resolving eureka endpoints via configuration
2026-05-02 10:21:30.662 [AsyncResolver-bootstrap-executor-%d] INFO  c.n.d.s.r.aws.ConfigClusterResolver - Resolving eureka endpoints via configuration
2026-05-02 10:26:30.666 [AsyncResolver-bootstrap-executor-%d] INFO  c.n.d.s.r.aws.ConfigClusterResolver - Resolving eureka endpoints via configuration
2026-05-02 10:31:30.671 [AsyncResolver-bootstrap-executor-%d] INFO  c.n.d.s.r.aws.ConfigClusterResolver - Resolving eureka endpoints via configuration
2026-05-02 10:36:30.688 [AsyncResolver-bootstrap-executor-%d] INFO  c.n.d.s.r.aws.ConfigClusterResolver - Resolving eureka endpoints via configuration
2026-05-02 10:37:59.172 [http-nio-8082-exec-10] INFO  c.w.analytics.aspect.LoggingAspect - >> ENTER: AnalyticsControllerImpl.getRiskMeasures() with arguments = [2, ROLE_CLIENT, 2]
2026-05-02 10:37:59.172 [http-nio-8082-exec-1] INFO  c.w.analytics.aspect.LoggingAspect - >> ENTER: AnalyticsControllerImpl.getPerformance() with arguments = [2, ROLE_CLIENT, 2]
2026-05-02 10:37:59.235 [http-nio-8082-exec-10] INFO  c.w.analytics.aspect.LoggingAspect - << EXIT:  AnalyticsControllerImpl.getRiskMeasures() returned = <200 OK OK,[RiskMeasureResponseDTO(measureId=5, accountId=2, measureType=VOLATILITY, measureValue=22.1, description=Higher volatility due to aggressive equity exposure, calculatedAt=2025-03-31T18:00), RiskMeasureResponseDTO(measureId=6, accountId=2, measureType=MAX_DRAWDOWN, measureValue=-18.75, description=Max drawdown for aggressive profile over 12 months, calculatedAt=2025-03-31T18:00)],[]> | executed in 63 ms
2026-05-02 10:37:59.235 [http-nio-8082-exec-1] INFO  c.w.analytics.aspect.LoggingAspect - << EXIT:  AnalyticsControllerImpl.getPerformance() returned = <200 OK OK,[PerformanceRecordResponseDTO(recordId=2, accountId=2, portfolioId=2, period=DAILY, startDate=2025-03-31, endDate=2025-03-31, returnPercentage=1.95, benchmarkReturnPercentage=2.1, calculatedAt=2025-03-31T18:00), PerformanceRecordResponseDTO(recordId=7, accountId=2, portfolioId=2, period=MONTHLY, startDate=2025-03-01, endDate=2025-03-31, returnPercentage=6.75, benchmarkReturnPercentage=7.2, calculatedAt=2025-03-31T18:30)],[]> | executed in 63 ms
2026-05-02 10:37:59.289 [http-nio-8082-exec-4] INFO  c.w.analytics.aspect.LoggingAspect - >> ENTER: AnalyticsControllerImpl.getPerformance() with arguments = [2, ROLE_CLIENT, 2]
2026-05-02 10:37:59.289 [http-nio-8082-exec-2] INFO  c.w.analytics.aspect.LoggingAspect - >> ENTER: AnalyticsControllerImpl.getRiskMeasures() with arguments = [2, ROLE_CLIENT, 2]
2026-05-02 10:37:59.303 [http-nio-8082-exec-2] INFO  c.w.analytics.aspect.LoggingAspect - << EXIT:  AnalyticsControllerImpl.getRiskMeasures() returned = <200 OK OK,[RiskMeasureResponseDTO(measureId=5, accountId=2, measureType=VOLATILITY, measureValue=22.1, description=Higher volatility due to aggressive equity exposure, calculatedAt=2025-03-31T18:00), RiskMeasureResponseDTO(measureId=6, accountId=2, measureType=MAX_DRAWDOWN, measureValue=-18.75, description=Max drawdown for aggressive profile over 12 months, calculatedAt=2025-03-31T18:00)],[]> | executed in 14 ms
2026-05-02 10:37:59.303 [http-nio-8082-exec-4] INFO  c.w.analytics.aspect.LoggingAspect - << EXIT:  AnalyticsControllerImpl.getPerformance() returned = <200 OK OK,[PerformanceRecordResponseDTO(recordId=2, accountId=2, portfolioId=2, period=DAILY, startDate=2025-03-31, endDate=2025-03-31, returnPercentage=1.95, benchmarkReturnPercentage=2.1, calculatedAt=2025-03-31T18:00), PerformanceRecordResponseDTO(recordId=7, accountId=2, portfolioId=2, period=MONTHLY, startDate=2025-03-01, endDate=2025-03-31, returnPercentage=6.75, benchmarkReturnPercentage=7.2, calculatedAt=2025-03-31T18:30)],[]> | executed in 14 ms
2026-05-02 10:38:26.134 [http-nio-8082-exec-7] INFO  c.w.analytics.aspect.LoggingAspect - >> ENTER: AnalyticsControllerImpl.getPerformance() with arguments = [2, ROLE_CLIENT, 2]
2026-05-02 10:38:26.134 [http-nio-8082-exec-5] INFO  c.w.analytics.aspect.LoggingAspect - >> ENTER: AnalyticsControllerImpl.getRiskMeasures() with arguments = [2, ROLE_CLIENT, 2]
2026-05-02 10:38:26.146 [http-nio-8082-exec-5] INFO  c.w.analytics.aspect.LoggingAspect - << EXIT:  AnalyticsControllerImpl.getRiskMeasures() returned = <200 OK OK,[RiskMeasureResponseDTO(measureId=5, accountId=2, measureType=VOLATILITY, measureValue=22.1, description=Higher volatility due to aggressive equity exposure, calculatedAt=2025-03-31T18:00), RiskMeasureResponseDTO(measureId=6, accountId=2, measureType=MAX_DRAWDOWN, measureValue=-18.75, description=Max drawdown for aggressive profile over 12 months, calculatedAt=2025-03-31T18:00)],[]> | executed in 12 ms
2026-05-02 10:38:26.148 [http-nio-8082-exec-7] INFO  c.w.analytics.aspect.LoggingAspect - << EXIT:  AnalyticsControllerImpl.getPerformance() returned = <200 OK OK,[PerformanceRecordResponseDTO(recordId=2, accountId=2, portfolioId=2, period=DAILY, startDate=2025-03-31, endDate=2025-03-31, returnPercentage=1.95, benchmarkReturnPercentage=2.1, calculatedAt=2025-03-31T18:00), PerformanceRecordResponseDTO(recordId=7, accountId=2, portfolioId=2, period=MONTHLY, startDate=2025-03-01, endDate=2025-03-31, returnPercentage=6.75, benchmarkReturnPercentage=7.2, calculatedAt=2025-03-31T18:30)],[]> | executed in 14 ms
2026-05-02 10:38:26.177 [http-nio-8082-exec-8] INFO  c.w.analytics.aspect.LoggingAspect - >> ENTER: AnalyticsControllerImpl.getRiskMeasures() with arguments = [2, ROLE_CLIENT, 2]
2026-05-02 10:38:26.177 [http-nio-8082-exec-9] INFO  c.w.analytics.aspect.LoggingAspect - >> ENTER: AnalyticsControllerImpl.getPerformance() with arguments = [2, ROLE_CLIENT, 2]
2026-05-02 10:38:26.196 [http-nio-8082-exec-9] INFO  c.w.analytics.aspect.LoggingAspect - << EXIT:  AnalyticsControllerImpl.getPerformance() returned = <200 OK OK,[PerformanceRecordResponseDTO(recordId=2, accountId=2, portfolioId=2, period=DAILY, startDate=2025-03-31, endDate=2025-03-31, returnPercentage=1.95, benchmarkReturnPercentage=2.1, calculatedAt=2025-03-31T18:00), PerformanceRecordResponseDTO(recordId=7, accountId=2, portfolioId=2, period=MONTHLY, startDate=2025-03-01, endDate=2025-03-31, returnPercentage=6.75, benchmarkReturnPercentage=7.2, calculatedAt=2025-03-31T18:30)],[]> | executed in 11 ms
2026-05-02 10:38:26.198 [http-nio-8082-exec-8] INFO  c.w.analytics.aspect.LoggingAspect - << EXIT:  AnalyticsControllerImpl.getRiskMeasures() returned = <200 OK OK,[RiskMeasureResponseDTO(measureId=5, accountId=2, measureType=VOLATILITY, measureValue=22.1, description=Higher volatility due to aggressive equity exposure, calculatedAt=2025-03-31T18:00), RiskMeasureResponseDTO(measureId=6, accountId=2, measureType=MAX_DRAWDOWN, measureValue=-18.75, description=Max drawdown for aggressive profile over 12 months, calculatedAt=2025-03-31T18:00)],[]> | executed in 21 ms
2026-05-02 10:41:30.700 [AsyncResolver-bootstrap-executor-%d] INFO  c.n.d.s.r.aws.ConfigClusterResolver - Resolving eureka endpoints via configuration
2026-05-02 10:42:22.217 [http-nio-8082-exec-7] INFO  c.w.analytics.aspect.LoggingAspect - >> ENTER: AnalyticsControllerImpl.getPerformance() with arguments = [2, ROLE_CLIENT, 2]
2026-05-02 10:42:22.217 [http-nio-8082-exec-5] INFO  c.w.analytics.aspect.LoggingAspect - >> ENTER: AnalyticsControllerImpl.getRiskMeasures() with arguments = [2, ROLE_CLIENT, 2]
2026-05-02 10:42:22.217 [http-nio-8082-exec-7] INFO  c.w.analytics.aspect.LoggingAspect - << EXIT:  AnalyticsControllerImpl.getPerformance() returned = <200 OK OK,[PerformanceRecordResponseDTO(recordId=2, accountId=2, portfolioId=2, period=DAILY, startDate=2025-03-31, endDate=2025-03-31, returnPercentage=1.95, benchmarkReturnPercentage=2.1, calculatedAt=2025-03-31T18:00), PerformanceRecordResponseDTO(recordId=7, accountId=2, portfolioId=2, period=MONTHLY, startDate=2025-03-01, endDate=2025-03-31, returnPercentage=6.75, benchmarkReturnPercentage=7.2, calculatedAt=2025-03-31T18:30)],[]> | executed in 0 ms
2026-05-02 10:42:22.234 [http-nio-8082-exec-5] INFO  c.w.analytics.aspect.LoggingAspect - << EXIT:  AnalyticsControllerImpl.getRiskMeasures() returned = <200 OK OK,[RiskMeasureResponseDTO(measureId=5, accountId=2, measureType=VOLATILITY, measureValue=22.1, description=Higher volatility due to aggressive equity exposure, calculatedAt=2025-03-31T18:00), RiskMeasureResponseDTO(measureId=6, accountId=2, measureType=MAX_DRAWDOWN, measureValue=-18.75, description=Max drawdown for aggressive profile over 12 months, calculatedAt=2025-03-31T18:00)],[]> | executed in 17 ms
2026-05-02 10:42:22.252 [http-nio-8082-exec-8] INFO  c.w.analytics.aspect.LoggingAspect - >> ENTER: AnalyticsControllerImpl.getPerformance() with arguments = [2, ROLE_CLIENT, 2]
2026-05-02 10:42:22.256 [http-nio-8082-exec-9] INFO  c.w.analytics.aspect.LoggingAspect - >> ENTER: AnalyticsControllerImpl.getRiskMeasures() with arguments = [2, ROLE_CLIENT, 2]
2026-05-02 10:42:22.260 [http-nio-8082-exec-8] INFO  c.w.analytics.aspect.LoggingAspect - << EXIT:  AnalyticsControllerImpl.getPerformance() returned = <200 OK OK,[PerformanceRecordResponseDTO(recordId=2, accountId=2, portfolioId=2, period=DAILY, startDate=2025-03-31, endDate=2025-03-31, returnPercentage=1.95, benchmarkReturnPercentage=2.1, calculatedAt=2025-03-31T18:00), PerformanceRecordResponseDTO(recordId=7, accountId=2, portfolioId=2, period=MONTHLY, startDate=2025-03-01, endDate=2025-03-31, returnPercentage=6.75, benchmarkReturnPercentage=7.2, calculatedAt=2025-03-31T18:30)],[]> | executed in 8 ms
2026-05-02 10:42:22.271 [http-nio-8082-exec-9] INFO  c.w.analytics.aspect.LoggingAspect - << EXIT:  AnalyticsControllerImpl.getRiskMeasures() returned = <200 OK OK,[RiskMeasureResponseDTO(measureId=5, accountId=2, measureType=VOLATILITY, measureValue=22.1, description=Higher volatility due to aggressive equity exposure, calculatedAt=2025-03-31T18:00), RiskMeasureResponseDTO(measureId=6, accountId=2, measureType=MAX_DRAWDOWN, measureValue=-18.75, description=Max drawdown for aggressive profile over 12 months, calculatedAt=2025-03-31T18:00)],[]> | executed in 15 ms
2026-05-02 10:46:30.713 [AsyncResolver-bootstrap-executor-%d] INFO  c.n.d.s.r.aws.ConfigClusterResolver - Resolving eureka endpoints via configuration
2026-05-02 10:51:30.725 [AsyncResolver-bootstrap-executor-%d] INFO  c.n.d.s.r.aws.ConfigClusterResolver - Resolving eureka endpoints via configuration
2026-05-02 10:56:30.735 [AsyncResolver-bootstrap-executor-%d] INFO  c.n.d.s.r.aws.ConfigClusterResolver - Resolving eureka endpoints via configuration
2026-05-02 11:01:30.739 [AsyncResolver-bootstrap-executor-%d] INFO  c.n.d.s.r.aws.ConfigClusterResolver - Resolving eureka endpoints via configuration
2026-05-02 11:06:30.755 [AsyncResolver-bootstrap-executor-%d] INFO  c.n.d.s.r.aws.ConfigClusterResolver - Resolving eureka endpoints via configuration
2026-05-02 11:11:30.761 [AsyncResolver-bootstrap-executor-%d] INFO  c.n.d.s.r.aws.ConfigClusterResolver - Resolving eureka endpoints via configuration
2026-05-02 11:16:30.772 [AsyncResolver-bootstrap-executor-%d] INFO  c.n.d.s.r.aws.ConfigClusterResolver - Resolving eureka endpoints via configuration
2026-05-02 11:21:30.779 [AsyncResolver-bootstrap-executor-%d] INFO  c.n.d.s.r.aws.ConfigClusterResolver - Resolving eureka endpoints via configuration
2026-05-02 11:26:30.781 [AsyncResolver-bootstrap-executor-%d] INFO  c.n.d.s.r.aws.ConfigClusterResolver - Resolving eureka endpoints via configuration
2026-05-02 11:31:30.790 [AsyncResolver-bootstrap-executor-%d] INFO  c.n.d.s.r.aws.ConfigClusterResolver - Resolving eureka endpoints via configuration
2026-05-02 11:36:30.804 [AsyncResolver-bootstrap-executor-%d] INFO  c.n.d.s.r.aws.ConfigClusterResolver - Resolving eureka endpoints via configuration
2026-05-02 11:41:30.810 [AsyncResolver-bootstrap-executor-%d] INFO  c.n.d.s.r.aws.ConfigClusterResolver - Resolving eureka endpoints via configuration
2026-05-02 11:46:30.814 [AsyncResolver-bootstrap-executor-%d] INFO  c.n.d.s.r.aws.ConfigClusterResolver - Resolving eureka endpoints via configuration
2026-05-02 11:51:30.826 [AsyncResolver-bootstrap-executor-%d] INFO  c.n.d.s.r.aws.ConfigClusterResolver - Resolving eureka endpoints via configuration
2026-05-02 11:56:30.841 [AsyncResolver-bootstrap-executor-%d] INFO  c.n.d.s.r.aws.ConfigClusterResolver - Resolving eureka endpoints via configuration
