2026-05-02 10:06:42.144 [background-preinit] INFO  o.h.validator.internal.util.Version - HV000001: Hibernate Validator 8.0.3.Final
2026-05-02 10:06:42.225 [restartedMain] INFO  c.w.o.OrderExecutionServiceApplication - Starting OrderExecutionServiceApplication using Java 24.0.1 with PID 23208 (C:\Users\2478178\Downloads\WealthPro\WealthPro\Backend\order-execution-service\target\classes started by 2478178 in C:\Users\2478178\Downloads\WealthPro)
2026-05-02 10:06:42.226 [restartedMain] DEBUG c.w.o.OrderExecutionServiceApplication - Running with Spring Boot v3.5.11, Spring v6.2.16
2026-05-02 10:06:42.228 [restartedMain] INFO  c.w.o.OrderExecutionServiceApplication - No active profile set, falling back to 1 default profile: "default"
2026-05-02 10:06:42.347 [restartedMain] INFO  o.s.b.d.e.DevToolsPropertyDefaultsPostProcessor - Devtools property defaults active! Set 'spring.devtools.add-properties' to 'false' to disable
2026-05-02 10:06:42.347 [restartedMain] INFO  o.s.b.d.e.DevToolsPropertyDefaultsPostProcessor - For additional web related logging consider setting the 'logging.level.web' property to 'DEBUG'
2026-05-02 10:06:45.469 [restartedMain] INFO  o.s.d.r.c.RepositoryConfigurationDelegate - Bootstrapping Spring Data JPA repositories in DEFAULT mode.
2026-05-02 10:06:45.852 [restartedMain] INFO  o.s.d.r.c.RepositoryConfigurationDelegate - Finished Spring Data repository scanning in 361 ms. Found 4 JPA repository interfaces.
2026-05-02 10:06:46.639 [restartedMain] INFO  o.s.cloud.context.scope.GenericScope - BeanFactory id=a69d3493-87c9-3121-9b26-ca31380a9620
2026-05-02 10:06:48.288 [restartedMain] INFO  o.s.b.w.e.tomcat.TomcatWebServer - Tomcat initialized with port 8085 (http)
2026-05-02 10:06:48.318 [restartedMain] INFO  o.a.coyote.http11.Http11NioProtocol - Initializing ProtocolHandler ["http-nio-8085"]
2026-05-02 10:06:48.323 [restartedMain] INFO  o.a.catalina.core.StandardService - Starting service [Tomcat]
2026-05-02 10:06:48.324 [restartedMain] INFO  o.a.catalina.core.StandardEngine - Starting Servlet engine: [Apache Tomcat/10.1.52]
2026-05-02 10:06:48.501 [restartedMain] INFO  o.a.c.c.C.[Tomcat].[localhost].[/] - Initializing Spring embedded WebApplicationContext
2026-05-02 10:06:48.502 [restartedMain] INFO  o.s.b.w.s.c.ServletWebServerApplicationContext - Root WebApplicationContext: initialization completed in 6154 ms
2026-05-02 10:06:49.442 [restartedMain] INFO  o.h.jpa.internal.util.LogHelper - HHH000204: Processing PersistenceUnitInfo [name: default]
2026-05-02 10:06:49.565 [restartedMain] INFO  org.hibernate.Version - HHH000412: Hibernate ORM core version 6.6.42.Final
2026-05-02 10:06:49.649 [restartedMain] INFO  o.h.c.i.RegionFactoryInitiator - HHH000026: Second-level cache disabled
2026-05-02 10:06:50.420 [restartedMain] INFO  o.s.o.j.p.SpringPersistenceUnitInfo - No LoadTimeWeaver setup: ignoring JPA class transformer
2026-05-02 10:06:50.489 [restartedMain] INFO  com.zaxxer.hikari.HikariDataSource - HikariPool-1 - Starting...
2026-05-02 10:06:51.364 [restartedMain] INFO  com.zaxxer.hikari.pool.HikariPool - HikariPool-1 - Added connection com.mysql.cj.jdbc.ConnectionImpl@697e87f4
2026-05-02 10:06:51.367 [restartedMain] INFO  com.zaxxer.hikari.HikariDataSource - HikariPool-1 - Start completed.
2026-05-02 10:06:51.570 [restartedMain] INFO  o.hibernate.orm.connections.pooling - HHH10001005: Database info:
	Database JDBC URL [Connecting through datasource 'HikariDataSource (HikariPool-1)']
	Database driver: undefined/unknown
	Database version: 8.0.44
	Autocommit mode: undefined/unknown
	Isolation level: undefined/unknown
	Minimum pool size: undefined/unknown
	Maximum pool size: undefined/unknown
2026-05-02 10:06:53.717 [restartedMain] INFO  o.h.e.t.j.p.i.JtaPlatformInitiator - HHH000489: No JTA platform available (set 'hibernate.transaction.jta.platform' to enable JTA platform integration)
2026-05-02 10:06:53.852 [restartedMain] INFO  o.s.o.j.LocalContainerEntityManagerFactoryBean - Initialized JPA EntityManagerFactory for persistence unit 'default'
2026-05-02 10:06:55.015 [restartedMain] WARN  o.s.b.a.o.j.JpaBaseConfiguration$JpaWebConfiguration - spring.jpa.open-in-view is enabled by default. Therefore, database queries may be performed during view rendering. Explicitly configure spring.jpa.open-in-view to disable this warning
2026-05-02 10:06:55.095 [restartedMain] WARN  o.s.b.d.a.OptionalLiveReloadServer - Unable to start LiveReload server
2026-05-02 10:06:55.203 [restartedMain] INFO  o.s.c.o.FeignClientFactoryBean - For 'wealthpro-service' URL not provided. Will try picking an instance via load-balancing.
2026-05-02 10:06:55.334 [restartedMain] INFO  o.s.c.o.FeignClientFactoryBean - For 'productcatalog-service' URL not provided. Will try picking an instance via load-balancing.
2026-05-02 10:06:55.379 [restartedMain] INFO  o.s.c.o.FeignClientFactoryBean - For 'pbor-service' URL not provided. Will try picking an instance via load-balancing.
2026-05-02 10:06:55.436 [restartedMain] INFO  o.s.c.o.FeignClientFactoryBean - For 'notifications-service' URL not provided. Will try picking an instance via load-balancing.
2026-05-02 10:06:57.851 [restartedMain] INFO  o.s.c.n.e.c.DiscoveryClientOptionalArgsConfiguration - Eureka HTTP Client uses RestTemplate.
2026-05-02 10:06:57.922 [restartedMain] WARN  o.s.c.l.c.LoadBalancerCacheAutoConfiguration$LoadBalancerCaffeineWarnLogger - Spring Cloud LoadBalancer is currently working with the default cache. While this cache implementation is useful for development and tests, it's recommended to use Caffeine cache in production.You can switch to using Caffeine cache, by adding it and org.springframework.cache.caffeine.CaffeineCacheManager to the classpath.
2026-05-02 10:06:57.956 [restartedMain] INFO  o.s.b.a.e.web.EndpointLinksResolver - Exposing 17 endpoints beneath base path '/actuator'
2026-05-02 10:06:58.130 [restartedMain] INFO  o.s.c.n.eureka.InstanceInfoFactory - Setting initial instance status as: STARTING
2026-05-02 10:06:58.189 [restartedMain] INFO  c.netflix.discovery.DiscoveryClient - Initializing Eureka in region us-east-1
2026-05-02 10:06:58.198 [restartedMain] INFO  c.n.d.s.r.aws.ConfigClusterResolver - Resolving eureka endpoints via configuration
2026-05-02 10:06:58.218 [restartedMain] INFO  c.netflix.discovery.DiscoveryClient - Disable delta property : false
2026-05-02 10:06:58.218 [restartedMain] INFO  c.netflix.discovery.DiscoveryClient - Single vip registry refresh property : null
2026-05-02 10:06:58.218 [restartedMain] INFO  c.netflix.discovery.DiscoveryClient - Force full registry fetch : false
2026-05-02 10:06:58.218 [restartedMain] INFO  c.netflix.discovery.DiscoveryClient - Application is null : false
2026-05-02 10:06:58.219 [restartedMain] INFO  c.netflix.discovery.DiscoveryClient - Registered Applications size is zero : true
2026-05-02 10:06:58.219 [restartedMain] INFO  c.netflix.discovery.DiscoveryClient - Application version is -1: true
2026-05-02 10:06:58.219 [restartedMain] INFO  c.netflix.discovery.DiscoveryClient - Getting all instance registry info from the eureka server
2026-05-02 10:06:58.699 [restartedMain] INFO  c.netflix.discovery.DiscoveryClient - The response status is 200
2026-05-02 10:06:58.702 [restartedMain] INFO  c.netflix.discovery.DiscoveryClient - Starting heartbeat executor: renew interval is: 30
2026-05-02 10:06:58.704 [restartedMain] INFO  c.n.discovery.InstanceInfoReplicator - InstanceInfoReplicator onDemand update allowed rate per min is 4
2026-05-02 10:06:58.707 [restartedMain] INFO  c.netflix.discovery.DiscoveryClient - Discovery Client initialized at timestamp 1777696618706 with initial instances count: 1
2026-05-02 10:06:58.717 [restartedMain] INFO  o.s.c.n.e.s.EurekaServiceRegistry - Registering application ORDER-EXECUTION-SERVICE with eureka with status UP
2026-05-02 10:06:58.718 [restartedMain] INFO  c.netflix.discovery.DiscoveryClient - Saw local status change event StatusChangeEvent [timestamp=1777696618718, current=UP, previous=STARTING]
2026-05-02 10:06:58.720 [restartedMain] INFO  o.a.coyote.http11.Http11NioProtocol - Starting ProtocolHandler ["http-nio-8085"]
2026-05-02 10:06:58.721 [DiscoveryClient-InstanceInfoReplicator-%d] INFO  c.netflix.discovery.DiscoveryClient - DiscoveryClient_ORDER-EXECUTION-SERVICE/LTIN699679.cts.com:order-execution-service:8085: registering service...
2026-05-02 10:06:58.756 [restartedMain] INFO  o.s.b.w.e.tomcat.TomcatWebServer - Tomcat started on port 8085 (http) with context path '/'
2026-05-02 10:06:58.757 [restartedMain] INFO  o.s.c.n.e.s.EurekaAutoServiceRegistration - Updating port to 8085
2026-05-02 10:06:58.795 [restartedMain] INFO  c.w.o.OrderExecutionServiceApplication - Started OrderExecutionServiceApplication in 17.817 seconds (process running for 19.511)
2026-05-02 10:06:58.802 [DiscoveryClient-InstanceInfoReplicator-%d] INFO  c.netflix.discovery.DiscoveryClient - DiscoveryClient_ORDER-EXECUTION-SERVICE/LTIN699679.cts.com:order-execution-service:8085 - registration status: 204
2026-05-02 10:06:58.972 [registrationTask1] INFO  d.c.b.a.c.r.ApplicationRegistrator - Application registered itself as 1ed5fbb40d67
2026-05-02 10:06:59.060 [http-nio-8085-exec-1] INFO  o.a.c.c.C.[Tomcat].[localhost].[/] - Initializing Spring DispatcherServlet 'dispatcherServlet'
2026-05-02 10:06:59.061 [http-nio-8085-exec-1] INFO  o.s.web.servlet.DispatcherServlet - Initializing Servlet 'dispatcherServlet'
2026-05-02 10:06:59.064 [http-nio-8085-exec-1] INFO  o.s.web.servlet.DispatcherServlet - Completed initialization in 3 ms
2026-05-02 10:09:51.473 [http-nio-8085-exec-4] INFO  c.w.o.aspect.LoggingAspect - >> ENTER: OrderControllerImpl.getOrdersByClientId() with arguments = [2, ROLE_CLIENT, 2]
2026-05-02 10:09:51.511 [http-nio-8085-exec-4] INFO  c.w.o.aspect.LoggingAspect - >> ENTER: OrderServiceImpl.getOrdersByClientId() with arguments = [2]
2026-05-02 10:09:51.916 [http-nio-8085-exec-4] INFO  c.w.o.aspect.LoggingAspect - << EXIT:  OrderServiceImpl.getOrdersByClientId() returned = [OrderResponseDTO(orderId=2, clientId=2, securityId=3, side=SUBSCRIBE, quantity=500, priceType=NAV, limitPrice=null, orderDate=2025-01-17T11:00, status=FILLED, routedVenue=SIMULATED_MF_PLATFORM), OrderResponseDTO(orderId=7, clientId=2, securityId=4, side=SELL, quantity=100, priceType=MARKET, limitPrice=null, orderDate=2025-03-01T09:30, status=ROUTED, routedVenue=SIMULATED_NSE)] | executed in 405 ms
2026-05-02 10:09:51.932 [http-nio-8085-exec-4] INFO  c.w.o.aspect.LoggingAspect - << EXIT:  OrderControllerImpl.getOrdersByClientId() returned = <200 OK OK,[OrderResponseDTO(orderId=2, clientId=2, securityId=3, side=SUBSCRIBE, quantity=500, priceType=NAV, limitPrice=null, orderDate=2025-01-17T11:00, status=FILLED, routedVenue=SIMULATED_MF_PLATFORM), OrderResponseDTO(orderId=7, clientId=2, securityId=4, side=SELL, quantity=100, priceType=MARKET, limitPrice=null, orderDate=2025-03-01T09:30, status=ROUTED, routedVenue=SIMULATED_NSE)],[]> | executed in 459 ms
2026-05-02 10:09:51.995 [http-nio-8085-exec-8] INFO  c.w.o.aspect.LoggingAspect - >> ENTER: OrderControllerImpl.getOrdersByClientId() with arguments = [2, ROLE_CLIENT, 2]
2026-05-02 10:09:51.995 [http-nio-8085-exec-8] INFO  c.w.o.aspect.LoggingAspect - >> ENTER: OrderServiceImpl.getOrdersByClientId() with arguments = [2]
2026-05-02 10:09:52.011 [http-nio-8085-exec-8] INFO  c.w.o.aspect.LoggingAspect - << EXIT:  OrderServiceImpl.getOrdersByClientId() returned = [OrderResponseDTO(orderId=2, clientId=2, securityId=3, side=SUBSCRIBE, quantity=500, priceType=NAV, limitPrice=null, orderDate=2025-01-17T11:00, status=FILLED, routedVenue=SIMULATED_MF_PLATFORM), OrderResponseDTO(orderId=7, clientId=2, securityId=4, side=SELL, quantity=100, priceType=MARKET, limitPrice=null, orderDate=2025-03-01T09:30, status=ROUTED, routedVenue=SIMULATED_NSE)] | executed in 16 ms
2026-05-02 10:09:52.011 [http-nio-8085-exec-8] INFO  c.w.o.aspect.LoggingAspect - << EXIT:  OrderControllerImpl.getOrdersByClientId() returned = <200 OK OK,[OrderResponseDTO(orderId=2, clientId=2, securityId=3, side=SUBSCRIBE, quantity=500, priceType=NAV, limitPrice=null, orderDate=2025-01-17T11:00, status=FILLED, routedVenue=SIMULATED_MF_PLATFORM), OrderResponseDTO(orderId=7, clientId=2, securityId=4, side=SELL, quantity=100, priceType=MARKET, limitPrice=null, orderDate=2025-03-01T09:30, status=ROUTED, routedVenue=SIMULATED_NSE)],[]> | executed in 16 ms
2026-05-02 10:11:58.233 [AsyncResolver-bootstrap-executor-%d] INFO  c.n.d.s.r.aws.ConfigClusterResolver - Resolving eureka endpoints via configuration
2026-05-02 10:16:58.236 [AsyncResolver-bootstrap-executor-%d] INFO  c.n.d.s.r.aws.ConfigClusterResolver - Resolving eureka endpoints via configuration
2026-05-02 10:21:58.236 [AsyncResolver-bootstrap-executor-%d] INFO  c.n.d.s.r.aws.ConfigClusterResolver - Resolving eureka endpoints via configuration
2026-05-02 10:26:58.243 [AsyncResolver-bootstrap-executor-%d] INFO  c.n.d.s.r.aws.ConfigClusterResolver - Resolving eureka endpoints via configuration
2026-05-02 10:31:58.254 [AsyncResolver-bootstrap-executor-%d] INFO  c.n.d.s.r.aws.ConfigClusterResolver - Resolving eureka endpoints via configuration
2026-05-02 10:36:58.258 [AsyncResolver-bootstrap-executor-%d] INFO  c.n.d.s.r.aws.ConfigClusterResolver - Resolving eureka endpoints via configuration
2026-05-02 10:37:58.776 [http-nio-8085-exec-8] INFO  c.w.o.aspect.LoggingAspect - >> ENTER: OrderControllerImpl.getOrdersByClientId() with arguments = [2, ROLE_CLIENT, 2]
2026-05-02 10:37:58.781 [http-nio-8085-exec-8] INFO  c.w.o.aspect.LoggingAspect - >> ENTER: OrderServiceImpl.getOrdersByClientId() with arguments = [2]
2026-05-02 10:37:58.789 [http-nio-8085-exec-8] INFO  c.w.o.aspect.LoggingAspect - << EXIT:  OrderServiceImpl.getOrdersByClientId() returned = [OrderResponseDTO(orderId=2, clientId=2, securityId=3, side=SUBSCRIBE, quantity=500, priceType=NAV, limitPrice=null, orderDate=2025-01-17T11:00, status=FILLED, routedVenue=SIMULATED_MF_PLATFORM), OrderResponseDTO(orderId=7, clientId=2, securityId=4, side=SELL, quantity=100, priceType=MARKET, limitPrice=null, orderDate=2025-03-01T09:30, status=ROUTED, routedVenue=SIMULATED_NSE)] | executed in 8 ms
2026-05-02 10:37:58.797 [http-nio-8085-exec-8] INFO  c.w.o.aspect.LoggingAspect - << EXIT:  OrderControllerImpl.getOrdersByClientId() returned = <200 OK OK,[OrderResponseDTO(orderId=2, clientId=2, securityId=3, side=SUBSCRIBE, quantity=500, priceType=NAV, limitPrice=null, orderDate=2025-01-17T11:00, status=FILLED, routedVenue=SIMULATED_MF_PLATFORM), OrderResponseDTO(orderId=7, clientId=2, securityId=4, side=SELL, quantity=100, priceType=MARKET, limitPrice=null, orderDate=2025-03-01T09:30, status=ROUTED, routedVenue=SIMULATED_NSE)],[]> | executed in 21 ms
2026-05-02 10:37:58.849 [http-nio-8085-exec-6] INFO  c.w.o.aspect.LoggingAspect - >> ENTER: OrderControllerImpl.getOrdersByClientId() with arguments = [2, ROLE_CLIENT, 2]
2026-05-02 10:37:58.851 [http-nio-8085-exec-6] INFO  c.w.o.aspect.LoggingAspect - >> ENTER: OrderServiceImpl.getOrdersByClientId() with arguments = [2]
2026-05-02 10:37:58.871 [http-nio-8085-exec-6] INFO  c.w.o.aspect.LoggingAspect - << EXIT:  OrderServiceImpl.getOrdersByClientId() returned = [OrderResponseDTO(orderId=2, clientId=2, securityId=3, side=SUBSCRIBE, quantity=500, priceType=NAV, limitPrice=null, orderDate=2025-01-17T11:00, status=FILLED, routedVenue=SIMULATED_MF_PLATFORM), OrderResponseDTO(orderId=7, clientId=2, securityId=4, side=SELL, quantity=100, priceType=MARKET, limitPrice=null, orderDate=2025-03-01T09:30, status=ROUTED, routedVenue=SIMULATED_NSE)] | executed in 20 ms
2026-05-02 10:37:58.873 [http-nio-8085-exec-6] INFO  c.w.o.aspect.LoggingAspect - << EXIT:  OrderControllerImpl.getOrdersByClientId() returned = <200 OK OK,[OrderResponseDTO(orderId=2, clientId=2, securityId=3, side=SUBSCRIBE, quantity=500, priceType=NAV, limitPrice=null, orderDate=2025-01-17T11:00, status=FILLED, routedVenue=SIMULATED_MF_PLATFORM), OrderResponseDTO(orderId=7, clientId=2, securityId=4, side=SELL, quantity=100, priceType=MARKET, limitPrice=null, orderDate=2025-03-01T09:30, status=ROUTED, routedVenue=SIMULATED_NSE)],[]> | executed in 24 ms
2026-05-02 10:38:08.597 [http-nio-8085-exec-5] INFO  c.w.o.aspect.LoggingAspect - >> ENTER: OrderControllerImpl.getOrdersByClientId() with arguments = [2, ROLE_CLIENT, 2]
2026-05-02 10:38:08.603 [http-nio-8085-exec-5] INFO  c.w.o.aspect.LoggingAspect - >> ENTER: OrderServiceImpl.getOrdersByClientId() with arguments = [2]
2026-05-02 10:38:08.617 [http-nio-8085-exec-5] INFO  c.w.o.aspect.LoggingAspect - << EXIT:  OrderServiceImpl.getOrdersByClientId() returned = [OrderResponseDTO(orderId=2, clientId=2, securityId=3, side=SUBSCRIBE, quantity=500, priceType=NAV, limitPrice=null, orderDate=2025-01-17T11:00, status=FILLED, routedVenue=SIMULATED_MF_PLATFORM), OrderResponseDTO(orderId=7, clientId=2, securityId=4, side=SELL, quantity=100, priceType=MARKET, limitPrice=null, orderDate=2025-03-01T09:30, status=ROUTED, routedVenue=SIMULATED_NSE)] | executed in 13 ms
2026-05-02 10:38:08.619 [http-nio-8085-exec-5] INFO  c.w.o.aspect.LoggingAspect - << EXIT:  OrderControllerImpl.getOrdersByClientId() returned = <200 OK OK,[OrderResponseDTO(orderId=2, clientId=2, securityId=3, side=SUBSCRIBE, quantity=500, priceType=NAV, limitPrice=null, orderDate=2025-01-17T11:00, status=FILLED, routedVenue=SIMULATED_MF_PLATFORM), OrderResponseDTO(orderId=7, clientId=2, securityId=4, side=SELL, quantity=100, priceType=MARKET, limitPrice=null, orderDate=2025-03-01T09:30, status=ROUTED, routedVenue=SIMULATED_NSE)],[]> | executed in 20 ms
2026-05-02 10:38:08.656 [http-nio-8085-exec-9] INFO  c.w.o.aspect.LoggingAspect - >> ENTER: OrderControllerImpl.getOrdersByClientId() with arguments = [2, ROLE_CLIENT, 2]
2026-05-02 10:38:08.661 [http-nio-8085-exec-9] INFO  c.w.o.aspect.LoggingAspect - >> ENTER: OrderServiceImpl.getOrdersByClientId() with arguments = [2]
2026-05-02 10:38:08.673 [http-nio-8085-exec-9] INFO  c.w.o.aspect.LoggingAspect - << EXIT:  OrderServiceImpl.getOrdersByClientId() returned = [OrderResponseDTO(orderId=2, clientId=2, securityId=3, side=SUBSCRIBE, quantity=500, priceType=NAV, limitPrice=null, orderDate=2025-01-17T11:00, status=FILLED, routedVenue=SIMULATED_MF_PLATFORM), OrderResponseDTO(orderId=7, clientId=2, securityId=4, side=SELL, quantity=100, priceType=MARKET, limitPrice=null, orderDate=2025-03-01T09:30, status=ROUTED, routedVenue=SIMULATED_NSE)] | executed in 12 ms
2026-05-02 10:38:08.677 [http-nio-8085-exec-9] INFO  c.w.o.aspect.LoggingAspect - << EXIT:  OrderControllerImpl.getOrdersByClientId() returned = <200 OK OK,[OrderResponseDTO(orderId=2, clientId=2, securityId=3, side=SUBSCRIBE, quantity=500, priceType=NAV, limitPrice=null, orderDate=2025-01-17T11:00, status=FILLED, routedVenue=SIMULATED_MF_PLATFORM), OrderResponseDTO(orderId=7, clientId=2, securityId=4, side=SELL, quantity=100, priceType=MARKET, limitPrice=null, orderDate=2025-03-01T09:30, status=ROUTED, routedVenue=SIMULATED_NSE)],[]> | executed in 21 ms
2026-05-02 10:38:26.020 [http-nio-8085-exec-1] INFO  c.w.o.aspect.LoggingAspect - >> ENTER: OrderControllerImpl.getOrdersByClientId() with arguments = [2, ROLE_CLIENT, 2]
2026-05-02 10:38:26.026 [http-nio-8085-exec-1] INFO  c.w.o.aspect.LoggingAspect - >> ENTER: OrderServiceImpl.getOrdersByClientId() with arguments = [2]
2026-05-02 10:38:26.044 [http-nio-8085-exec-1] INFO  c.w.o.aspect.LoggingAspect - << EXIT:  OrderServiceImpl.getOrdersByClientId() returned = [OrderResponseDTO(orderId=2, clientId=2, securityId=3, side=SUBSCRIBE, quantity=500, priceType=NAV, limitPrice=null, orderDate=2025-01-17T11:00, status=FILLED, routedVenue=SIMULATED_MF_PLATFORM), OrderResponseDTO(orderId=7, clientId=2, securityId=4, side=SELL, quantity=100, priceType=MARKET, limitPrice=null, orderDate=2025-03-01T09:30, status=ROUTED, routedVenue=SIMULATED_NSE)] | executed in 18 ms
2026-05-02 10:38:26.053 [http-nio-8085-exec-1] INFO  c.w.o.aspect.LoggingAspect - << EXIT:  OrderControllerImpl.getOrdersByClientId() returned = <200 OK OK,[OrderResponseDTO(orderId=2, clientId=2, securityId=3, side=SUBSCRIBE, quantity=500, priceType=NAV, limitPrice=null, orderDate=2025-01-17T11:00, status=FILLED, routedVenue=SIMULATED_MF_PLATFORM), OrderResponseDTO(orderId=7, clientId=2, securityId=4, side=SELL, quantity=100, priceType=MARKET, limitPrice=null, orderDate=2025-03-01T09:30, status=ROUTED, routedVenue=SIMULATED_NSE)],[]> | executed in 33 ms
2026-05-02 10:38:26.081 [http-nio-8085-exec-2] INFO  c.w.o.aspect.LoggingAspect - >> ENTER: OrderControllerImpl.getOrdersByClientId() with arguments = [2, ROLE_CLIENT, 2]
2026-05-02 10:38:26.085 [http-nio-8085-exec-2] INFO  c.w.o.aspect.LoggingAspect - >> ENTER: OrderServiceImpl.getOrdersByClientId() with arguments = [2]
2026-05-02 10:38:26.094 [http-nio-8085-exec-2] INFO  c.w.o.aspect.LoggingAspect - << EXIT:  OrderServiceImpl.getOrdersByClientId() returned = [OrderResponseDTO(orderId=2, clientId=2, securityId=3, side=SUBSCRIBE, quantity=500, priceType=NAV, limitPrice=null, orderDate=2025-01-17T11:00, status=FILLED, routedVenue=SIMULATED_MF_PLATFORM), OrderResponseDTO(orderId=7, clientId=2, securityId=4, side=SELL, quantity=100, priceType=MARKET, limitPrice=null, orderDate=2025-03-01T09:30, status=ROUTED, routedVenue=SIMULATED_NSE)] | executed in 9 ms
2026-05-02 10:38:26.098 [http-nio-8085-exec-2] INFO  c.w.o.aspect.LoggingAspect - << EXIT:  OrderControllerImpl.getOrdersByClientId() returned = <200 OK OK,[OrderResponseDTO(orderId=2, clientId=2, securityId=3, side=SUBSCRIBE, quantity=500, priceType=NAV, limitPrice=null, orderDate=2025-01-17T11:00, status=FILLED, routedVenue=SIMULATED_MF_PLATFORM), OrderResponseDTO(orderId=7, clientId=2, securityId=4, side=SELL, quantity=100, priceType=MARKET, limitPrice=null, orderDate=2025-03-01T09:30, status=ROUTED, routedVenue=SIMULATED_NSE)],[]> | executed in 15 ms
2026-05-02 10:41:58.266 [AsyncResolver-bootstrap-executor-%d] INFO  c.n.d.s.r.aws.ConfigClusterResolver - Resolving eureka endpoints via configuration
2026-05-02 10:42:22.091 [http-nio-8085-exec-5] INFO  c.w.o.aspect.LoggingAspect - >> ENTER: OrderControllerImpl.getOrdersByClientId() with arguments = [2, ROLE_CLIENT, 2]
2026-05-02 10:42:22.099 [http-nio-8085-exec-5] INFO  c.w.o.aspect.LoggingAspect - >> ENTER: OrderServiceImpl.getOrdersByClientId() with arguments = [2]
2026-05-02 10:42:22.105 [http-nio-8085-exec-5] INFO  c.w.o.aspect.LoggingAspect - << EXIT:  OrderServiceImpl.getOrdersByClientId() returned = [OrderResponseDTO(orderId=2, clientId=2, securityId=3, side=SUBSCRIBE, quantity=500, priceType=NAV, limitPrice=null, orderDate=2025-01-17T11:00, status=FILLED, routedVenue=SIMULATED_MF_PLATFORM), OrderResponseDTO(orderId=7, clientId=2, securityId=4, side=SELL, quantity=100, priceType=MARKET, limitPrice=null, orderDate=2025-03-01T09:30, status=ROUTED, routedVenue=SIMULATED_NSE)] | executed in 6 ms
2026-05-02 10:42:22.107 [http-nio-8085-exec-5] INFO  c.w.o.aspect.LoggingAspect - << EXIT:  OrderControllerImpl.getOrdersByClientId() returned = <200 OK OK,[OrderResponseDTO(orderId=2, clientId=2, securityId=3, side=SUBSCRIBE, quantity=500, priceType=NAV, limitPrice=null, orderDate=2025-01-17T11:00, status=FILLED, routedVenue=SIMULATED_MF_PLATFORM), OrderResponseDTO(orderId=7, clientId=2, securityId=4, side=SELL, quantity=100, priceType=MARKET, limitPrice=null, orderDate=2025-03-01T09:30, status=ROUTED, routedVenue=SIMULATED_NSE)],[]> | executed in 16 ms
2026-05-02 10:42:22.130 [http-nio-8085-exec-9] INFO  c.w.o.aspect.LoggingAspect - >> ENTER: OrderControllerImpl.getOrdersByClientId() with arguments = [2, ROLE_CLIENT, 2]
2026-05-02 10:42:22.132 [http-nio-8085-exec-9] INFO  c.w.o.aspect.LoggingAspect - >> ENTER: OrderServiceImpl.getOrdersByClientId() with arguments = [2]
2026-05-02 10:42:22.134 [http-nio-8085-exec-9] INFO  c.w.o.aspect.LoggingAspect - << EXIT:  OrderServiceImpl.getOrdersByClientId() returned = [OrderResponseDTO(orderId=2, clientId=2, securityId=3, side=SUBSCRIBE, quantity=500, priceType=NAV, limitPrice=null, orderDate=2025-01-17T11:00, status=FILLED, routedVenue=SIMULATED_MF_PLATFORM), OrderResponseDTO(orderId=7, clientId=2, securityId=4, side=SELL, quantity=100, priceType=MARKET, limitPrice=null, orderDate=2025-03-01T09:30, status=ROUTED, routedVenue=SIMULATED_NSE)] | executed in 2 ms
2026-05-02 10:42:22.134 [http-nio-8085-exec-9] INFO  c.w.o.aspect.LoggingAspect - << EXIT:  OrderControllerImpl.getOrdersByClientId() returned = <200 OK OK,[OrderResponseDTO(orderId=2, clientId=2, securityId=3, side=SUBSCRIBE, quantity=500, priceType=NAV, limitPrice=null, orderDate=2025-01-17T11:00, status=FILLED, routedVenue=SIMULATED_MF_PLATFORM), OrderResponseDTO(orderId=7, clientId=2, securityId=4, side=SELL, quantity=100, priceType=MARKET, limitPrice=null, orderDate=2025-03-01T09:30, status=ROUTED, routedVenue=SIMULATED_NSE)],[]> | executed in 4 ms
2026-05-02 10:46:58.279 [AsyncResolver-bootstrap-executor-%d] INFO  c.n.d.s.r.aws.ConfigClusterResolver - Resolving eureka endpoints via configuration
2026-05-02 10:51:58.289 [AsyncResolver-bootstrap-executor-%d] INFO  c.n.d.s.r.aws.ConfigClusterResolver - Resolving eureka endpoints via configuration
2026-05-02 10:56:58.293 [AsyncResolver-bootstrap-executor-%d] INFO  c.n.d.s.r.aws.ConfigClusterResolver - Resolving eureka endpoints via configuration
2026-05-02 11:01:58.307 [AsyncResolver-bootstrap-executor-%d] INFO  c.n.d.s.r.aws.ConfigClusterResolver - Resolving eureka endpoints via configuration
2026-05-02 11:06:58.311 [AsyncResolver-bootstrap-executor-%d] INFO  c.n.d.s.r.aws.ConfigClusterResolver - Resolving eureka endpoints via configuration
2026-05-02 11:11:58.325 [AsyncResolver-bootstrap-executor-%d] INFO  c.n.d.s.r.aws.ConfigClusterResolver - Resolving eureka endpoints via configuration
2026-05-02 11:16:58.336 [AsyncResolver-bootstrap-executor-%d] INFO  c.n.d.s.r.aws.ConfigClusterResolver - Resolving eureka endpoints via configuration
2026-05-02 11:21:58.349 [AsyncResolver-bootstrap-executor-%d] INFO  c.n.d.s.r.aws.ConfigClusterResolver - Resolving eureka endpoints via configuration
2026-05-02 11:26:58.359 [AsyncResolver-bootstrap-executor-%d] INFO  c.n.d.s.r.aws.ConfigClusterResolver - Resolving eureka endpoints via configuration
2026-05-02 11:31:58.370 [AsyncResolver-bootstrap-executor-%d] INFO  c.n.d.s.r.aws.ConfigClusterResolver - Resolving eureka endpoints via configuration
2026-05-02 11:36:58.378 [AsyncResolver-bootstrap-executor-%d] INFO  c.n.d.s.r.aws.ConfigClusterResolver - Resolving eureka endpoints via configuration
2026-05-02 11:41:58.387 [AsyncResolver-bootstrap-executor-%d] INFO  c.n.d.s.r.aws.ConfigClusterResolver - Resolving eureka endpoints via configuration
2026-05-02 11:46:58.394 [AsyncResolver-bootstrap-executor-%d] INFO  c.n.d.s.r.aws.ConfigClusterResolver - Resolving eureka endpoints via configuration
2026-05-02 11:51:58.408 [AsyncResolver-bootstrap-executor-%d] INFO  c.n.d.s.r.aws.ConfigClusterResolver - Resolving eureka endpoints via configuration
2026-05-02 11:56:58.409 [AsyncResolver-bootstrap-executor-%d] INFO  c.n.d.s.r.aws.ConfigClusterResolver - Resolving eureka endpoints via configuration
