2026-03-22 14:07:39.247 [background-preinit] INFO  o.h.validator.internal.util.Version - HV000001: Hibernate Validator 8.0.3.Final
2026-03-22 14:07:39.311 [main] INFO  c.w.o.c.OrderControllerImplTest - Starting OrderControllerImplTest using Java 24.0.1 with PID 18768 (started by 2478178 in C:\Users\2478178\OneDrive - Cognizant\Documents\WealthPro - Project\order-execution-service)
2026-03-22 14:07:39.311 [main] DEBUG c.w.o.c.OrderControllerImplTest - Running with Spring Boot v3.5.11, Spring v6.2.16
2026-03-22 14:07:39.312 [main] INFO  c.w.o.c.OrderControllerImplTest - No active profile set, falling back to 1 default profile: "default"
2026-03-22 14:07:42.989 [main] INFO  o.s.b.t.m.w.SpringBootMockServletContext - Initializing Spring TestDispatcherServlet ''
2026-03-22 14:07:42.989 [main] INFO  o.s.t.w.s.TestDispatcherServlet - Initializing Servlet ''
2026-03-22 14:07:42.992 [main] INFO  o.s.t.w.s.TestDispatcherServlet - Completed initialization in 3 ms
2026-03-22 14:07:43.048 [main] INFO  c.w.o.c.OrderControllerImplTest - Started OrderControllerImplTest in 4.776 seconds (process running for 7.358)
2026-03-22 14:27:03.235 [background-preinit] INFO  o.h.validator.internal.util.Version - HV000001: Hibernate Validator 8.0.3.Final
2026-03-22 14:27:03.285 [main] INFO  c.w.o.c.OrderControllerImplTest - Starting OrderControllerImplTest using Java 24.0.1 with PID 15112 (started by 2478178 in C:\Users\2478178\OneDrive - Cognizant\Documents\WealthPro - Project\order-execution-service)
2026-03-22 14:27:03.285 [main] DEBUG c.w.o.c.OrderControllerImplTest - Running with Spring Boot v3.5.11, Spring v6.2.16
2026-03-22 14:27:03.286 [main] INFO  c.w.o.c.OrderControllerImplTest - No active profile set, falling back to 1 default profile: "default"
2026-03-22 14:27:05.789 [main] INFO  o.s.b.t.m.w.SpringBootMockServletContext - Initializing Spring TestDispatcherServlet ''
2026-03-22 14:27:05.789 [main] INFO  o.s.t.w.s.TestDispatcherServlet - Initializing Servlet ''
2026-03-22 14:27:05.790 [main] INFO  o.s.t.w.s.TestDispatcherServlet - Completed initialization in 1 ms
2026-03-22 14:27:05.822 [main] INFO  c.w.o.c.OrderControllerImplTest - Started OrderControllerImplTest in 3.181 seconds (process running for 4.568)
2026-03-22 14:27:16.579 [background-preinit] INFO  o.h.validator.internal.util.Version - HV000001: Hibernate Validator 8.0.3.Final
2026-03-22 14:27:16.632 [main] INFO  c.w.o.c.OrderControllerImplTest - Starting OrderControllerImplTest using Java 24.0.1 with PID 24556 (started by 2478178 in C:\Users\2478178\OneDrive - Cognizant\Documents\WealthPro - Project\order-execution-service)
2026-03-22 14:27:16.633 [main] DEBUG c.w.o.c.OrderControllerImplTest - Running with Spring Boot v3.5.11, Spring v6.2.16
2026-03-22 14:27:16.634 [main] INFO  c.w.o.c.OrderControllerImplTest - No active profile set, falling back to 1 default profile: "default"
2026-03-22 14:27:19.280 [main] INFO  o.s.b.t.m.w.SpringBootMockServletContext - Initializing Spring TestDispatcherServlet ''
2026-03-22 14:27:19.280 [main] INFO  o.s.t.w.s.TestDispatcherServlet - Initializing Servlet ''
2026-03-22 14:27:19.286 [main] INFO  o.s.t.w.s.TestDispatcherServlet - Completed initialization in 6 ms
2026-03-22 14:27:19.319 [main] INFO  c.w.o.c.OrderControllerImplTest - Started OrderControllerImplTest in 3.373 seconds (process running for 4.702)
2026-03-22 14:38:22.941 [background-preinit] INFO  o.h.validator.internal.util.Version - HV000001: Hibernate Validator 8.0.3.Final
2026-03-22 14:38:23.041 [main] INFO  c.w.o.c.OrderControllerImplTest - Starting OrderControllerImplTest using Java 24.0.1 with PID 13908 (started by 2478178 in C:\Users\2478178\OneDrive - Cognizant\Documents\WealthPro - Project\order-execution-service)
2026-03-22 14:38:23.042 [main] DEBUG c.w.o.c.OrderControllerImplTest - Running with Spring Boot v3.5.11, Spring v6.2.16
2026-03-22 14:38:23.043 [main] INFO  c.w.o.c.OrderControllerImplTest - No active profile set, falling back to 1 default profile: "default"
2026-03-22 14:38:26.492 [main] INFO  o.s.b.t.m.w.SpringBootMockServletContext - Initializing Spring TestDispatcherServlet ''
2026-03-22 14:38:26.493 [main] INFO  o.s.t.w.s.TestDispatcherServlet - Initializing Servlet ''
2026-03-22 14:38:26.495 [main] INFO  o.s.t.w.s.TestDispatcherServlet - Completed initialization in 1 ms
2026-03-22 14:38:26.533 [main] INFO  c.w.o.c.OrderControllerImplTest - Started OrderControllerImplTest in 4.575 seconds (process running for 6.843)
